14:03:51,017 INFO  POSH.sys.LogBase - tesat
14:03:51,065 INFO  0          - Creating instance of behaviour POSH_StarCraftBot.behaviours.StrategyControl.
14:03:51,065 DEBUG 0          - Registering behaviour in behaviour dictionary
14:03:51,077 INFO  0          - Creating instance of behaviour POSH_StarCraftBot.Core.
14:03:51,077 DEBUG 0          - Registering behaviour in behaviour dictionary
14:03:51,079 INFO  0          - Creating instance of behaviour POSH_StarCraftBot.behaviours.UnitControl.
14:03:51,079 DEBUG 0          - Registering behaviour in behaviour dictionary
14:03:51,081 INFO  0          - Creating instance of behaviour POSH_StarCraftBot.behaviours.BuildingControl.
14:03:51,081 DEBUG 0          - Registering behaviour in behaviour dictionary
14:03:51,084 INFO  0          - Creating instance of behaviour POSH_StarCraftBot.behaviours.ResourceControl.
14:03:51,084 DEBUG 0          - Registering behaviour in behaviour dictionary
14:03:51,085 INFO  0          - Creating instance of behaviour POSH_StarCraftBot.behaviours.CombatControl.
14:03:51,085 DEBUG 0          - Registering behaviour in behaviour dictionary
14:03:51,089 DEBUG 0          - Reflecting behaviour POSH_StarCraftBot.behaviours.StrategyControl back onto agent
14:03:51,089 DEBUG 0          - Reflecting behaviour POSH_StarCraftBot.Core back onto agent
14:03:51,089 DEBUG 0          - Reflecting behaviour POSH_StarCraftBot.behaviours.UnitControl back onto agent
14:03:51,089 DEBUG 0          - Reflecting behaviour POSH_StarCraftBot.behaviours.BuildingControl back onto agent
14:03:51,089 DEBUG 0          - Reflecting behaviour POSH_StarCraftBot.behaviours.ResourceControl back onto agent
14:03:51,089 DEBUG 0          - Reflecting behaviour POSH_StarCraftBot.behaviours.CombatControl back onto agent
14:03:51,093 DEBUG 0          - Assigning attributes to behaviour Core
14:03:51,190 DEBUG 0.Sense.NaturalFound - Created
14:03:51,191 DEBUG 0.T.POSH_StarCraftBot.behaviours.StrategyControl.NaturalFound - Created
14:03:51,192 DEBUG 0.C.exploreLocal - Created
14:03:51,192 DEBUG 0.Sense.GameRunning - Created
14:03:51,192 DEBUG 0.T.POSH_StarCraftBot.behaviours.StrategyControl.GameRunning - Created
14:03:51,192 DEBUG 0.C.attackEnemy - Created
14:03:51,192 DEBUG 0.Sense.GameRunning - Created
14:03:51,192 DEBUG 0.T.POSH_StarCraftBot.behaviours.StrategyControl.GameRunning - Created
14:03:51,192 DEBUG 0.C.defendLocation - Created
14:03:51,192 DEBUG 0.Sense.GameRunning - Created
14:03:51,192 DEBUG 0.T.POSH_StarCraftBot.behaviours.StrategyControl.GameRunning - Created
14:03:51,192 DEBUG 0.C.probeHarvesting - Created
14:03:51,192 DEBUG 0.Sense.GameRunning - Created
14:03:51,192 DEBUG 0.T.POSH_StarCraftBot.behaviours.StrategyControl.GameRunning - Created
14:03:51,192 DEBUG 0.C.OneBaseSpeedZealotResearch - Created
14:03:51,192 DEBUG 0.Sense.GameRunning - Created
14:03:51,192 DEBUG 0.T.POSH_StarCraftBot.behaviours.StrategyControl.GameRunning - Created
14:03:51,192 DEBUG 0.C.OneBaseSpeedZealotForce - Created
14:03:51,192 DEBUG 0.Sense.AssimilatorCount - Created
14:03:51,192 DEBUG 0.Sense.GatewayCount - Created
14:03:51,192 DEBUG 0.Sense.CyberneticsCoreCount - Created
14:03:51,192 DEBUG 0.Sense.GameRunning - Created
14:03:51,192 DEBUG 0.T.POSH_StarCraftBot.behaviours.BuildingControl.AssimilatorCount+POSH_StarCraftBot.behaviours.BuildingControl.GatewayCount+POSH_StarCraftBot.behaviours.BuildingControl.CyberneticsCoreCount+POSH_StarCraftBot.behaviours.StrategyControl.GameRunning - Created
14:03:51,192 DEBUG 0.C.OneBaseSpeedZealotBuild - Created
14:03:51,192 DEBUG 0.Sense.GameRunning - Created
14:03:51,192 DEBUG 0.T.POSH_StarCraftBot.behaviours.StrategyControl.GameRunning - Created
14:03:51,192 DEBUG 0.C.TwoGateDarkTemplarResearch - Created
14:03:51,192 DEBUG 0.Sense.GameRunning - Created
14:03:51,192 DEBUG 0.T.POSH_StarCraftBot.behaviours.StrategyControl.GameRunning - Created
14:03:51,192 DEBUG 0.C.TwoGateDarkTemplarForce - Created
14:03:51,192 DEBUG 0.Sense.GameRunning - Created
14:03:51,192 DEBUG 0.T.POSH_StarCraftBot.behaviours.StrategyControl.GameRunning - Created
14:03:51,192 DEBUG 0.C.TerranMidGameForce - Created
14:03:51,192 DEBUG 0.Sense.GameRunning - Created
14:03:51,193 DEBUG 0.T.POSH_StarCraftBot.behaviours.StrategyControl.GameRunning - Created
14:03:51,193 DEBUG 0.C.TwoGateDarkTemplarBuild - Created
14:03:51,193 DEBUG 0.Sense.GameRunning - Created
14:03:51,193 DEBUG 0.T.POSH_StarCraftBot.behaviours.StrategyControl.GameRunning - Created
14:03:51,193 DEBUG 0.C.ObserverResearch - Created
14:03:51,193 DEBUG 0.Sense.GameRunning - Created
14:03:51,193 DEBUG 0.T.POSH_StarCraftBot.behaviours.StrategyControl.GameRunning - Created
14:03:51,193 DEBUG 0.C.FastExpandResearch - Created
14:03:51,193 DEBUG 0.Sense.GameRunning - Created
14:03:51,193 DEBUG 0.T.POSH_StarCraftBot.behaviours.StrategyControl.GameRunning - Created
14:03:51,193 DEBUG 0.C.FastExpandForce - Created
14:03:51,193 DEBUG 0.Sense.GameRunning - Created
14:03:51,193 DEBUG 0.T.POSH_StarCraftBot.behaviours.StrategyControl.GameRunning - Created
14:03:51,193 DEBUG 0.C.FastExpandBuild - Created
14:03:51,194 DEBUG 0.AP.flee  - Created
14:03:51,194 DEBUG 0.AP.idle  - Created
14:03:51,194 DEBUG 0.AP.attackZerg - Created
14:03:51,194 DEBUG 0.AP.attackTerran - Created
14:03:51,194 DEBUG 0.AP.attackProtoss - Created
14:03:51,194 DEBUG 0.AP.defendZerg - Created
14:03:51,194 DEBUG 0.AP.defendTerran - Created
14:03:51,194 DEBUG 0.AP.defendProtoss - Created
14:03:51,194 DEBUG 0.AP.naturalNexus - Created
14:03:51,194 DEBUG 0.AP.buildNexus - Created
14:03:51,194 DEBUG 0.AP.buildBasePylon - Created
14:03:51,194 DEBUG 0.AP.buildNaturalPylon - Created
14:03:51,194 DEBUG 0.AP.buildNaturalChokePylon - Created
14:03:51,194 DEBUG 0.AP.buildChokePylon - Created
14:03:51,194 DEBUG 0.AP.buildNaturalCannon - Created
14:03:51,194 DEBUG 0.AP.buildBaseCannon - Created
14:03:51,194 DEBUG 0.AP.buildNaturalChokeCannon - Created
14:03:51,194 DEBUG 0.AP.buildForge - Created
14:03:51,194 DEBUG 0.AP.buildCyberneticsCore - Created
14:03:51,194 DEBUG 0.AP.buildGateway - Created
14:03:51,194 DEBUG 0.AP.buildChokeGateway - Created
14:03:51,194 DEBUG 0.AP.buildArchives - Created
14:03:51,194 DEBUG 0.AP.buildCitadel - Created
14:03:51,194 DEBUG 0.AP.buildAssimilator - Created
14:03:51,194 DEBUG 0.AP.buildNaturalAssimilator - Created
14:03:51,194 DEBUG 0.AP.buildRoboticsFacility - Created
14:03:51,194 DEBUG 0.AP.buildObservatory - Created
14:03:51,194 DEBUG 0.AP.dragoon - Created
14:03:51,194 DEBUG 0.AP.trainZealot - Created
14:03:51,194 DEBUG 0.AP.corsair - Created
14:03:51,194 DEBUG 0.AP.probeScoutToNatural - Created
14:03:51,194 DEBUG 0.AP.moveArmyToChoke - Created
14:03:51,194 DEBUG 0.AP.buildStargate - Created
14:03:51,194 DEBUG 0.AP.buildFleetbeacon - Created
14:03:51,196 DEBUG 0.Sense.HaveScout - Created
14:03:51,196 DEBUG 0.T.POSH_StarCraftBot.behaviours.StrategyControl.HaveScout - Created
14:03:51,197 DEBUG 0.CE.probeScoutToNatural - Created
14:03:51,198 DEBUG 0.CP.exploreLocal - Created
14:03:51,198 DEBUG 0.C.exploreLocal - Reset
14:03:51,199 DEBUG 0.CP.exploreLocal - Reset
14:03:51,199 DEBUG 0.Sense.EnemyRace - Created
14:03:51,199 DEBUG 0.T.POSH_StarCraftBot.behaviours.StrategyControl.EnemyRace - Created
14:03:51,199 DEBUG 0.CE.attackZerg - Created
14:03:51,199 DEBUG 0.CP.attackEnemy - Created
14:03:51,199 DEBUG 0.Sense.EnemyRace - Created
14:03:51,199 DEBUG 0.T.POSH_StarCraftBot.behaviours.StrategyControl.EnemyRace - Created
14:03:51,199 DEBUG 0.CE.attackTerran - Created
14:03:51,199 DEBUG 0.CP.attackEnemy - Created
14:03:51,199 DEBUG 0.Sense.EnemyRace - Created
14:03:51,199 DEBUG 0.T.POSH_StarCraftBot.behaviours.StrategyControl.EnemyRace - Created
14:03:51,199 DEBUG 0.CE.attackProtoss - Created
14:03:51,199 DEBUG 0.CP.attackEnemy - Created
14:03:51,199 DEBUG 0.Sense.ZealotCount - Created
14:03:51,199 DEBUG 0.T.POSH_StarCraftBot.behaviours.UnitControl.ZealotCount - Created
14:03:51,201 DEBUG 0.Action.StopZealot - Created
14:03:51,201 DEBUG 0.CE.stopTrainingZealots - Created
14:03:51,201 DEBUG 0.CP.attackEnemy - Created
14:03:51,201 DEBUG 0.C.attackEnemy - Reset
14:03:51,201 DEBUG 0.CP.attackEnemy - Reset
14:03:51,201 DEBUG 0.CP.attackEnemy - Reset
14:03:51,201 DEBUG 0.CP.attackEnemy - Reset
14:03:51,201 DEBUG 0.CP.attackEnemy - Reset
14:03:51,201 DEBUG 0.Sense.EnemyRace - Created
14:03:51,201 DEBUG 0.T.POSH_StarCraftBot.behaviours.StrategyControl.EnemyRace - Created
14:03:51,201 DEBUG 0.CE.defendZerg - Created
14:03:51,201 DEBUG 0.CP.defendLocation - Created
14:03:51,201 DEBUG 0.Sense.EnemyRace - Created
14:03:51,201 DEBUG 0.T.POSH_StarCraftBot.behaviours.StrategyControl.EnemyRace - Created
14:03:51,201 DEBUG 0.CE.defendTerran - Created
14:03:51,201 DEBUG 0.CP.defendLocation - Created
14:03:51,201 DEBUG 0.Sense.EnemyRace - Created
14:03:51,201 DEBUG 0.T.POSH_StarCraftBot.behaviours.StrategyControl.EnemyRace - Created
14:03:51,201 DEBUG 0.CE.defendkProtoss - Created
14:03:51,201 DEBUG 0.CP.defendLocation - Created
14:03:51,201 DEBUG 0.C.defendLocation - Reset
14:03:51,201 DEBUG 0.CP.defendLocation - Reset
14:03:51,201 DEBUG 0.CP.defendLocation - Reset
14:03:51,201 DEBUG 0.CP.defendLocation - Reset
14:03:51,201 DEBUG 0.Sense.AssimilatorCount - Created
14:03:51,202 DEBUG 0.Sense.ProbeAssimilatorRatio - Created
14:03:51,202 DEBUG 0.T.POSH_StarCraftBot.behaviours.BuildingControl.AssimilatorCount+POSH_StarCraftBot.behaviours.StrategyControl.ProbeAssimilatorRatio - Created
14:03:51,202 DEBUG 0.Action.AssignToGas - Created
14:03:51,202 DEBUG 0.CE.miningGas - Created
14:03:51,202 DEBUG 0.CP.probeHarvesting - Created
14:03:51,202 DEBUG 0.Sense.IdleProbes - Created
14:03:51,202 DEBUG 0.T.POSH_StarCraftBot.behaviours.UnitControl.IdleProbes - Created
14:03:51,202 DEBUG 0.Action.AssignProbes - Created
14:03:51,202 DEBUG 0.CE.miningCrystal - Created
14:03:51,202 DEBUG 0.CP.probeHarvesting - Created
14:03:51,202 DEBUG 0.C.probeHarvesting - Reset
14:03:51,202 DEBUG 0.CP.probeHarvesting - Reset
14:03:51,202 DEBUG 0.CP.probeHarvesting - Reset
14:03:51,202 DEBUG 0.Sense.HaveLegs - Created
14:03:51,202 DEBUG 0.T.POSH_StarCraftBot.behaviours.ResourceControl.HaveLegs - Created
14:03:51,202 DEBUG 0.Action.LegsUpgrade - Created
14:03:51,202 DEBUG 0.CE.researchLegs - Created
14:03:51,202 DEBUG 0.CP.OneBaseSpeedZealotResearch - Created
14:03:51,202 DEBUG 0.Sense.HaveGroundWep - Created
14:03:51,202 DEBUG 0.T.POSH_StarCraftBot.behaviours.ResourceControl.HaveGroundWep - Created
14:03:51,202 DEBUG 0.Action.GroundWepUpgrade - Created
14:03:51,202 DEBUG 0.CE.researchGroundWep - Created
14:03:51,202 DEBUG 0.CP.OneBaseSpeedZealotResearch - Created
14:03:51,202 DEBUG 0.Sense.HaveDragoonRange - Created
14:03:51,202 DEBUG 0.T.POSH_StarCraftBot.behaviours.ResourceControl.HaveDragoonRange - Created
14:03:51,203 DEBUG 0.Action.DragoonRangeUpgrade - Created
14:03:51,203 DEBUG 0.CE.researchRange - Created
14:03:51,203 DEBUG 0.CP.OneBaseSpeedZealotResearch - Created
14:03:51,203 DEBUG 0.Sense.HaveLegs - Created
14:03:51,203 DEBUG 0.Sense.HaveDragoonRange - Created
14:03:51,203 DEBUG 0.Sense.HaveGroundWep - Created
14:03:51,203 DEBUG 0.T.POSH_StarCraftBot.behaviours.ResourceControl.HaveLegs+POSH_StarCraftBot.behaviours.ResourceControl.HaveDragoonRange+POSH_StarCraftBot.behaviours.ResourceControl.HaveGroundWep - Created
14:03:51,203 DEBUG 0.Action.DoNotNeedResearch - Created
14:03:51,203 DEBUG 0.CE.needResearch - Created
14:03:51,203 DEBUG 0.CP.OneBaseSpeedZealotResearch - Created
14:03:51,203 DEBUG 0.C.OneBaseSpeedZealotResearch - Reset
14:03:51,203 DEBUG 0.CP.OneBaseSpeedZealotResearch - Reset
14:03:51,203 DEBUG 0.CP.OneBaseSpeedZealotResearch - Reset
14:03:51,203 DEBUG 0.CP.OneBaseSpeedZealotResearch - Reset
14:03:51,203 DEBUG 0.CP.OneBaseSpeedZealotResearch - Reset
14:03:51,203 DEBUG 0.Sense.ZealotCount - Created
14:03:51,203 DEBUG 0.Sense.ArchivesCount - Created
14:03:51,203 DEBUG 0.T.POSH_StarCraftBot.behaviours.UnitControl.ZealotCount+POSH_StarCraftBot.behaviours.BuildingControl.ArchivesCount - Created
14:03:51,203 DEBUG 0.Action.TrainZealot - Created
14:03:51,203 DEBUG 0.CE.trainZealot - Created
14:03:51,203 DEBUG 0.CP.OneBaseSpeedZealotForce - Created
14:03:51,203 DEBUG 0.Sense.ZealotCount - Created
14:03:51,203 DEBUG 0.Sense.ArchivesCount - Created
14:03:51,203 DEBUG 0.Sense.PylonCount - Created
14:03:51,203 DEBUG 0.T.POSH_StarCraftBot.behaviours.UnitControl.ZealotCount+POSH_StarCraftBot.behaviours.BuildingControl.ArchivesCount+POSH_StarCraftBot.behaviours.BuildingControl.PylonCount - Created
14:03:51,203 DEBUG 0.Action.TrainZealot - Created
14:03:51,204 DEBUG 0.CE.trainZealot - Created
14:03:51,204 DEBUG 0.CP.OneBaseSpeedZealotForce - Created
14:03:51,204 DEBUG 0.Sense.ZealotCount - Created
14:03:51,204 DEBUG 0.Sense.ArchivesCount - Created
14:03:51,204 DEBUG 0.Sense.CyberneticsCoreCount - Created
14:03:51,204 DEBUG 0.T.POSH_StarCraftBot.behaviours.UnitControl.ZealotCount+POSH_StarCraftBot.behaviours.BuildingControl.ArchivesCount+POSH_StarCraftBot.behaviours.BuildingControl.CyberneticsCoreCount - Created
14:03:51,204 DEBUG 0.Action.TrainZealot - Created
14:03:51,204 DEBUG 0.CE.trainZealot - Created
14:03:51,204 DEBUG 0.CP.OneBaseSpeedZealotForce - Created
14:03:51,204 DEBUG 0.Sense.DragoonCount - Created
14:03:51,204 DEBUG 0.Sense.CyberneticsCoreCount - Created
14:03:51,204 DEBUG 0.T.POSH_StarCraftBot.behaviours.UnitControl.DragoonCount+POSH_StarCraftBot.behaviours.BuildingControl.CyberneticsCoreCount - Created
14:03:51,204 DEBUG 0.Action.TrainDragoon - Created
14:03:51,204 DEBUG 0.CE.trainDragoon - Created
14:03:51,204 DEBUG 0.CP.OneBaseSpeedZealotForce - Created
14:03:51,204 DEBUG 0.Sense.ZealotCount - Created
14:03:51,204 DEBUG 0.Sense.ArchivesCount - Created
14:03:51,204 DEBUG 0.Sense.CitadelCount - Created
14:03:51,204 DEBUG 0.T.POSH_StarCraftBot.behaviours.UnitControl.ZealotCount+POSH_StarCraftBot.behaviours.BuildingControl.ArchivesCount+POSH_StarCraftBot.behaviours.BuildingControl.CitadelCount - Created
14:03:51,204 DEBUG 0.Action.TrainZealot - Created
14:03:51,204 DEBUG 0.CE.trainZealot - Created
14:03:51,204 DEBUG 0.CP.OneBaseSpeedZealotForce - Created
14:03:51,204 DEBUG 0.Sense.ZealotCount - Created
14:03:51,204 DEBUG 0.Sense.ArchivesCount - Created
14:03:51,204 DEBUG 0.Sense.HaveLegs - Created
14:03:51,205 DEBUG 0.T.POSH_StarCraftBot.behaviours.UnitControl.ZealotCount+POSH_StarCraftBot.behaviours.BuildingControl.ArchivesCount+POSH_StarCraftBot.behaviours.ResourceControl.HaveLegs - Created
14:03:51,205 DEBUG 0.Action.TrainZealot - Created
14:03:51,205 DEBUG 0.CE.trainZealot - Created
14:03:51,205 DEBUG 0.CP.OneBaseSpeedZealotForce - Created
14:03:51,205 DEBUG 0.Sense.ZealotCount - Created
14:03:51,205 DEBUG 0.Sense.ArchivesCount - Created
14:03:51,205 DEBUG 0.T.POSH_StarCraftBot.behaviours.UnitControl.ZealotCount+POSH_StarCraftBot.behaviours.BuildingControl.ArchivesCount - Created
14:03:51,205 DEBUG 0.Action.StopZealot - Created
14:03:51,205 DEBUG 0.CE.trainZealot - Created
14:03:51,205 DEBUG 0.CP.OneBaseSpeedZealotForce - Created
14:03:51,205 DEBUG 0.Sense.DarkTemplarCount - Created
14:03:51,205 DEBUG 0.Sense.ArchivesCount - Created
14:03:51,205 DEBUG 0.Sense.RoboticsFacilityCount - Created
14:03:51,205 DEBUG 0.T.POSH_StarCraftBot.behaviours.UnitControl.DarkTemplarCount+POSH_StarCraftBot.behaviours.BuildingControl.ArchivesCount+POSH_StarCraftBot.behaviours.BuildingControl.RoboticsFacilityCount - Created
14:03:51,205 DEBUG 0.Action.TrainDarkTemplar - Created
14:03:51,205 DEBUG 0.CE.trainDark - Created
14:03:51,205 DEBUG 0.CP.OneBaseSpeedZealotForce - Created
14:03:51,205 DEBUG 0.Sense.ObserverCount - Created
14:03:51,205 DEBUG 0.Sense.ObservatoryCount - Created
14:03:51,205 DEBUG 0.T.POSH_StarCraftBot.behaviours.UnitControl.ObserverCount+POSH_StarCraftBot.behaviours.BuildingControl.ObservatoryCount - Created
14:03:51,205 DEBUG 0.Action.TrainObserver - Created
14:03:51,205 DEBUG 0.CE.trainObserver - Created
14:03:51,205 DEBUG 0.CP.OneBaseSpeedZealotForce - Created
14:03:51,205 DEBUG 0.Sense.DragoonCount - Created
14:03:51,205 DEBUG 0.Sense.CyberneticsCoreCount - Created
14:03:51,206 DEBUG 0.T.POSH_StarCraftBot.behaviours.UnitControl.DragoonCount+POSH_StarCraftBot.behaviours.BuildingControl.CyberneticsCoreCount - Created
14:03:51,206 DEBUG 0.Action.TrainDragoon - Created
14:03:51,206 DEBUG 0.CE.trainDragoon - Created
14:03:51,206 DEBUG 0.CP.OneBaseSpeedZealotForce - Created
14:03:51,206 DEBUG 0.C.OneBaseSpeedZealotForce - Reset
14:03:51,206 DEBUG 0.CP.OneBaseSpeedZealotForce - Reset
14:03:51,206 DEBUG 0.CP.OneBaseSpeedZealotForce - Reset
14:03:51,206 DEBUG 0.CP.OneBaseSpeedZealotForce - Reset
14:03:51,206 DEBUG 0.CP.OneBaseSpeedZealotForce - Reset
14:03:51,206 DEBUG 0.CP.OneBaseSpeedZealotForce - Reset
14:03:51,206 DEBUG 0.CP.OneBaseSpeedZealotForce - Reset
14:03:51,206 DEBUG 0.CP.OneBaseSpeedZealotForce - Reset
14:03:51,206 DEBUG 0.CP.OneBaseSpeedZealotForce - Reset
14:03:51,206 DEBUG 0.CP.OneBaseSpeedZealotForce - Reset
14:03:51,206 DEBUG 0.CP.OneBaseSpeedZealotForce - Reset
14:03:51,206 DEBUG 0.Sense.NexusCount - Created
14:03:51,206 DEBUG 0.T.POSH_StarCraftBot.behaviours.BuildingControl.NexusCount - Created
14:03:51,206 DEBUG 0.CE.buildNexus - Created
14:03:51,206 DEBUG 0.CP.OneBaseSpeedZealotBuild - Created
14:03:51,206 DEBUG 0.Sense.PylonConstructing - Created
14:03:51,206 DEBUG 0.Sense.AvailableSupply - Created
14:03:51,206 DEBUG 0.T.POSH_StarCraftBot.behaviours.BuildingControl.PylonConstructing+POSH_StarCraftBot.behaviours.ResourceControl.AvailableSupply - Created
14:03:51,206 DEBUG 0.CE.buildSupplyPylon - Created
14:03:51,206 DEBUG 0.CP.OneBaseSpeedZealotBuild - Created
14:03:51,206 DEBUG 0.Sense.ProbeCount - Created
14:03:51,206 DEBUG 0.T.POSH_StarCraftBot.behaviours.UnitControl.ProbeCount - Created
14:03:51,206 DEBUG 0.Action.BuildProbe - Created
14:03:51,206 DEBUG 0.CE.buildProbes - Created
14:03:51,207 DEBUG 0.CP.OneBaseSpeedZealotBuild - Created
14:03:51,207 DEBUG 0.Sense.GatewayCount - Created
14:03:51,207 DEBUG 0.T.POSH_StarCraftBot.behaviours.BuildingControl.GatewayCount - Created
14:03:51,207 DEBUG 0.CE.buildFirstGateway - Created
14:03:51,207 DEBUG 0.CP.OneBaseSpeedZealotBuild - Created
14:03:51,207 DEBUG 0.Sense.ForgeCount - Created
14:03:51,207 DEBUG 0.Sense.PylonCount - Created
14:03:51,207 DEBUG 0.T.POSH_StarCraftBot.behaviours.BuildingControl.ForgeCount+POSH_StarCraftBot.behaviours.BuildingControl.PylonCount - Created
14:03:51,207 DEBUG 0.CE.buildForge - Created
14:03:51,207 DEBUG 0.CP.OneBaseSpeedZealotBuild - Created
14:03:51,207 DEBUG 0.Sense.ForgeCount - Created
14:03:51,207 DEBUG 0.Sense.CannonCount - Created
14:03:51,207 DEBUG 0.T.POSH_StarCraftBot.behaviours.BuildingControl.ForgeCount+POSH_StarCraftBot.behaviours.BuildingControl.CannonCount - Created
14:03:51,207 DEBUG 0.CE.buildBaseCannon - Created
14:03:51,207 DEBUG 0.CP.OneBaseSpeedZealotBuild - Created
14:03:51,207 DEBUG 0.Sense.GatewayCount - Created
14:03:51,207 DEBUG 0.Sense.ProbeCount - Created
14:03:51,207 DEBUG 0.T.POSH_StarCraftBot.behaviours.BuildingControl.GatewayCount+POSH_StarCraftBot.behaviours.UnitControl.ProbeCount - Created
14:03:51,207 DEBUG 0.Action.BuildProbe - Created
14:03:51,207 DEBUG 0.CE.buildProbes - Created
14:03:51,207 DEBUG 0.CP.OneBaseSpeedZealotBuild - Created
14:03:51,207 DEBUG 0.Sense.AssimilatorCount - Created
14:03:51,207 DEBUG 0.Sense.GatewayCount - Created
14:03:51,207 DEBUG 0.T.POSH_StarCraftBot.behaviours.BuildingControl.AssimilatorCount+POSH_StarCraftBot.behaviours.BuildingControl.GatewayCount - Created
14:03:51,207 DEBUG 0.CE.buildAssimilator - Created
14:03:51,208 DEBUG 0.CP.OneBaseSpeedZealotBuild - Created
14:03:51,208 DEBUG 0.Sense.AssimilatorCount - Created
14:03:51,208 DEBUG 0.Sense.ProbeCount - Created
14:03:51,208 DEBUG 0.T.POSH_StarCraftBot.behaviours.BuildingControl.AssimilatorCount+POSH_StarCraftBot.behaviours.UnitControl.ProbeCount - Created
14:03:51,208 DEBUG 0.Action.BuildProbe - Created
14:03:51,208 DEBUG 0.CE.buildProbes - Created
14:03:51,208 DEBUG 0.CP.OneBaseSpeedZealotBuild - Created
14:03:51,208 DEBUG 0.Sense.CyberneticsCoreCount - Created
14:03:51,208 DEBUG 0.Sense.AssimilatorCount - Created
14:03:51,208 DEBUG 0.T.POSH_StarCraftBot.behaviours.BuildingControl.CyberneticsCoreCount+POSH_StarCraftBot.behaviours.BuildingControl.AssimilatorCount - Created
14:03:51,208 DEBUG 0.CE.buildCyberneticsCore - Created
14:03:51,208 DEBUG 0.CP.OneBaseSpeedZealotBuild - Created
14:03:51,208 DEBUG 0.Sense.ProbeCount - Created
14:03:51,208 DEBUG 0.T.POSH_StarCraftBot.behaviours.UnitControl.ProbeCount - Created
14:03:51,208 DEBUG 0.Action.BuildProbe - Created
14:03:51,208 DEBUG 0.CE.buildProbes - Created
14:03:51,208 DEBUG 0.CP.OneBaseSpeedZealotBuild - Created
14:03:51,208 DEBUG 0.Sense.CyberneticsCoreCount - Created
14:03:51,208 DEBUG 0.Sense.CitadelCount - Created
14:03:51,208 DEBUG 0.T.POSH_StarCraftBot.behaviours.BuildingControl.CyberneticsCoreCount+POSH_StarCraftBot.behaviours.BuildingControl.CitadelCount - Created
14:03:51,208 DEBUG 0.CE.buildCitadel - Created
14:03:51,208 DEBUG 0.CP.OneBaseSpeedZealotBuild - Created
14:03:51,208 DEBUG 0.Sense.CitadelCount - Created
14:03:51,208 DEBUG 0.Sense.GatewayCount - Created
14:03:51,208 DEBUG 0.T.POSH_StarCraftBot.behaviours.BuildingControl.CitadelCount+POSH_StarCraftBot.behaviours.BuildingControl.GatewayCount - Created
14:03:51,209 DEBUG 0.CE.buildSecondGateway - Created
14:03:51,209 DEBUG 0.CP.OneBaseSpeedZealotBuild - Created
14:03:51,209 DEBUG 0.Sense.HaveLegs - Created
14:03:51,209 DEBUG 0.Sense.ArchivesCount - Created
14:03:51,209 DEBUG 0.T.POSH_StarCraftBot.behaviours.ResourceControl.HaveLegs+POSH_StarCraftBot.behaviours.BuildingControl.ArchivesCount - Created
14:03:51,209 DEBUG 0.CE.buildArchives - Created
14:03:51,209 DEBUG 0.CP.OneBaseSpeedZealotBuild - Created
14:03:51,209 DEBUG 0.Sense.ArchivesCount - Created
14:03:51,209 DEBUG 0.Sense.RoboticsFacilityCount - Created
14:03:51,209 DEBUG 0.T.POSH_StarCraftBot.behaviours.BuildingControl.ArchivesCount+POSH_StarCraftBot.behaviours.BuildingControl.RoboticsFacilityCount - Created
14:03:51,209 DEBUG 0.CE.buildRoboticsFacility - Created
14:03:51,209 DEBUG 0.CP.OneBaseSpeedZealotBuild - Created
14:03:51,209 DEBUG 0.Sense.RoboticsFacilityCount - Created
14:03:51,209 DEBUG 0.Sense.ObservatoryCount - Created
14:03:51,209 DEBUG 0.T.POSH_StarCraftBot.behaviours.BuildingControl.RoboticsFacilityCount+POSH_StarCraftBot.behaviours.BuildingControl.ObservatoryCount - Created
14:03:51,209 DEBUG 0.CE.buildObservatory - Created
14:03:51,209 DEBUG 0.CP.OneBaseSpeedZealotBuild - Created
14:03:51,209 DEBUG 0.Sense.NexusCount - Created
14:03:51,209 DEBUG 0.Sense.NaturalFound - Created
14:03:51,209 DEBUG 0.T.POSH_StarCraftBot.behaviours.BuildingControl.NexusCount+POSH_StarCraftBot.behaviours.StrategyControl.NaturalFound - Created
14:03:51,209 DEBUG 0.CE.buildNaturalNexus - Created
14:03:51,209 DEBUG 0.CP.OneBaseSpeedZealotBuild - Created
14:03:51,209 DEBUG 0.Sense.NexusCount - Created
14:03:51,209 DEBUG 0.Sense.AssimilatorCount - Created
14:03:51,209 DEBUG 0.T.POSH_StarCraftBot.behaviours.BuildingControl.NexusCount+POSH_StarCraftBot.behaviours.BuildingControl.AssimilatorCount - Created
14:03:51,209 DEBUG 0.CE.buildAssimilator - Created
14:03:51,210 DEBUG 0.CP.OneBaseSpeedZealotBuild - Created
14:03:51,210 DEBUG 0.C.OneBaseSpeedZealotBuild - Reset
14:03:51,210 DEBUG 0.CP.OneBaseSpeedZealotBuild - Reset
14:03:51,210 DEBUG 0.CP.OneBaseSpeedZealotBuild - Reset
14:03:51,210 DEBUG 0.CP.OneBaseSpeedZealotBuild - Reset
14:03:51,210 DEBUG 0.CP.OneBaseSpeedZealotBuild - Reset
14:03:51,210 DEBUG 0.CP.OneBaseSpeedZealotBuild - Reset
14:03:51,210 DEBUG 0.CP.OneBaseSpeedZealotBuild - Reset
14:03:51,210 DEBUG 0.CP.OneBaseSpeedZealotBuild - Reset
14:03:51,210 DEBUG 0.CP.OneBaseSpeedZealotBuild - Reset
14:03:51,210 DEBUG 0.CP.OneBaseSpeedZealotBuild - Reset
14:03:51,210 DEBUG 0.CP.OneBaseSpeedZealotBuild - Reset
14:03:51,210 DEBUG 0.CP.OneBaseSpeedZealotBuild - Reset
14:03:51,210 DEBUG 0.CP.OneBaseSpeedZealotBuild - Reset
14:03:51,210 DEBUG 0.CP.OneBaseSpeedZealotBuild - Reset
14:03:51,210 DEBUG 0.CP.OneBaseSpeedZealotBuild - Reset
14:03:51,210 DEBUG 0.CP.OneBaseSpeedZealotBuild - Reset
14:03:51,210 DEBUG 0.CP.OneBaseSpeedZealotBuild - Reset
14:03:51,210 DEBUG 0.CP.OneBaseSpeedZealotBuild - Reset
14:03:51,210 DEBUG 0.CP.OneBaseSpeedZealotBuild - Reset
14:03:51,210 DEBUG 0.Sense.HaveGroundWep - Created
14:03:51,210 DEBUG 0.T.POSH_StarCraftBot.behaviours.ResourceControl.HaveGroundWep - Created
14:03:51,210 DEBUG 0.Action.GroundWepUpgrade - Created
14:03:51,210 DEBUG 0.CE.researchWep - Created
14:03:51,210 DEBUG 0.CP.TwoGateDarkTemplarResearch - Created
14:03:51,210 DEBUG 0.Sense.HaveDragoonRange - Created
14:03:51,210 DEBUG 0.T.POSH_StarCraftBot.behaviours.ResourceControl.HaveDragoonRange - Created
14:03:51,210 DEBUG 0.Action.DragoonRangeUpgrade - Created
14:03:51,210 DEBUG 0.CE.researchRange - Created
14:03:51,210 DEBUG 0.CP.TwoGateDarkTemplarResearch - Created
14:03:51,210 DEBUG 0.Sense.HaveGroundWep - Created
14:03:51,210 DEBUG 0.Sense.HaveDragoonRange - Created
14:03:51,210 DEBUG 0.T.POSH_StarCraftBot.behaviours.ResourceControl.HaveGroundWep+POSH_StarCraftBot.behaviours.ResourceControl.HaveDragoonRange - Created
14:03:51,210 DEBUG 0.Action.DoNotNeedResearch - Created
14:03:51,211 DEBUG 0.CE.needResearch - Created
14:03:51,211 DEBUG 0.CP.TwoGateDarkTemplarResearch - Created
14:03:51,211 DEBUG 0.C.TwoGateDarkTemplarResearch - Reset
14:03:51,211 DEBUG 0.CP.TwoGateDarkTemplarResearch - Reset
14:03:51,211 DEBUG 0.CP.TwoGateDarkTemplarResearch - Reset
14:03:51,211 DEBUG 0.CP.TwoGateDarkTemplarResearch - Reset
14:03:51,211 DEBUG 0.Sense.ZealotCount - Created
14:03:51,211 DEBUG 0.Sense.CanTrainZealot - Created
14:03:51,211 DEBUG 0.T.POSH_StarCraftBot.behaviours.UnitControl.ZealotCount+POSH_StarCraftBot.behaviours.UnitControl.CanTrainZealot - Created
14:03:51,211 DEBUG 0.Action.TrainZealot - Created
14:03:51,211 DEBUG 0.CE.trainZealot - Created
14:03:51,211 DEBUG 0.CP.TwoGateDarkTemplarForce - Created
14:03:51,211 DEBUG 0.Sense.ZealotCount - Created
14:03:51,211 DEBUG 0.Sense.CanTrainZealot - Created
14:03:51,211 DEBUG 0.T.POSH_StarCraftBot.behaviours.UnitControl.ZealotCount+POSH_StarCraftBot.behaviours.UnitControl.CanTrainZealot - Created
14:03:51,211 DEBUG 0.Action.StopZealot - Created
14:03:51,211 DEBUG 0.CE.stopZealot - Created
14:03:51,211 DEBUG 0.CP.TwoGateDarkTemplarForce - Created
14:03:51,211 DEBUG 0.Sense.DragoonCount - Created
14:03:51,211 DEBUG 0.Sense.CyberneticsCoreCount - Created
14:03:51,211 DEBUG 0.T.POSH_StarCraftBot.behaviours.UnitControl.DragoonCount+POSH_StarCraftBot.behaviours.BuildingControl.CyberneticsCoreCount - Created
14:03:51,211 DEBUG 0.Action.TrainSingleDragoon - Created
14:03:51,211 DEBUG 0.CE.trainDragoon - Created
14:03:51,211 DEBUG 0.CP.TwoGateDarkTemplarForce - Created
14:03:51,211 DEBUG 0.Sense.DarkTemplarCount - Created
14:03:51,211 DEBUG 0.Sense.ArchivesCount - Created
14:03:51,211 DEBUG 0.T.POSH_StarCraftBot.behaviours.UnitControl.DarkTemplarCount+POSH_StarCraftBot.behaviours.BuildingControl.ArchivesCount - Created
14:03:51,211 DEBUG 0.Action.TrainDarkTemplar - Created
14:03:51,212 DEBUG 0.CE.trainDark - Created
14:03:51,212 DEBUG 0.CP.TwoGateDarkTemplarForce - Created
14:03:51,212 DEBUG 0.Sense.ObserverCount - Created
14:03:51,212 DEBUG 0.Sense.ObservatoryCount - Created
14:03:51,212 DEBUG 0.T.POSH_StarCraftBot.behaviours.UnitControl.ObserverCount+POSH_StarCraftBot.behaviours.BuildingControl.ObservatoryCount - Created
14:03:51,212 DEBUG 0.Action.TrainObserver - Created
14:03:51,212 DEBUG 0.CE.trainObserver - Created
14:03:51,212 DEBUG 0.CP.TwoGateDarkTemplarForce - Created
14:03:51,212 DEBUG 0.C.TwoGateDarkTemplarForce - Reset
14:03:51,212 DEBUG 0.CP.TwoGateDarkTemplarForce - Reset
14:03:51,212 DEBUG 0.CP.TwoGateDarkTemplarForce - Reset
14:03:51,212 DEBUG 0.CP.TwoGateDarkTemplarForce - Reset
14:03:51,212 DEBUG 0.CP.TwoGateDarkTemplarForce - Reset
14:03:51,212 DEBUG 0.CP.TwoGateDarkTemplarForce - Reset
14:03:51,212 DEBUG 0.Sense.ObserverCount - Created
14:03:51,212 DEBUG 0.Sense.ObservatoryCount - Created
14:03:51,212 DEBUG 0.T.POSH_StarCraftBot.behaviours.UnitControl.ObserverCount+POSH_StarCraftBot.behaviours.BuildingControl.ObservatoryCount - Created
14:03:51,212 DEBUG 0.Action.TrainObserver - Created
14:03:51,212 DEBUG 0.CE.trainObserver - Created
14:03:51,212 DEBUG 0.CP.TerranMidGameForce - Created
14:03:51,212 DEBUG 0.Sense.CorsairCount - Created
14:03:51,212 DEBUG 0.Sense.StargateCount - Created
14:03:51,212 DEBUG 0.T.POSH_StarCraftBot.behaviours.UnitControl.CorsairCount+POSH_StarCraftBot.behaviours.BuildingControl.StargateCount - Created
14:03:51,212 DEBUG 0.Action.TrainCorsair - Created
14:03:51,212 DEBUG 0.CE.trainCorsair - Created
14:03:51,212 DEBUG 0.CP.TerranMidGameForce - Created
14:03:51,212 DEBUG 0.C.TerranMidGameForce - Reset
14:03:51,212 DEBUG 0.CP.TerranMidGameForce - Reset
14:03:51,212 DEBUG 0.CP.TerranMidGameForce - Reset
14:03:51,212 DEBUG 0.Sense.NexusCount - Created
14:03:51,213 DEBUG 0.T.POSH_StarCraftBot.behaviours.BuildingControl.NexusCount - Created
14:03:51,213 DEBUG 0.CE.buildNexus - Created
14:03:51,213 DEBUG 0.CP.TwoGateDarkTemplarBuild - Created
14:03:51,213 DEBUG 0.Sense.PylonConstructing - Created
14:03:51,213 DEBUG 0.Sense.AvailableSupply - Created
14:03:51,213 DEBUG 0.T.POSH_StarCraftBot.behaviours.BuildingControl.PylonConstructing+POSH_StarCraftBot.behaviours.ResourceControl.AvailableSupply - Created
14:03:51,213 DEBUG 0.CE.buildSupplyPylon - Created
14:03:51,213 DEBUG 0.CP.TwoGateDarkTemplarBuild - Created
14:03:51,213 DEBUG 0.Sense.ProbeCount - Created
14:03:51,213 DEBUG 0.T.POSH_StarCraftBot.behaviours.UnitControl.ProbeCount - Created
14:03:51,213 DEBUG 0.Action.BuildProbe - Created
14:03:51,213 DEBUG 0.CE.buildProbes - Created
14:03:51,213 DEBUG 0.CP.TwoGateDarkTemplarBuild - Created
14:03:51,213 DEBUG 0.Sense.GatewayCount - Created
14:03:51,213 DEBUG 0.Sense.PylonCount - Created
14:03:51,213 DEBUG 0.T.POSH_StarCraftBot.behaviours.BuildingControl.GatewayCount+POSH_StarCraftBot.behaviours.BuildingControl.PylonCount - Created
14:03:51,213 DEBUG 0.CE.buildFirstGateway - Created
14:03:51,213 DEBUG 0.CP.TwoGateDarkTemplarBuild - Created
14:03:51,213 DEBUG 0.Sense.ForgeCount - Created
14:03:51,213 DEBUG 0.Sense.PylonCount - Created
14:03:51,213 DEBUG 0.T.POSH_StarCraftBot.behaviours.BuildingControl.ForgeCount+POSH_StarCraftBot.behaviours.BuildingControl.PylonCount - Created
14:03:51,213 DEBUG 0.CE.buildForge - Created
14:03:51,213 DEBUG 0.CP.TwoGateDarkTemplarBuild - Created
14:03:51,213 DEBUG 0.Sense.ForgeCount - Created
14:03:51,213 DEBUG 0.Sense.CannonCount - Created
14:03:51,213 DEBUG 0.T.POSH_StarCraftBot.behaviours.BuildingControl.ForgeCount+POSH_StarCraftBot.behaviours.BuildingControl.CannonCount - Created
14:03:51,213 DEBUG 0.CE.buildBaseCannon - Created
14:03:51,214 DEBUG 0.CP.TwoGateDarkTemplarBuild - Created
14:03:51,214 DEBUG 0.Sense.ProbeCount - Created
14:03:51,214 DEBUG 0.T.POSH_StarCraftBot.behaviours.UnitControl.ProbeCount - Created
14:03:51,214 DEBUG 0.Action.BuildProbe - Created
14:03:51,214 DEBUG 0.CE.buildProbes - Created
14:03:51,214 DEBUG 0.CP.TwoGateDarkTemplarBuild - Created
14:03:51,214 DEBUG 0.Sense.AssimilatorCount - Created
14:03:51,214 DEBUG 0.Sense.GatewayCount - Created
14:03:51,214 DEBUG 0.T.POSH_StarCraftBot.behaviours.BuildingControl.AssimilatorCount+POSH_StarCraftBot.behaviours.BuildingControl.GatewayCount - Created
14:03:51,214 DEBUG 0.CE.buildAssimilator - Created
14:03:51,214 DEBUG 0.CP.TwoGateDarkTemplarBuild - Created
14:03:51,214 DEBUG 0.Sense.ProbeCount - Created
14:03:51,214 DEBUG 0.T.POSH_StarCraftBot.behaviours.UnitControl.ProbeCount - Created
14:03:51,214 DEBUG 0.Action.BuildProbe - Created
14:03:51,214 DEBUG 0.CE.buildProbes - Created
14:03:51,214 DEBUG 0.CP.TwoGateDarkTemplarBuild - Created
14:03:51,214 DEBUG 0.Sense.CyberneticsCoreCount - Created
14:03:51,214 DEBUG 0.Sense.AssimilatorCount - Created
14:03:51,214 DEBUG 0.T.POSH_StarCraftBot.behaviours.BuildingControl.CyberneticsCoreCount+POSH_StarCraftBot.behaviours.BuildingControl.AssimilatorCount - Created
14:03:51,214 DEBUG 0.CE.buildCyberneticsCore - Created
14:03:51,214 DEBUG 0.CP.TwoGateDarkTemplarBuild - Created
14:03:51,214 DEBUG 0.Sense.ForgeCount - Created
14:03:51,214 DEBUG 0.Sense.CannonCount - Created
14:03:51,214 DEBUG 0.T.POSH_StarCraftBot.behaviours.BuildingControl.ForgeCount+POSH_StarCraftBot.behaviours.BuildingControl.CannonCount - Created
14:03:51,214 DEBUG 0.CE.buildBaseCannon - Created
14:03:51,214 DEBUG 0.CP.TwoGateDarkTemplarBuild - Created
14:03:51,214 DEBUG 0.Sense.ProbeCount - Created
14:03:51,214 DEBUG 0.T.POSH_StarCraftBot.behaviours.UnitControl.ProbeCount - Created
14:03:51,215 DEBUG 0.Action.BuildProbe - Created
14:03:51,215 DEBUG 0.CE.buildProbes - Created
14:03:51,215 DEBUG 0.CP.TwoGateDarkTemplarBuild - Created
14:03:51,215 DEBUG 0.Sense.PylonConstructing - Created
14:03:51,215 DEBUG 0.Sense.PylonCount - Created
14:03:51,215 DEBUG 0.T.POSH_StarCraftBot.behaviours.BuildingControl.PylonConstructing+POSH_StarCraftBot.behaviours.BuildingControl.PylonCount - Created
14:03:51,215 DEBUG 0.CE.buildSupplyPylon - Created
14:03:51,215 DEBUG 0.CP.TwoGateDarkTemplarBuild - Created
14:03:51,215 DEBUG 0.Sense.ProbeCount - Created
14:03:51,215 DEBUG 0.T.POSH_StarCraftBot.behaviours.UnitControl.ProbeCount - Created
14:03:51,215 DEBUG 0.Action.BuildProbe - Created
14:03:51,215 DEBUG 0.CE.buildProbes - Created
14:03:51,215 DEBUG 0.CP.TwoGateDarkTemplarBuild - Created
14:03:51,215 DEBUG 0.Sense.CyberneticsCoreCount - Created
14:03:51,215 DEBUG 0.Sense.CitadelCount - Created
14:03:51,215 DEBUG 0.T.POSH_StarCraftBot.behaviours.BuildingControl.CyberneticsCoreCount+POSH_StarCraftBot.behaviours.BuildingControl.CitadelCount - Created
14:03:51,215 DEBUG 0.CE.buildCitadel - Created
14:03:51,215 DEBUG 0.CP.TwoGateDarkTemplarBuild - Created
14:03:51,215 DEBUG 0.Sense.CitadelCount - Created
14:03:51,215 DEBUG 0.Sense.GatewayCount - Created
14:03:51,215 DEBUG 0.T.POSH_StarCraftBot.behaviours.BuildingControl.CitadelCount+POSH_StarCraftBot.behaviours.BuildingControl.GatewayCount - Created
14:03:51,215 DEBUG 0.CE.buildSecondGateway - Created
14:03:51,215 DEBUG 0.CP.TwoGateDarkTemplarBuild - Created
14:03:51,215 DEBUG 0.Sense.ArchivesCount - Created
14:03:51,215 DEBUG 0.T.POSH_StarCraftBot.behaviours.BuildingControl.ArchivesCount - Created
14:03:51,215 DEBUG 0.CE.buildArchives - Created
14:03:51,216 DEBUG 0.CP.TwoGateDarkTemplarBuild - Created
14:03:51,216 DEBUG 0.Sense.PylonConstructing - Created
14:03:51,216 DEBUG 0.Sense.PylonCount - Created
14:03:51,216 DEBUG 0.T.POSH_StarCraftBot.behaviours.BuildingControl.PylonConstructing+POSH_StarCraftBot.behaviours.BuildingControl.PylonCount - Created
14:03:51,216 DEBUG 0.CE.buildSupplyPylon - Created
14:03:51,216 DEBUG 0.CP.TwoGateDarkTemplarBuild - Created
14:03:51,216 DEBUG 0.Sense.NexusCount - Created
14:03:51,216 DEBUG 0.Sense.NexusCount - Created
14:03:51,216 DEBUG 0.Sense.NaturalFound - Created
14:03:51,216 DEBUG 0.T.POSH_StarCraftBot.behaviours.BuildingControl.NexusCount+POSH_StarCraftBot.behaviours.BuildingControl.NexusCount+POSH_StarCraftBot.behaviours.StrategyControl.NaturalFound - Created
14:03:51,216 DEBUG 0.CE.buildNaturalNexus - Created
14:03:51,216 DEBUG 0.CP.TwoGateDarkTemplarBuild - Created
14:03:51,216 DEBUG 0.Sense.ForgeCount - Created
14:03:51,216 DEBUG 0.Sense.NexusCount - Created
14:03:51,216 DEBUG 0.T.POSH_StarCraftBot.behaviours.BuildingControl.ForgeCount+POSH_StarCraftBot.behaviours.BuildingControl.NexusCount - Created
14:03:51,216 DEBUG 0.CE.buildForge - Created
14:03:51,216 DEBUG 0.CP.TwoGateDarkTemplarBuild - Created
14:03:51,216 DEBUG 0.Sense.ProbeCount - Created
14:03:51,216 DEBUG 0.Sense.NexusCount - Created
14:03:51,216 DEBUG 0.T.POSH_StarCraftBot.behaviours.UnitControl.ProbeCount+POSH_StarCraftBot.behaviours.BuildingControl.NexusCount - Created
14:03:51,216 DEBUG 0.Action.BuildNaturalProbe - Created
14:03:51,216 DEBUG 0.CE.buildProbes - Created
14:03:51,216 DEBUG 0.CP.TwoGateDarkTemplarBuild - Created
14:03:51,216 DEBUG 0.Sense.NexusCount - Created
14:03:51,216 DEBUG 0.Sense.AssimilatorCount - Created
14:03:51,216 DEBUG 0.T.POSH_StarCraftBot.behaviours.BuildingControl.NexusCount+POSH_StarCraftBot.behaviours.BuildingControl.AssimilatorCount - Created
14:03:51,216 DEBUG 0.CE.buildAssimilator - Created
14:03:51,217 DEBUG 0.CP.TwoGateDarkTemplarBuild - Created
14:03:51,217 DEBUG 0.Sense.ProbeCount - Created
14:03:51,217 DEBUG 0.Sense.AssimilatorCount - Created
14:03:51,217 DEBUG 0.T.POSH_StarCraftBot.behaviours.UnitControl.ProbeCount+POSH_StarCraftBot.behaviours.BuildingControl.AssimilatorCount - Created
14:03:51,217 DEBUG 0.Action.BuildNaturalProbe - Created
14:03:51,217 DEBUG 0.CE.buildProbes - Created
14:03:51,217 DEBUG 0.CP.TwoGateDarkTemplarBuild - Created
14:03:51,217 DEBUG 0.Sense.NexusCount - Created
14:03:51,217 DEBUG 0.Sense.GatewayCount - Created
14:03:51,217 DEBUG 0.T.POSH_StarCraftBot.behaviours.BuildingControl.NexusCount+POSH_StarCraftBot.behaviours.BuildingControl.GatewayCount - Created
14:03:51,217 DEBUG 0.CE.buildMoreGateways - Created
14:03:51,217 DEBUG 0.CP.TwoGateDarkTemplarBuild - Created
14:03:51,217 DEBUG 0.Sense.ArchivesCount - Created
14:03:51,217 DEBUG 0.Sense.RoboticsFacilityCount - Created
14:03:51,217 DEBUG 0.T.POSH_StarCraftBot.behaviours.BuildingControl.ArchivesCount+POSH_StarCraftBot.behaviours.BuildingControl.RoboticsFacilityCount - Created
14:03:51,217 DEBUG 0.CE.buildRoboticsFacility - Created
14:03:51,217 DEBUG 0.CP.TwoGateDarkTemplarBuild - Created
14:03:51,217 DEBUG 0.Sense.RoboticsFacilityCount - Created
14:03:51,217 DEBUG 0.Sense.ObservatoryCount - Created
14:03:51,217 DEBUG 0.T.POSH_StarCraftBot.behaviours.BuildingControl.RoboticsFacilityCount+POSH_StarCraftBot.behaviours.BuildingControl.ObservatoryCount - Created
14:03:51,217 DEBUG 0.CE.buildObservatory - Created
14:03:51,217 DEBUG 0.CP.TwoGateDarkTemplarBuild - Created
14:03:51,217 DEBUG 0.Sense.EnterMidGame - Created
14:03:51,217 DEBUG 0.Sense.StargateCount - Created
14:03:51,217 DEBUG 0.T.POSH_StarCraftBot.behaviours.CombatControl.EnterMidGame+POSH_StarCraftBot.behaviours.BuildingControl.StargateCount - Created
14:03:51,217 DEBUG 0.CE.buildStargate - Created
14:03:51,218 DEBUG 0.CP.TwoGateDarkTemplarBuild - Created
14:03:51,218 DEBUG 0.C.TwoGateDarkTemplarBuild - Reset
14:03:51,218 DEBUG 0.CP.TwoGateDarkTemplarBuild - Reset
14:03:51,218 DEBUG 0.CP.TwoGateDarkTemplarBuild - Reset
14:03:51,218 DEBUG 0.CP.TwoGateDarkTemplarBuild - Reset
14:03:51,218 DEBUG 0.CP.TwoGateDarkTemplarBuild - Reset
14:03:51,218 DEBUG 0.CP.TwoGateDarkTemplarBuild - Reset
14:03:51,218 DEBUG 0.CP.TwoGateDarkTemplarBuild - Reset
14:03:51,218 DEBUG 0.CP.TwoGateDarkTemplarBuild - Reset
14:03:51,218 DEBUG 0.CP.TwoGateDarkTemplarBuild - Reset
14:03:51,218 DEBUG 0.CP.TwoGateDarkTemplarBuild - Reset
14:03:51,218 DEBUG 0.CP.TwoGateDarkTemplarBuild - Reset
14:03:51,218 DEBUG 0.CP.TwoGateDarkTemplarBuild - Reset
14:03:51,218 DEBUG 0.CP.TwoGateDarkTemplarBuild - Reset
14:03:51,218 DEBUG 0.CP.TwoGateDarkTemplarBuild - Reset
14:03:51,218 DEBUG 0.CP.TwoGateDarkTemplarBuild - Reset
14:03:51,218 DEBUG 0.CP.TwoGateDarkTemplarBuild - Reset
14:03:51,218 DEBUG 0.CP.TwoGateDarkTemplarBuild - Reset
14:03:51,218 DEBUG 0.CP.TwoGateDarkTemplarBuild - Reset
14:03:51,218 DEBUG 0.CP.TwoGateDarkTemplarBuild - Reset
14:03:51,218 DEBUG 0.CP.TwoGateDarkTemplarBuild - Reset
14:03:51,218 DEBUG 0.CP.TwoGateDarkTemplarBuild - Reset
14:03:51,218 DEBUG 0.CP.TwoGateDarkTemplarBuild - Reset
14:03:51,218 DEBUG 0.CP.TwoGateDarkTemplarBuild - Reset
14:03:51,218 DEBUG 0.CP.TwoGateDarkTemplarBuild - Reset
14:03:51,218 DEBUG 0.CP.TwoGateDarkTemplarBuild - Reset
14:03:51,218 DEBUG 0.CP.TwoGateDarkTemplarBuild - Reset
14:03:51,218 DEBUG 0.CP.TwoGateDarkTemplarBuild - Reset
14:03:51,218 DEBUG 0.CP.TwoGateDarkTemplarBuild - Reset
14:03:51,218 DEBUG 0.Sense.HaveOberverUpgrade - Created
14:03:51,218 DEBUG 0.Sense.ObservatoryCount - Created
14:03:51,218 DEBUG 0.Sense.IsObservatoryResearching - Created
14:03:51,218 DEBUG 0.T.POSH_StarCraftBot.behaviours.ResourceControl.HaveOberverUpgrade+POSH_StarCraftBot.behaviours.BuildingControl.ObservatoryCount+POSH_StarCraftBot.behaviours.ResourceControl.IsObservatoryResearching - Created
14:03:51,218 DEBUG 0.Action.ObserverUpgrade - Created
14:03:51,218 DEBUG 0.CE.resGroundWep - Created
14:03:51,218 DEBUG 0.CP.ObserverResearch - Created
14:03:51,218 DEBUG 0.C.ObserverResearch - Reset
14:03:51,218 DEBUG 0.CP.ObserverResearch - Reset
14:03:51,218 DEBUG 0.Sense.HaveDragoonRange - Created
14:03:51,218 DEBUG 0.T.POSH_StarCraftBot.behaviours.ResourceControl.HaveDragoonRange - Created
14:03:51,218 DEBUG 0.Action.DragoonRangeUpgrade - Created
14:03:51,218 DEBUG 0.CE.researchRange - Created
14:03:51,218 DEBUG 0.CP.FastExpandResearch - Created
14:03:51,218 DEBUG 0.Sense.HaveShield - Created
14:03:51,218 DEBUG 0.Sense.ForgeCount - Created
14:03:51,218 DEBUG 0.Sense.IsForgeResearching - Created
14:03:51,218 DEBUG 0.T.POSH_StarCraftBot.behaviours.ResourceControl.HaveShield+POSH_StarCraftBot.behaviours.BuildingControl.ForgeCount+POSH_StarCraftBot.behaviours.ResourceControl.IsForgeResearching - Created
14:03:51,218 DEBUG 0.Action.ShieldUpgrade - Created
14:03:51,218 DEBUG 0.CE.resShields - Created
14:03:51,218 DEBUG 0.CP.FastExpandResearch - Created
14:03:51,218 DEBUG 0.Sense.HaveGroundWep - Created
14:03:51,218 DEBUG 0.Sense.CyberneticsCoreCount - Created
14:03:51,218 DEBUG 0.Sense.IsCoreResearching - Created
14:03:51,219 DEBUG 0.T.POSH_StarCraftBot.behaviours.ResourceControl.HaveGroundWep+POSH_StarCraftBot.behaviours.BuildingControl.CyberneticsCoreCount+POSH_StarCraftBot.behaviours.ResourceControl.IsCoreResearching - Created
14:03:51,219 DEBUG 0.Action.GroundWepUpgrade - Created
14:03:51,219 DEBUG 0.CE.resGroundWep - Created
14:03:51,219 DEBUG 0.CP.FastExpandResearch - Created
14:03:51,219 DEBUG 0.Sense.HaveShield - Created
14:03:51,219 DEBUG 0.Sense.HaveGroundWep - Created
14:03:51,219 DEBUG 0.Sense.HaveDragoonRange - Created
14:03:51,219 DEBUG 0.Sense.HaveOberverUpgrade - Created
14:03:51,219 DEBUG 0.T.POSH_StarCraftBot.behaviours.ResourceControl.HaveShield+POSH_StarCraftBot.behaviours.ResourceControl.HaveGroundWep+POSH_StarCraftBot.behaviours.ResourceControl.HaveDragoonRange+POSH_StarCraftBot.behaviours.ResourceControl.HaveOberverUpgrade - Created
14:03:51,219 DEBUG 0.Action.DoNotNeedResearch - Created
14:03:51,219 DEBUG 0.CE.needResearch - Created
14:03:51,219 DEBUG 0.CP.FastExpandResearch - Created
14:03:51,219 DEBUG 0.C.FastExpandResearch - Reset
14:03:51,219 DEBUG 0.CP.FastExpandResearch - Reset
14:03:51,219 DEBUG 0.CP.FastExpandResearch - Reset
14:03:51,219 DEBUG 0.CP.FastExpandResearch - Reset
14:03:51,219 DEBUG 0.CP.FastExpandResearch - Reset
14:03:51,219 DEBUG 0.Sense.ZealotCount - Created
14:03:51,219 DEBUG 0.Sense.CanTrainZealot - Created
14:03:51,219 DEBUG 0.T.POSH_StarCraftBot.behaviours.UnitControl.ZealotCount+POSH_StarCraftBot.behaviours.UnitControl.CanTrainZealot - Created
14:03:51,219 DEBUG 0.Action.TrainZealot - Created
14:03:51,219 DEBUG 0.CE.trainZealot - Created
14:03:51,219 DEBUG 0.CP.FastExpandForce - Created
14:03:51,219 DEBUG 0.Sense.ZealotCount - Created
14:03:51,219 DEBUG 0.Sense.CyberneticsCoreCount - Created
14:03:51,219 DEBUG 0.Sense.CanTrainZealot - Created
14:03:51,219 DEBUG 0.T.POSH_StarCraftBot.behaviours.UnitControl.ZealotCount+POSH_StarCraftBot.behaviours.BuildingControl.CyberneticsCoreCount+POSH_StarCraftBot.behaviours.UnitControl.CanTrainZealot - Created
14:03:51,219 DEBUG 0.Action.TrainZealot - Created
14:03:51,219 DEBUG 0.CE.trainZealot - Created
14:03:51,219 DEBUG 0.CP.FastExpandForce - Created
14:03:51,219 DEBUG 0.Sense.DragoonCount - Created
14:03:51,219 DEBUG 0.Sense.CyberneticsCoreCount - Created
14:03:51,219 DEBUG 0.T.POSH_StarCraftBot.behaviours.UnitControl.DragoonCount+POSH_StarCraftBot.behaviours.BuildingControl.CyberneticsCoreCount - Created
14:03:51,219 DEBUG 0.Action.TrainDragoon - Created
14:03:51,219 DEBUG 0.CE.trainDragoon - Created
14:03:51,219 DEBUG 0.CP.FastExpandForce - Created
14:03:51,219 DEBUG 0.Sense.DragoonCount - Created
14:03:51,219 DEBUG 0.Sense.CitadelCount - Created
14:03:51,219 DEBUG 0.T.POSH_StarCraftBot.behaviours.UnitControl.DragoonCount+POSH_StarCraftBot.behaviours.BuildingControl.CitadelCount - Created
14:03:51,219 DEBUG 0.Action.TrainDragoon - Created
14:03:51,219 DEBUG 0.CE.trainDragoon - Created
14:03:51,219 DEBUG 0.CP.FastExpandForce - Created
14:03:51,219 DEBUG 0.Sense.ArchivesCount - Created
14:03:51,219 DEBUG 0.Sense.CanTrainZealot - Created
14:03:51,219 DEBUG 0.T.POSH_StarCraftBot.behaviours.BuildingControl.ArchivesCount+POSH_StarCraftBot.behaviours.UnitControl.CanTrainZealot - Created
14:03:51,219 DEBUG 0.Action.StopZealot - Created
14:03:51,220 DEBUG 0.CE.stopZealot - Created
14:03:51,220 DEBUG 0.CP.FastExpandForce - Created
14:03:51,220 DEBUG 0.Sense.DarkTemplarCount - Created
14:03:51,220 DEBUG 0.Sense.ArchivesCount - Created
14:03:51,220 DEBUG 0.T.POSH_StarCraftBot.behaviours.UnitControl.DarkTemplarCount+POSH_StarCraftBot.behaviours.BuildingControl.ArchivesCount - Created
14:03:51,220 DEBUG 0.Action.TrainDarkTemplar - Created
14:03:51,220 DEBUG 0.CE.trainDark - Created
14:03:51,220 DEBUG 0.CP.FastExpandForce - Created
14:03:51,220 DEBUG 0.Sense.ObserverCount - Created
14:03:51,220 DEBUG 0.Sense.ObservatoryCount - Created
14:03:51,220 DEBUG 0.T.POSH_StarCraftBot.behaviours.UnitControl.ObserverCount+POSH_StarCraftBot.behaviours.BuildingControl.ObservatoryCount - Created
14:03:51,220 DEBUG 0.Action.TrainObserver - Created
14:03:51,220 DEBUG 0.CE.trainObserver - Created
14:03:51,220 DEBUG 0.CP.FastExpandForce - Created
14:03:51,220 DEBUG 0.C.FastExpandForce - Reset
14:03:51,220 DEBUG 0.CP.FastExpandForce - Reset
14:03:51,220 DEBUG 0.CP.FastExpandForce - Reset
14:03:51,220 DEBUG 0.CP.FastExpandForce - Reset
14:03:51,220 DEBUG 0.CP.FastExpandForce - Reset
14:03:51,220 DEBUG 0.CP.FastExpandForce - Reset
14:03:51,220 DEBUG 0.CP.FastExpandForce - Reset
14:03:51,220 DEBUG 0.CP.FastExpandForce - Reset
14:03:51,220 DEBUG 0.Sense.NexusCount - Created
14:03:51,220 DEBUG 0.T.POSH_StarCraftBot.behaviours.BuildingControl.NexusCount - Created
14:03:51,220 DEBUG 0.CE.buildNexus - Created
14:03:51,220 DEBUG 0.CP.FastExpandBuild - Created
14:03:51,220 DEBUG 0.Sense.PylonConstructing - Created
14:03:51,220 DEBUG 0.Sense.AvailableSupply - Created
14:03:51,220 DEBUG 0.T.POSH_StarCraftBot.behaviours.BuildingControl.PylonConstructing+POSH_StarCraftBot.behaviours.ResourceControl.AvailableSupply - Created
14:03:51,220 DEBUG 0.CE.buildSupplyPylon - Created
14:03:51,220 DEBUG 0.CP.FastExpandBuild - Created
14:03:51,220 DEBUG 0.Sense.ProbeCount - Created
14:03:51,220 DEBUG 0.T.POSH_StarCraftBot.behaviours.UnitControl.ProbeCount - Created
14:03:51,220 DEBUG 0.Action.BuildProbe - Created
14:03:51,220 DEBUG 0.CE.buildProbes - Created
14:03:51,220 DEBUG 0.CP.FastExpandBuild - Created
14:03:51,220 DEBUG 0.Sense.GatewayCount - Created
14:03:51,220 DEBUG 0.Sense.PylonCount - Created
14:03:51,220 DEBUG 0.T.POSH_StarCraftBot.behaviours.BuildingControl.GatewayCount+POSH_StarCraftBot.behaviours.BuildingControl.PylonCount - Created
14:03:51,220 DEBUG 0.CE.buildFirstGateway - Created
14:03:51,220 DEBUG 0.CP.FastExpandBuild - Created
14:03:51,220 DEBUG 0.Sense.ForgeCount - Created
14:03:51,220 DEBUG 0.Sense.PylonCount - Created
14:03:51,220 DEBUG 0.T.POSH_StarCraftBot.behaviours.BuildingControl.ForgeCount+POSH_StarCraftBot.behaviours.BuildingControl.PylonCount - Created
14:03:51,220 DEBUG 0.CE.buildForge - Created
14:03:51,220 DEBUG 0.CP.FastExpandBuild - Created
14:03:51,220 DEBUG 0.Sense.ForgeCount - Created
14:03:51,220 DEBUG 0.Sense.CannonCount - Created
14:03:51,221 DEBUG 0.T.POSH_StarCraftBot.behaviours.BuildingControl.ForgeCount+POSH_StarCraftBot.behaviours.BuildingControl.CannonCount - Created
14:03:51,221 DEBUG 0.CE.buildBaseCannon - Created
14:03:51,221 DEBUG 0.CP.FastExpandBuild - Created
14:03:51,221 DEBUG 0.Sense.ProbeCount - Created
14:03:51,221 DEBUG 0.T.POSH_StarCraftBot.behaviours.UnitControl.ProbeCount - Created
14:03:51,221 DEBUG 0.Action.BuildProbe - Created
14:03:51,221 DEBUG 0.CE.buildProbes - Created
14:03:51,221 DEBUG 0.CP.FastExpandBuild - Created
14:03:51,221 DEBUG 0.Sense.AssimilatorCount - Created
14:03:51,221 DEBUG 0.Sense.GatewayCount - Created
14:03:51,221 DEBUG 0.T.POSH_StarCraftBot.behaviours.BuildingControl.AssimilatorCount+POSH_StarCraftBot.behaviours.BuildingControl.GatewayCount - Created
14:03:51,221 DEBUG 0.CE.buildAssimilator - Created
14:03:51,221 DEBUG 0.CP.FastExpandBuild - Created
14:03:51,221 DEBUG 0.Sense.ProbeCount - Created
14:03:51,221 DEBUG 0.T.POSH_StarCraftBot.behaviours.UnitControl.ProbeCount - Created
14:03:51,221 DEBUG 0.Action.BuildProbe - Created
14:03:51,221 DEBUG 0.CE.buildProbes - Created
14:03:51,221 DEBUG 0.CP.FastExpandBuild - Created
14:03:51,221 DEBUG 0.Sense.CyberneticsCoreCount - Created
14:03:51,221 DEBUG 0.T.POSH_StarCraftBot.behaviours.BuildingControl.CyberneticsCoreCount - Created
14:03:51,221 DEBUG 0.CE.buildCyberneticsCore - Created
14:03:51,221 DEBUG 0.CP.FastExpandBuild - Created
14:03:51,221 DEBUG 0.Sense.ProbeCount - Created
14:03:51,221 DEBUG 0.T.POSH_StarCraftBot.behaviours.UnitControl.ProbeCount - Created
14:03:51,221 DEBUG 0.Action.BuildProbe - Created
14:03:51,221 DEBUG 0.CE.buildProbes - Created
14:03:51,221 DEBUG 0.CP.FastExpandBuild - Created
14:03:51,221 DEBUG 0.Sense.CyberneticsCoreCount - Created
14:03:51,221 DEBUG 0.Sense.CitadelCount - Created
14:03:51,221 DEBUG 0.T.POSH_StarCraftBot.behaviours.BuildingControl.CyberneticsCoreCount+POSH_StarCraftBot.behaviours.BuildingControl.CitadelCount - Created
14:03:51,221 DEBUG 0.CE.buildCitadel - Created
14:03:51,221 DEBUG 0.CP.FastExpandBuild - Created
14:03:51,221 DEBUG 0.Sense.ProbeCount - Created
14:03:51,221 DEBUG 0.T.POSH_StarCraftBot.behaviours.UnitControl.ProbeCount - Created
14:03:51,221 DEBUG 0.Action.BuildProbe - Created
14:03:51,221 DEBUG 0.CE.buildProbes - Created
14:03:51,221 DEBUG 0.CP.FastExpandBuild - Created
14:03:51,221 DEBUG 0.Sense.CitadelCount - Created
14:03:51,221 DEBUG 0.Sense.GatewayCount - Created
14:03:51,221 DEBUG 0.T.POSH_StarCraftBot.behaviours.BuildingControl.CitadelCount+POSH_StarCraftBot.behaviours.BuildingControl.GatewayCount - Created
14:03:51,221 DEBUG 0.CE.buildSecondGateway - Created
14:03:51,221 DEBUG 0.CP.FastExpandBuild - Created
14:03:51,221 DEBUG 0.Sense.ProbeCount - Created
14:03:51,221 DEBUG 0.T.POSH_StarCraftBot.behaviours.UnitControl.ProbeCount - Created
14:03:51,221 DEBUG 0.Action.BuildProbe - Created
14:03:51,221 DEBUG 0.CE.buildProbes - Created
14:03:51,221 DEBUG 0.CP.FastExpandBuild - Created
14:03:51,221 DEBUG 0.Sense.ArchivesCount - Created
14:03:51,222 DEBUG 0.T.POSH_StarCraftBot.behaviours.BuildingControl.ArchivesCount - Created
14:03:51,222 DEBUG 0.CE.buildArchives - Created
14:03:51,222 DEBUG 0.CP.FastExpandBuild - Created
14:03:51,222 DEBUG 0.Sense.ProbeCount - Created
14:03:51,222 DEBUG 0.T.POSH_StarCraftBot.behaviours.UnitControl.ProbeCount - Created
14:03:51,222 DEBUG 0.Action.BuildProbe - Created
14:03:51,222 DEBUG 0.CE.buildProbes - Created
14:03:51,222 DEBUG 0.CP.FastExpandBuild - Created
14:03:51,222 DEBUG 0.Sense.ForgeCount - Created
14:03:51,222 DEBUG 0.Sense.CannonCount - Created
14:03:51,222 DEBUG 0.T.POSH_StarCraftBot.behaviours.BuildingControl.ForgeCount+POSH_StarCraftBot.behaviours.BuildingControl.CannonCount - Created
14:03:51,222 DEBUG 0.CE.buildNaturalCannon - Created
14:03:51,222 DEBUG 0.CP.FastExpandBuild - Created
14:03:51,222 DEBUG 0.Sense.ProbeCount - Created
14:03:51,222 DEBUG 0.T.POSH_StarCraftBot.behaviours.UnitControl.ProbeCount - Created
14:03:51,222 DEBUG 0.Action.BuildProbe - Created
14:03:51,222 DEBUG 0.CE.buildProbes - Created
14:03:51,222 DEBUG 0.CP.FastExpandBuild - Created
14:03:51,222 DEBUG 0.Sense.PylonConstructing - Created
14:03:51,222 DEBUG 0.Sense.NaturalFound - Created
14:03:51,222 DEBUG 0.Sense.HasNaturalPylon - Created
14:03:51,222 DEBUG 0.T.POSH_StarCraftBot.behaviours.BuildingControl.PylonConstructing+POSH_StarCraftBot.behaviours.StrategyControl.NaturalFound+POSH_StarCraftBot.behaviours.BuildingControl.HasNaturalPylon - Created
14:03:51,222 DEBUG 0.CE.buildNaturalPylon - Created
14:03:51,222 DEBUG 0.CP.FastExpandBuild - Created
14:03:51,222 DEBUG 0.Sense.ProbeCount - Created
14:03:51,222 DEBUG 0.T.POSH_StarCraftBot.behaviours.UnitControl.ProbeCount - Created
14:03:51,222 DEBUG 0.Action.BuildProbe - Created
14:03:51,222 DEBUG 0.CE.buildProbes - Created
14:03:51,222 DEBUG 0.CP.FastExpandBuild - Created
14:03:51,222 DEBUG 0.Sense.NexusCount - Created
14:03:51,222 DEBUG 0.Sense.NexusCount - Created
14:03:51,222 DEBUG 0.Sense.NaturalFound - Created
14:03:51,222 DEBUG 0.T.POSH_StarCraftBot.behaviours.BuildingControl.NexusCount+POSH_StarCraftBot.behaviours.BuildingControl.NexusCount+POSH_StarCraftBot.behaviours.StrategyControl.NaturalFound - Created
14:03:51,222 DEBUG 0.CE.buildNaturalNexus - Created
14:03:51,222 DEBUG 0.CP.FastExpandBuild - Created
14:03:51,222 DEBUG 0.Sense.NaturalFound - Created
14:03:51,222 DEBUG 0.Sense.HasNaturalPylon - Created
14:03:51,222 DEBUG 0.Sense.CannonCount - Created
14:03:51,222 DEBUG 0.T.POSH_StarCraftBot.behaviours.StrategyControl.NaturalFound+POSH_StarCraftBot.behaviours.BuildingControl.HasNaturalPylon+POSH_StarCraftBot.behaviours.BuildingControl.CannonCount - Created
14:03:51,222 DEBUG 0.CE.buildNaturalCannon - Created
14:03:51,222 DEBUG 0.CP.FastExpandBuild - Created
14:03:51,222 DEBUG 0.Sense.ProbeCount - Created
14:03:51,222 DEBUG 0.Sense.NexusCount - Created
14:03:51,222 DEBUG 0.T.POSH_StarCraftBot.behaviours.UnitControl.ProbeCount+POSH_StarCraftBot.behaviours.BuildingControl.NexusCount - Created
14:03:51,223 DEBUG 0.Action.BuildNaturalProbe - Created
14:03:51,223 DEBUG 0.CE.buildProbes - Created
14:03:51,223 DEBUG 0.CP.FastExpandBuild - Created
14:03:51,223 DEBUG 0.Sense.NexusCount - Created
14:03:51,223 DEBUG 0.Sense.AssimilatorCount - Created
14:03:51,223 DEBUG 0.T.POSH_StarCraftBot.behaviours.BuildingControl.NexusCount+POSH_StarCraftBot.behaviours.BuildingControl.AssimilatorCount - Created
14:03:51,223 DEBUG 0.CE.buildAssimilator - Created
14:03:51,223 DEBUG 0.CP.FastExpandBuild - Created
14:03:51,223 DEBUG 0.Sense.ProbeCount - Created
14:03:51,223 DEBUG 0.Sense.NexusCount - Created
14:03:51,223 DEBUG 0.T.POSH_StarCraftBot.behaviours.UnitControl.ProbeCount+POSH_StarCraftBot.behaviours.BuildingControl.NexusCount - Created
14:03:51,223 DEBUG 0.Action.BuildNaturalProbe - Created
14:03:51,223 DEBUG 0.CE.buildProbes - Created
14:03:51,223 DEBUG 0.CP.FastExpandBuild - Created
14:03:51,223 DEBUG 0.Sense.NexusCount - Created
14:03:51,223 DEBUG 0.Sense.GatewayCount - Created
14:03:51,223 DEBUG 0.T.POSH_StarCraftBot.behaviours.BuildingControl.NexusCount+POSH_StarCraftBot.behaviours.BuildingControl.GatewayCount - Created
14:03:51,223 DEBUG 0.CE.buildMoreGateways - Created
14:03:51,223 DEBUG 0.CP.FastExpandBuild - Created
14:03:51,223 DEBUG 0.Sense.ArchivesCount - Created
14:03:51,223 DEBUG 0.Sense.RoboticsFacilityCount - Created
14:03:51,223 DEBUG 0.T.POSH_StarCraftBot.behaviours.BuildingControl.ArchivesCount+POSH_StarCraftBot.behaviours.BuildingControl.RoboticsFacilityCount - Created
14:03:51,223 DEBUG 0.CE.buildRoboticsFacility - Created
14:03:51,223 DEBUG 0.CP.FastExpandBuild - Created
14:03:51,223 DEBUG 0.Sense.RoboticsFacilityCount - Created
14:03:51,223 DEBUG 0.Sense.ObservatoryCount - Created
14:03:51,223 DEBUG 0.T.POSH_StarCraftBot.behaviours.BuildingControl.RoboticsFacilityCount+POSH_StarCraftBot.behaviours.BuildingControl.ObservatoryCount - Created
14:03:51,223 DEBUG 0.CE.buildObservatory - Created
14:03:51,223 DEBUG 0.CP.FastExpandBuild - Created
14:03:51,223 DEBUG 0.C.FastExpandBuild - Reset
14:03:51,223 DEBUG 0.CP.FastExpandBuild - Reset
14:03:51,223 DEBUG 0.CP.FastExpandBuild - Reset
14:03:51,223 DEBUG 0.CP.FastExpandBuild - Reset
14:03:51,223 DEBUG 0.CP.FastExpandBuild - Reset
14:03:51,223 DEBUG 0.CP.FastExpandBuild - Reset
14:03:51,223 DEBUG 0.CP.FastExpandBuild - Reset
14:03:51,223 DEBUG 0.CP.FastExpandBuild - Reset
14:03:51,223 DEBUG 0.CP.FastExpandBuild - Reset
14:03:51,223 DEBUG 0.CP.FastExpandBuild - Reset
14:03:51,223 DEBUG 0.CP.FastExpandBuild - Reset
14:03:51,223 DEBUG 0.CP.FastExpandBuild - Reset
14:03:51,223 DEBUG 0.CP.FastExpandBuild - Reset
14:03:51,223 DEBUG 0.CP.FastExpandBuild - Reset
14:03:51,223 DEBUG 0.CP.FastExpandBuild - Reset
14:03:51,223 DEBUG 0.CP.FastExpandBuild - Reset
14:03:51,223 DEBUG 0.CP.FastExpandBuild - Reset
14:03:51,223 DEBUG 0.CP.FastExpandBuild - Reset
14:03:51,223 DEBUG 0.CP.FastExpandBuild - Reset
14:03:51,223 DEBUG 0.CP.FastExpandBuild - Reset
14:03:51,223 DEBUG 0.CP.FastExpandBuild - Reset
14:03:51,223 DEBUG 0.CP.FastExpandBuild - Reset
14:03:51,223 DEBUG 0.CP.FastExpandBuild - Reset
14:03:51,223 DEBUG 0.CP.FastExpandBuild - Reset
14:03:51,223 DEBUG 0.CP.FastExpandBuild - Reset
14:03:51,223 DEBUG 0.CP.FastExpandBuild - Reset
14:03:51,223 DEBUG 0.CP.FastExpandBuild - Reset
14:03:51,223 DEBUG 0.CP.FastExpandBuild - Reset
14:03:51,223 DEBUG 0.CP.FastExpandBuild - Reset
14:03:51,223 DEBUG 0.CP.FastExpandBuild - Reset
14:03:51,225 DEBUG 0.Action.RetreatForce - Created
14:03:51,225 DEBUG 0.AP.flee  - Reset
14:03:51,225 DEBUG 0.Action.Idle - Created
14:03:51,225 DEBUG 0.AP.idle  - Reset
14:03:51,225 DEBUG 0.Action.SelectAllUnits - Created
14:03:51,226 DEBUG 0.Action.AttackZerg - Created
14:03:51,226 DEBUG 0.AP.attackZerg - Reset
14:03:51,226 DEBUG 0.Action.SelectAllUnits - Created
14:03:51,226 DEBUG 0.Action.AttackTerran - Created
14:03:51,226 DEBUG 0.AP.attackTerran - Reset
14:03:51,226 DEBUG 0.Action.SelectAllUnits - Created
14:03:51,226 DEBUG 0.Action.AttackProtoss - Created
14:03:51,226 DEBUG 0.AP.attackProtoss - Reset
14:03:51,226 DEBUG 0.Action.SelectAllUnits - Created
14:03:51,226 DEBUG 0.Action.DefendZerg - Created
14:03:51,226 DEBUG 0.AP.defendZerg - Reset
14:03:51,226 DEBUG 0.Action.SelectAllUnits - Created
14:03:51,226 DEBUG 0.Action.DefendTerran - Created
14:03:51,226 DEBUG 0.AP.defendTerran - Reset
14:03:51,226 DEBUG 0.Action.SelectAllUnits - Created
14:03:51,226 DEBUG 0.Action.DefendProtoss - Created
14:03:51,226 DEBUG 0.AP.defendProtoss - Reset
14:03:51,226 DEBUG 0.Action.SelectNatural - Created
14:03:51,226 DEBUG 0.Action.PositionNexus - Created
14:03:51,226 DEBUG 0.Action.BuildNexus - Created
14:03:51,226 DEBUG 0.AP.naturalNexus - Reset
14:03:51,226 DEBUG 0.Action.SelectStartBase - Created
14:03:51,226 DEBUG 0.Action.PositionNexus - Created
14:03:51,226 DEBUG 0.Action.BuildNexus - Created
14:03:51,226 DEBUG 0.AP.buildNexus - Reset
14:03:51,226 DEBUG 0.Action.SelectStartBase - Created
14:03:51,226 DEBUG 0.Action.PositionPylon - Created
14:03:51,226 DEBUG 0.Action.BuildPylon - Created
14:03:51,226 DEBUG 0.AP.buildBasePylon - Reset
14:03:51,226 DEBUG 0.Action.SelectNatural - Created
14:03:51,226 DEBUG 0.Action.PositionPylon - Created
14:03:51,226 DEBUG 0.Action.BuildPylon - Created
14:03:51,226 DEBUG 0.AP.buildNaturalPylon - Reset
14:03:51,226 DEBUG 0.Action.SelectNaturalChokeBuild - Created
14:03:51,226 DEBUG 0.Action.PositionPylon - Created
14:03:51,226 DEBUG 0.Action.BuildPylon - Created
14:03:51,226 DEBUG 0.AP.buildNaturalChokePylon - Reset
14:03:51,226 DEBUG 0.Action.SelectChokeBuild - Created
14:03:51,226 DEBUG 0.Action.PositionPylon - Created
14:03:51,226 DEBUG 0.Action.BuildPylon - Created
14:03:51,227 DEBUG 0.AP.buildChokePylon - Reset
14:03:51,227 DEBUG 0.Action.SelectNatural - Created
14:03:51,227 DEBUG 0.Action.PositionCannon - Created
14:03:51,227 DEBUG 0.Action.BuildCannon - Created
14:03:51,227 DEBUG 0.AP.buildNaturalCannon - Reset
14:03:51,227 DEBUG 0.Action.SelectStartBase - Created
14:03:51,227 DEBUG 0.Action.PositionCannon - Created
14:03:51,227 DEBUG 0.Action.BuildCannon - Created
14:03:51,227 DEBUG 0.AP.buildBaseCannon - Reset
14:03:51,227 DEBUG 0.Action.SelectNaturalChokeBuild - Created
14:03:51,227 DEBUG 0.Action.PositionCannon - Created
14:03:51,227 DEBUG 0.Action.BuildCannon - Created
14:03:51,227 DEBUG 0.AP.buildNaturalChokeCannon - Reset
14:03:51,227 DEBUG 0.Action.SelectStartBase - Created
14:03:51,227 DEBUG 0.Action.PositionForge - Created
14:03:51,227 DEBUG 0.Action.BuildForge - Created
14:03:51,227 DEBUG 0.AP.buildForge - Reset
14:03:51,227 DEBUG 0.Action.SelectStartBase - Created
14:03:51,227 DEBUG 0.Action.PositionCyberneticsCore - Created
14:03:51,227 DEBUG 0.Action.BuildCyberneticsCore - Created
14:03:51,227 DEBUG 0.AP.buildCyberneticsCore - Reset
14:03:51,227 DEBUG 0.Action.SelectStartBase - Created
14:03:51,227 DEBUG 0.Action.PositionGateway - Created
14:03:51,227 DEBUG 0.Action.BuildGateway - Created
14:03:51,227 DEBUG 0.AP.buildGateway - Reset
14:03:51,227 DEBUG 0.Action.SelectChokeBuild - Created
14:03:51,227 DEBUG 0.Action.PositionGateway - Created
14:03:51,227 DEBUG 0.Action.BuildGateway - Created
14:03:51,227 DEBUG 0.AP.buildChokeGateway - Reset
14:03:51,227 DEBUG 0.Action.SelectStartBase - Created
14:03:51,227 DEBUG 0.Action.PositionArchives - Created
14:03:51,227 DEBUG 0.Action.BuildArchives - Created
14:03:51,227 DEBUG 0.AP.buildArchives - Reset
14:03:51,227 DEBUG 0.Action.SelectStartBase - Created
14:03:51,227 DEBUG 0.Action.PositionCitadel - Created
14:03:51,227 DEBUG 0.Action.BuildCitadel - Created
14:03:51,227 DEBUG 0.AP.buildCitadel - Reset
14:03:51,227 DEBUG 0.Action.SelectStartBase - Created
14:03:51,227 DEBUG 0.Action.SelectAssimilatorLocation - Created
14:03:51,227 DEBUG 0.Action.BuildAssimilator - Created
14:03:51,227 DEBUG 0.AP.buildAssimilator - Reset
14:03:51,227 DEBUG 0.Action.SelectNatural - Created
14:03:51,228 DEBUG 0.Action.SelectAssimilatorLocation - Created
14:03:51,228 DEBUG 0.Action.BuildAssimilator - Created
14:03:51,228 DEBUG 0.AP.buildNaturalAssimilator - Reset
14:03:51,228 DEBUG 0.Action.SelectStartBase - Created
14:03:51,228 DEBUG 0.Action.PositionRoboticsFacility - Created
14:03:51,228 DEBUG 0.Action.BuildRoboticsFacility - Created
14:03:51,228 DEBUG 0.AP.buildRoboticsFacility - Reset
14:03:51,228 DEBUG 0.Action.SelectStartBase - Created
14:03:51,228 DEBUG 0.Action.PositionObservatory - Created
14:03:51,228 DEBUG 0.Action.BuildObservatory - Created
14:03:51,228 DEBUG 0.AP.buildObservatory - Reset
14:03:51,228 DEBUG 0.Action.SelectStartBase - Created
14:03:51,228 DEBUG 0.Action.TrainDragoon - Created
14:03:51,228 DEBUG 0.AP.dragoon - Reset
14:03:51,228 DEBUG 0.Action.TrainZealot - Created
14:03:51,228 DEBUG 0.Action.StopZealot - Created
14:03:51,228 DEBUG 0.AP.trainZealot - Reset
14:03:51,228 DEBUG 0.Action.SelectStartBase - Created
14:03:51,228 DEBUG 0.Action.TrainCorsair - Created
14:03:51,228 DEBUG 0.AP.corsair - Reset
14:03:51,228 DEBUG 0.Action.SelectProbeScout - Created
14:03:51,228 DEBUG 0.Action.ProbeToNatural - Created
14:03:51,228 DEBUG 0.AP.probeScoutToNatural - Reset
14:03:51,228 DEBUG 0.Action.SelectChokeForceLocation - Created
14:03:51,228 DEBUG 0.Action.SelectAllUnits - Created
14:03:51,228 DEBUG 0.Action.MoveForceNatural - Created
14:03:51,228 DEBUG 0.AP.moveArmyToChoke - Reset
14:03:51,228 DEBUG 0.Action.SelectStartBase - Created
14:03:51,228 DEBUG 0.Action.PositionStargate - Created
14:03:51,228 DEBUG 0.Action.BuildStargate - Created
14:03:51,228 DEBUG 0.AP.buildStargate - Reset
14:03:51,228 DEBUG 0.Action.SelectStartBase - Created
14:03:51,228 DEBUG 0.Action.PositionFleetbeacon - Created
14:03:51,228 DEBUG 0.Action.BuildFleetbeacon - Created
14:03:51,228 DEBUG 0.AP.buildFleetbeacon - Reset
14:03:51,230 DEBUG 0.Sense.GameRunning - Created
14:03:51,230 DEBUG 0.T.POSH_StarCraftBot.behaviours.StrategyControl.GameRunning - Created
14:03:51,230 DEBUG 0.Sense.DarkTemplarCount - Created
14:03:51,230 DEBUG 0.Sense.EnemyDetected - Created
14:03:51,230 DEBUG 0.T.POSH_StarCraftBot.behaviours.UnitControl.DarkTemplarCount+POSH_StarCraftBot.behaviours.CombatControl.EnemyDetected - Created
14:03:51,230 DEBUG 0.Action.ForceScouting - Created
14:03:51,231 DEBUG 0.DE.defend - Created
14:03:51,231 DEBUG 0.DP.EighteenNexusOpening - Created
14:03:51,231 DEBUG 0.Sense.ArchivesCount - Created
14:03:51,231 DEBUG 0.Sense.NaturalFound - Created
14:03:51,231 DEBUG 0.T.POSH_StarCraftBot.behaviours.BuildingControl.ArchivesCount+POSH_StarCraftBot.behaviours.StrategyControl.NaturalFound - Created
14:03:51,231 DEBUG 0.DE.scout - Created
14:03:51,231 DEBUG 0.DP.EighteenNexusOpening - Created
14:03:51,231 DEBUG 0.Sense.IdleProbes - Created
14:03:51,231 DEBUG 0.T.POSH_StarCraftBot.behaviours.UnitControl.IdleProbes - Created
14:03:51,231 DEBUG 0.DE.harvest - Created
14:03:51,231 DEBUG 0.DP.EighteenNexusOpening - Created
14:03:51,231 DEBUG 0.Sense.ForceIsLosing - Created
14:03:51,231 DEBUG 0.T.POSH_StarCraftBot.behaviours.CombatControl.ForceIsLosing - Created
14:03:51,231 DEBUG 0.DE.retreat - Created
14:03:51,231 DEBUG 0.DP.EighteenNexusOpening - Created
14:03:51,231 DEBUG 0.Sense.ObservatoryCount - Created
14:03:51,231 DEBUG 0.Sense.HaveOberverUpgrade - Created
14:03:51,232 DEBUG 0.T.POSH_StarCraftBot.behaviours.BuildingControl.ObservatoryCount+POSH_StarCraftBot.behaviours.ResourceControl.HaveOberverUpgrade - Created
14:03:51,232 DEBUG 0.DE.researchObserver - Created
14:03:51,232 DEBUG 0.DP.EighteenNexusOpening - Created
14:03:51,232 DEBUG 0.Sense.EnemyRace - Created
14:03:51,232 DEBUG 0.Sense.EnemyDetected - Created
14:03:51,232 DEBUG 0.Sense.BaseUnderAttack - Created
14:03:51,232 DEBUG 0.T.POSH_StarCraftBot.behaviours.StrategyControl.EnemyRace+POSH_StarCraftBot.behaviours.CombatControl.EnemyDetected+POSH_StarCraftBot.behaviours.CombatControl.BaseUnderAttack - Created
14:03:51,232 DEBUG 0.Action.DefendZerg - Created
14:03:51,232 DEBUG 0.DE.defend - Created
14:03:51,232 DEBUG 0.DP.EighteenNexusOpening - Created
14:03:51,232 DEBUG 0.Sense.ZealotCount - Created
14:03:51,232 DEBUG 0.Sense.ObservatoryCount - Created
14:03:51,232 DEBUG 0.Sense.EnemyRace - Created
14:03:51,232 DEBUG 0.T.POSH_StarCraftBot.behaviours.UnitControl.ZealotCount+POSH_StarCraftBot.behaviours.BuildingControl.ObservatoryCount+POSH_StarCraftBot.behaviours.StrategyControl.EnemyRace - Created
14:03:51,232 DEBUG 0.DE.attackZergEarly - Created
14:03:51,232 DEBUG 0.DP.EighteenNexusOpening - Created
14:03:51,232 DEBUG 0.Sense.DarkTemplarCount - Created
14:03:51,232 DEBUG 0.Sense.ObservatoryCount - Created
14:03:51,232 DEBUG 0.Sense.EnemyRace - Created
14:03:51,232 DEBUG 0.T.POSH_StarCraftBot.behaviours.UnitControl.DarkTemplarCount+POSH_StarCraftBot.behaviours.BuildingControl.ObservatoryCount+POSH_StarCraftBot.behaviours.StrategyControl.EnemyRace - Created
14:03:51,232 DEBUG 0.DE.attackZerg - Created
14:03:51,232 DEBUG 0.DP.EighteenNexusOpening - Created
14:03:51,232 DEBUG 0.Sense.DarkTemplarCount - Created
14:03:51,232 DEBUG 0.Sense.ObservatoryCount - Created
14:03:51,232 DEBUG 0.Sense.ObserverCount - Created
14:03:51,232 DEBUG 0.Sense.EnemyRace - Created
14:03:51,232 DEBUG 0.T.POSH_StarCraftBot.behaviours.UnitControl.DarkTemplarCount+POSH_StarCraftBot.behaviours.BuildingControl.ObservatoryCount+POSH_StarCraftBot.behaviours.UnitControl.ObserverCount+POSH_StarCraftBot.behaviours.StrategyControl.EnemyRace - Created
14:03:51,232 DEBUG 0.DE.attackZerg - Created
14:03:51,232 DEBUG 0.DP.EighteenNexusOpening - Created
14:03:51,232 DEBUG 0.Sense.CitadelCount - Created
14:03:51,232 DEBUG 0.Sense.NeedResearch - Created
14:03:51,233 DEBUG 0.Sense.EnemyRace - Created
14:03:51,233 DEBUG 0.T.POSH_StarCraftBot.behaviours.BuildingControl.CitadelCount+POSH_StarCraftBot.behaviours.ResourceControl.NeedResearch+POSH_StarCraftBot.behaviours.StrategyControl.EnemyRace - Created
14:03:51,233 DEBUG 0.DE.researchZerg - Created
14:03:51,233 DEBUG 0.DP.EighteenNexusOpening - Created
14:03:51,233 DEBUG 0.Sense.GatewayCount - Created
14:03:51,233 DEBUG 0.Sense.AvailableSupply - Created
14:03:51,233 DEBUG 0.Sense.EnemyRace - Created
14:03:51,233 DEBUG 0.T.POSH_StarCraftBot.behaviours.BuildingControl.GatewayCount+POSH_StarCraftBot.behaviours.ResourceControl.AvailableSupply+POSH_StarCraftBot.behaviours.StrategyControl.EnemyRace - Created
14:03:51,233 DEBUG 0.DE.createForceZerg - Created
14:03:51,233 DEBUG 0.DP.EighteenNexusOpening - Created
14:03:51,233 DEBUG 0.Sense.NeedBuilding - Created
14:03:51,233 DEBUG 0.Sense.EnemyRace - Created
14:03:51,233 DEBUG 0.T.POSH_StarCraftBot.behaviours.BuildingControl.NeedBuilding+POSH_StarCraftBot.behaviours.StrategyControl.EnemyRace - Created
14:03:51,233 DEBUG 0.DE.buildZerg - Created
14:03:51,233 DEBUG 0.DP.EighteenNexusOpening - Created
14:03:51,233 DEBUG 0.Sense.EnemyDetected - Created
14:03:51,233 DEBUG 0.Sense.BaseUnderAttack - Created
14:03:51,233 DEBUG 0.T.POSH_StarCraftBot.behaviours.CombatControl.EnemyDetected+POSH_StarCraftBot.behaviours.CombatControl.BaseUnderAttack - Created
14:03:51,233 DEBUG 0.Action.DefendTerran - Created
14:03:51,233 DEBUG 0.DE.defend - Created
14:03:51,233 DEBUG 0.DP.EighteenNexusOpening - Created
14:03:51,233 DEBUG 0.Sense.DarkTemplarCount - Created
14:03:51,233 DEBUG 0.Sense.EnemyRace - Created
14:03:51,233 DEBUG 0.Sense.BaseUnderAttack - Created
14:03:51,233 DEBUG 0.T.POSH_StarCraftBot.behaviours.UnitControl.DarkTemplarCount+POSH_StarCraftBot.behaviours.StrategyControl.EnemyRace+POSH_StarCraftBot.behaviours.CombatControl.BaseUnderAttack - Created
14:03:51,233 DEBUG 0.DE.attackTerran - Created
14:03:51,233 DEBUG 0.DP.EighteenNexusOpening - Created
14:03:51,233 DEBUG 0.Sense.ForgeCount - Created
14:03:51,233 DEBUG 0.Sense.NeedResearch - Created
14:03:51,233 DEBUG 0.Sense.EnemyRace - Created
14:03:51,233 DEBUG 0.T.POSH_StarCraftBot.behaviours.BuildingControl.ForgeCount+POSH_StarCraftBot.behaviours.ResourceControl.NeedResearch+POSH_StarCraftBot.behaviours.StrategyControl.EnemyRace - Created
14:03:51,233 DEBUG 0.DE.researchTerran - Created
14:03:51,233 DEBUG 0.DP.EighteenNexusOpening - Created
14:03:51,233 DEBUG 0.Sense.GatewayCount - Created
14:03:51,233 DEBUG 0.Sense.AvailableSupply - Created
14:03:51,233 DEBUG 0.Sense.EnemyRace - Created
14:03:51,233 DEBUG 0.T.POSH_StarCraftBot.behaviours.BuildingControl.GatewayCount+POSH_StarCraftBot.behaviours.ResourceControl.AvailableSupply+POSH_StarCraftBot.behaviours.StrategyControl.EnemyRace - Created
14:03:51,233 DEBUG 0.DE.createForceTerran - Created
14:03:51,233 DEBUG 0.DP.EighteenNexusOpening - Created
14:03:51,233 DEBUG 0.Sense.EnterMidGame - Created
14:03:51,233 DEBUG 0.Sense.AvailableSupply - Created
14:03:51,234 DEBUG 0.Sense.EnemyRace - Created
14:03:51,234 DEBUG 0.T.POSH_StarCraftBot.behaviours.CombatControl.EnterMidGame+POSH_StarCraftBot.behaviours.ResourceControl.AvailableSupply+POSH_StarCraftBot.behaviours.StrategyControl.EnemyRace - Created
14:03:51,234 DEBUG 0.DE.createForceTerranMidGame - Created
14:03:51,234 DEBUG 0.DP.EighteenNexusOpening - Created
14:03:51,234 DEBUG 0.Sense.NeedBuilding - Created
14:03:51,234 DEBUG 0.Sense.EnemyRace - Created
14:03:51,234 DEBUG 0.T.POSH_StarCraftBot.behaviours.BuildingControl.NeedBuilding+POSH_StarCraftBot.behaviours.StrategyControl.EnemyRace - Created
14:03:51,234 DEBUG 0.DE.buildTerran - Created
14:03:51,234 DEBUG 0.DP.EighteenNexusOpening - Created
14:03:51,234 DEBUG 0.Sense.EnemyRace - Created
14:03:51,234 DEBUG 0.Sense.EnemyDetected - Created
14:03:51,234 DEBUG 0.Sense.BaseUnderAttack - Created
14:03:51,234 DEBUG 0.T.POSH_StarCraftBot.behaviours.StrategyControl.EnemyRace+POSH_StarCraftBot.behaviours.CombatControl.EnemyDetected+POSH_StarCraftBot.behaviours.CombatControl.BaseUnderAttack - Created
14:03:51,234 DEBUG 0.Action.DefendProtoss - Created
14:03:51,234 DEBUG 0.DE.defend - Created
14:03:51,234 DEBUG 0.DP.EighteenNexusOpening - Created
14:03:51,234 DEBUG 0.Sense.NaturalFound - Created
14:03:51,234 DEBUG 0.Sense.EnemyRace - Created
14:03:51,234 DEBUG 0.Sense.ForgeCount - Created
14:03:51,234 DEBUG 0.T.POSH_StarCraftBot.behaviours.StrategyControl.NaturalFound+POSH_StarCraftBot.behaviours.StrategyControl.EnemyRace+POSH_StarCraftBot.behaviours.BuildingControl.ForgeCount - Created
14:03:51,234 DEBUG 0.DE.scoutProtoss - Created
14:03:51,234 DEBUG 0.DP.EighteenNexusOpening - Created
14:03:51,234 DEBUG 0.Sense.DarkTemplarCount - Created
14:03:51,234 DEBUG 0.Sense.EnemyRace - Created
14:03:51,234 DEBUG 0.T.POSH_StarCraftBot.behaviours.UnitControl.DarkTemplarCount+POSH_StarCraftBot.behaviours.StrategyControl.EnemyRace - Created
14:03:51,234 DEBUG 0.DE.attackProtoss - Created
14:03:51,234 DEBUG 0.DP.EighteenNexusOpening - Created
14:03:51,234 DEBUG 0.Sense.ArchivesCount - Created
14:03:51,234 DEBUG 0.Sense.IsForgeResearching - Created
14:03:51,234 DEBUG 0.Sense.NeedResearch - Created
14:03:51,234 DEBUG 0.Sense.EnemyRace - Created
14:03:51,234 DEBUG 0.T.POSH_StarCraftBot.behaviours.BuildingControl.ArchivesCount+POSH_StarCraftBot.behaviours.ResourceControl.IsForgeResearching+POSH_StarCraftBot.behaviours.ResourceControl.NeedResearch+POSH_StarCraftBot.behaviours.StrategyControl.EnemyRace - Created
14:03:51,234 DEBUG 0.DE.researchProtoss - Created
14:03:51,234 DEBUG 0.DP.EighteenNexusOpening - Created
14:03:51,234 DEBUG 0.Sense.GatewayCount - Created
14:03:51,234 DEBUG 0.Sense.AvailableSupply - Created
14:03:51,234 DEBUG 0.Sense.EnemyRace - Created
14:03:51,234 DEBUG 0.T.POSH_StarCraftBot.behaviours.BuildingControl.GatewayCount+POSH_StarCraftBot.behaviours.ResourceControl.AvailableSupply+POSH_StarCraftBot.behaviours.StrategyControl.EnemyRace - Created
14:03:51,234 DEBUG 0.DE.createForceProtoss - Created
14:03:51,234 DEBUG 0.DP.EighteenNexusOpening - Created
14:03:51,234 DEBUG 0.Sense.NeedBuilding - Created
14:03:51,235 DEBUG 0.Sense.EnemyRace - Created
14:03:51,235 DEBUG 0.T.POSH_StarCraftBot.behaviours.BuildingControl.NeedBuilding+POSH_StarCraftBot.behaviours.StrategyControl.EnemyRace - Created
14:03:51,235 DEBUG 0.DE.buildProtoss - Created
14:03:51,235 DEBUG 0.DP.EighteenNexusOpening - Created
14:03:51,235 DEBUG 0.Sense.Success - Created
14:03:51,235 DEBUG 0.T.POSH_StarCraftBot.Core.Success - Created
14:03:51,235 DEBUG 0.DE.wait  - Created
14:03:51,235 DEBUG 0.DP.EighteenNexusOpening - Created
14:03:51,235 DEBUG 0.SDC.EighteenNexusOpening - Created
14:03:51,236 DEBUG 0          - Resetting the behaviours
14:03:51,236 DEBUG 0          - Resetting behaviour POSH_StarCraftBot.behaviours.StrategyControl
14:03:51,236 DEBUG 0          - Resetting behaviour POSH_StarCraftBot.Core
