[    80ms] INFO  POSH.sys.LogBase - tesat
[   128ms] INFO  0          - Creating instance of behaviour POSH_StarCraftBot.behaviours.StrategyControl.
[   128ms] DEBUG 0          - Registering behaviour in behaviour dictionary
[   140ms] INFO  0          - Creating instance of behaviour POSH_StarCraftBot.Core.
[   140ms] DEBUG 0          - Registering behaviour in behaviour dictionary
[   142ms] INFO  0          - Creating instance of behaviour POSH_StarCraftBot.behaviours.UnitControl.
[   142ms] DEBUG 0          - Registering behaviour in behaviour dictionary
[   144ms] INFO  0          - Creating instance of behaviour POSH_StarCraftBot.behaviours.BuildingControl.
[   144ms] DEBUG 0          - Registering behaviour in behaviour dictionary
[   147ms] INFO  0          - Creating instance of behaviour POSH_StarCraftBot.behaviours.ResourceControl.
[   147ms] DEBUG 0          - Registering behaviour in behaviour dictionary
[   148ms] INFO  0          - Creating instance of behaviour POSH_StarCraftBot.behaviours.CombatControl.
[   148ms] DEBUG 0          - Registering behaviour in behaviour dictionary
[   152ms] DEBUG 0          - Reflecting behaviour POSH_StarCraftBot.behaviours.StrategyControl back onto agent
[   152ms] DEBUG 0          - Reflecting behaviour POSH_StarCraftBot.Core back onto agent
[   152ms] DEBUG 0          - Reflecting behaviour POSH_StarCraftBot.behaviours.UnitControl back onto agent
[   152ms] DEBUG 0          - Reflecting behaviour POSH_StarCraftBot.behaviours.BuildingControl back onto agent
[   152ms] DEBUG 0          - Reflecting behaviour POSH_StarCraftBot.behaviours.ResourceControl back onto agent
[   152ms] DEBUG 0          - Reflecting behaviour POSH_StarCraftBot.behaviours.CombatControl back onto agent
[   156ms] DEBUG 0          - Assigning attributes to behaviour Core
[   253ms] DEBUG 0.Sense.NaturalFound - Created
[   254ms] DEBUG 0.T.POSH_StarCraftBot.behaviours.StrategyControl.NaturalFound - Created
[   255ms] DEBUG 0.C.exploreLocal - Created
[   255ms] DEBUG 0.Sense.GameRunning - Created
[   255ms] DEBUG 0.T.POSH_StarCraftBot.behaviours.StrategyControl.GameRunning - Created
[   255ms] DEBUG 0.C.attackEnemy - Created
[   255ms] DEBUG 0.Sense.GameRunning - Created
[   255ms] DEBUG 0.T.POSH_StarCraftBot.behaviours.StrategyControl.GameRunning - Created
[   255ms] DEBUG 0.C.defendLocation - Created
[   255ms] DEBUG 0.Sense.GameRunning - Created
[   255ms] DEBUG 0.T.POSH_StarCraftBot.behaviours.StrategyControl.GameRunning - Created
[   255ms] DEBUG 0.C.probeHarvesting - Created
[   255ms] DEBUG 0.Sense.GameRunning - Created
[   255ms] DEBUG 0.T.POSH_StarCraftBot.behaviours.StrategyControl.GameRunning - Created
[   255ms] DEBUG 0.C.OneBaseSpeedZealotResearch - Created
[   255ms] DEBUG 0.Sense.GameRunning - Created
[   255ms] DEBUG 0.T.POSH_StarCraftBot.behaviours.StrategyControl.GameRunning - Created
[   255ms] DEBUG 0.C.OneBaseSpeedZealotForce - Created
[   255ms] DEBUG 0.Sense.AssimilatorCount - Created
[   255ms] DEBUG 0.Sense.GatewayCount - Created
[   255ms] DEBUG 0.Sense.CyberneticsCoreCount - Created
[   255ms] DEBUG 0.Sense.GameRunning - Created
[   255ms] DEBUG 0.T.POSH_StarCraftBot.behaviours.BuildingControl.AssimilatorCount+POSH_StarCraftBot.behaviours.BuildingControl.GatewayCount+POSH_StarCraftBot.behaviours.BuildingControl.CyberneticsCoreCount+POSH_StarCraftBot.behaviours.StrategyControl.GameRunning - Created
[   255ms] DEBUG 0.C.OneBaseSpeedZealotBuild - Created
[   255ms] DEBUG 0.Sense.GameRunning - Created
[   255ms] DEBUG 0.T.POSH_StarCraftBot.behaviours.StrategyControl.GameRunning - Created
[   255ms] DEBUG 0.C.TwoGateDarkTemplarResearch - Created
[   255ms] DEBUG 0.Sense.GameRunning - Created
[   255ms] DEBUG 0.T.POSH_StarCraftBot.behaviours.StrategyControl.GameRunning - Created
[   255ms] DEBUG 0.C.TwoGateDarkTemplarForce - Created
[   255ms] DEBUG 0.Sense.GameRunning - Created
[   255ms] DEBUG 0.T.POSH_StarCraftBot.behaviours.StrategyControl.GameRunning - Created
[   255ms] DEBUG 0.C.TerranMidGameForce - Created
[   255ms] DEBUG 0.Sense.GameRunning - Created
[   256ms] DEBUG 0.T.POSH_StarCraftBot.behaviours.StrategyControl.GameRunning - Created
[   256ms] DEBUG 0.C.TwoGateDarkTemplarBuild - Created
[   256ms] DEBUG 0.Sense.GameRunning - Created
[   256ms] DEBUG 0.T.POSH_StarCraftBot.behaviours.StrategyControl.GameRunning - Created
[   256ms] DEBUG 0.C.ObserverResearch - Created
[   256ms] DEBUG 0.Sense.GameRunning - Created
[   256ms] DEBUG 0.T.POSH_StarCraftBot.behaviours.StrategyControl.GameRunning - Created
[   256ms] DEBUG 0.C.FastExpandResearch - Created
[   256ms] DEBUG 0.Sense.GameRunning - Created
[   256ms] DEBUG 0.T.POSH_StarCraftBot.behaviours.StrategyControl.GameRunning - Created
[   256ms] DEBUG 0.C.FastExpandForce - Created
[   256ms] DEBUG 0.Sense.GameRunning - Created
[   256ms] DEBUG 0.T.POSH_StarCraftBot.behaviours.StrategyControl.GameRunning - Created
[   256ms] DEBUG 0.C.FastExpandBuild - Created
[   257ms] DEBUG 0.AP.flee  - Created
[   257ms] DEBUG 0.AP.idle  - Created
[   257ms] DEBUG 0.AP.attackZerg - Created
[   257ms] DEBUG 0.AP.attackTerran - Created
[   257ms] DEBUG 0.AP.attackProtoss - Created
[   257ms] DEBUG 0.AP.defendZerg - Created
[   257ms] DEBUG 0.AP.defendTerran - Created
[   257ms] DEBUG 0.AP.defendProtoss - Created
[   257ms] DEBUG 0.AP.naturalNexus - Created
[   257ms] DEBUG 0.AP.buildNexus - Created
[   257ms] DEBUG 0.AP.buildBasePylon - Created
[   257ms] DEBUG 0.AP.buildNaturalPylon - Created
[   257ms] DEBUG 0.AP.buildNaturalChokePylon - Created
[   257ms] DEBUG 0.AP.buildChokePylon - Created
[   257ms] DEBUG 0.AP.buildNaturalCannon - Created
[   257ms] DEBUG 0.AP.buildBaseCannon - Created
[   257ms] DEBUG 0.AP.buildNaturalChokeCannon - Created
[   257ms] DEBUG 0.AP.buildForge - Created
[   257ms] DEBUG 0.AP.buildCyberneticsCore - Created
[   257ms] DEBUG 0.AP.buildGateway - Created
[   257ms] DEBUG 0.AP.buildChokeGateway - Created
[   257ms] DEBUG 0.AP.buildArchives - Created
[   257ms] DEBUG 0.AP.buildCitadel - Created
[   257ms] DEBUG 0.AP.buildAssimilator - Created
[   257ms] DEBUG 0.AP.buildNaturalAssimilator - Created
[   257ms] DEBUG 0.AP.buildRoboticsFacility - Created
[   257ms] DEBUG 0.AP.buildObservatory - Created
[   257ms] DEBUG 0.AP.dragoon - Created
[   257ms] DEBUG 0.AP.trainZealot - Created
[   257ms] DEBUG 0.AP.corsair - Created
[   257ms] DEBUG 0.AP.probeScoutToNatural - Created
[   257ms] DEBUG 0.AP.moveArmyToChoke - Created
[   257ms] DEBUG 0.AP.buildStargate - Created
[   257ms] DEBUG 0.AP.buildFleetbeacon - Created
[   259ms] DEBUG 0.Sense.HaveScout - Created
[   259ms] DEBUG 0.T.POSH_StarCraftBot.behaviours.StrategyControl.HaveScout - Created
[   260ms] DEBUG 0.CE.probeScoutToNatural - Created
[   261ms] DEBUG 0.CP.exploreLocal - Created
[   261ms] DEBUG 0.C.exploreLocal - Reset
[   262ms] DEBUG 0.CP.exploreLocal - Reset
[   262ms] DEBUG 0.Sense.EnemyRace - Created
[   262ms] DEBUG 0.T.POSH_StarCraftBot.behaviours.StrategyControl.EnemyRace - Created
[   262ms] DEBUG 0.CE.attackZerg - Created
[   262ms] DEBUG 0.CP.attackEnemy - Created
[   262ms] DEBUG 0.Sense.EnemyRace - Created
[   262ms] DEBUG 0.T.POSH_StarCraftBot.behaviours.StrategyControl.EnemyRace - Created
[   262ms] DEBUG 0.CE.attackTerran - Created
[   262ms] DEBUG 0.CP.attackEnemy - Created
[   262ms] DEBUG 0.Sense.EnemyRace - Created
[   262ms] DEBUG 0.T.POSH_StarCraftBot.behaviours.StrategyControl.EnemyRace - Created
[   262ms] DEBUG 0.CE.attackProtoss - Created
[   262ms] DEBUG 0.CP.attackEnemy - Created
[   262ms] DEBUG 0.Sense.ZealotCount - Created
[   262ms] DEBUG 0.T.POSH_StarCraftBot.behaviours.UnitControl.ZealotCount - Created
[   264ms] DEBUG 0.Action.StopZealot - Created
[   264ms] DEBUG 0.CE.stopTrainingZealots - Created
[   264ms] DEBUG 0.CP.attackEnemy - Created
[   264ms] DEBUG 0.C.attackEnemy - Reset
[   264ms] DEBUG 0.CP.attackEnemy - Reset
[   264ms] DEBUG 0.CP.attackEnemy - Reset
[   264ms] DEBUG 0.CP.attackEnemy - Reset
[   264ms] DEBUG 0.CP.attackEnemy - Reset
[   264ms] DEBUG 0.Sense.EnemyRace - Created
[   264ms] DEBUG 0.T.POSH_StarCraftBot.behaviours.StrategyControl.EnemyRace - Created
[   264ms] DEBUG 0.CE.defendZerg - Created
[   264ms] DEBUG 0.CP.defendLocation - Created
[   264ms] DEBUG 0.Sense.EnemyRace - Created
[   264ms] DEBUG 0.T.POSH_StarCraftBot.behaviours.StrategyControl.EnemyRace - Created
[   264ms] DEBUG 0.CE.defendTerran - Created
[   264ms] DEBUG 0.CP.defendLocation - Created
[   264ms] DEBUG 0.Sense.EnemyRace - Created
[   264ms] DEBUG 0.T.POSH_StarCraftBot.behaviours.StrategyControl.EnemyRace - Created
[   264ms] DEBUG 0.CE.defendkProtoss - Created
[   264ms] DEBUG 0.CP.defendLocation - Created
[   264ms] DEBUG 0.C.defendLocation - Reset
[   264ms] DEBUG 0.CP.defendLocation - Reset
[   264ms] DEBUG 0.CP.defendLocation - Reset
[   264ms] DEBUG 0.CP.defendLocation - Reset
[   264ms] DEBUG 0.Sense.AssimilatorCount - Created
[   265ms] DEBUG 0.Sense.ProbeAssimilatorRatio - Created
[   265ms] DEBUG 0.T.POSH_StarCraftBot.behaviours.BuildingControl.AssimilatorCount+POSH_StarCraftBot.behaviours.StrategyControl.ProbeAssimilatorRatio - Created
[   265ms] DEBUG 0.Action.AssignToGas - Created
[   265ms] DEBUG 0.CE.miningGas - Created
[   265ms] DEBUG 0.CP.probeHarvesting - Created
[   265ms] DEBUG 0.Sense.IdleProbes - Created
[   265ms] DEBUG 0.T.POSH_StarCraftBot.behaviours.UnitControl.IdleProbes - Created
[   265ms] DEBUG 0.Action.AssignProbes - Created
[   265ms] DEBUG 0.CE.miningCrystal - Created
[   265ms] DEBUG 0.CP.probeHarvesting - Created
[   265ms] DEBUG 0.C.probeHarvesting - Reset
[   265ms] DEBUG 0.CP.probeHarvesting - Reset
[   265ms] DEBUG 0.CP.probeHarvesting - Reset
[   265ms] DEBUG 0.Sense.HaveLegs - Created
[   265ms] DEBUG 0.T.POSH_StarCraftBot.behaviours.ResourceControl.HaveLegs - Created
[   265ms] DEBUG 0.Action.LegsUpgrade - Created
[   265ms] DEBUG 0.CE.researchLegs - Created
[   265ms] DEBUG 0.CP.OneBaseSpeedZealotResearch - Created
[   265ms] DEBUG 0.Sense.HaveGroundWep - Created
[   265ms] DEBUG 0.T.POSH_StarCraftBot.behaviours.ResourceControl.HaveGroundWep - Created
[   265ms] DEBUG 0.Action.GroundWepUpgrade - Created
[   265ms] DEBUG 0.CE.researchGroundWep - Created
[   265ms] DEBUG 0.CP.OneBaseSpeedZealotResearch - Created
[   265ms] DEBUG 0.Sense.HaveDragoonRange - Created
[   265ms] DEBUG 0.T.POSH_StarCraftBot.behaviours.ResourceControl.HaveDragoonRange - Created
[   266ms] DEBUG 0.Action.DragoonRangeUpgrade - Created
[   266ms] DEBUG 0.CE.researchRange - Created
[   266ms] DEBUG 0.CP.OneBaseSpeedZealotResearch - Created
[   266ms] DEBUG 0.Sense.HaveLegs - Created
[   266ms] DEBUG 0.Sense.HaveDragoonRange - Created
[   266ms] DEBUG 0.Sense.HaveGroundWep - Created
[   266ms] DEBUG 0.T.POSH_StarCraftBot.behaviours.ResourceControl.HaveLegs+POSH_StarCraftBot.behaviours.ResourceControl.HaveDragoonRange+POSH_StarCraftBot.behaviours.ResourceControl.HaveGroundWep - Created
[   266ms] DEBUG 0.Action.DoNotNeedResearch - Created
[   266ms] DEBUG 0.CE.needResearch - Created
[   266ms] DEBUG 0.CP.OneBaseSpeedZealotResearch - Created
[   266ms] DEBUG 0.C.OneBaseSpeedZealotResearch - Reset
[   266ms] DEBUG 0.CP.OneBaseSpeedZealotResearch - Reset
[   266ms] DEBUG 0.CP.OneBaseSpeedZealotResearch - Reset
[   266ms] DEBUG 0.CP.OneBaseSpeedZealotResearch - Reset
[   266ms] DEBUG 0.CP.OneBaseSpeedZealotResearch - Reset
[   266ms] DEBUG 0.Sense.ZealotCount - Created
[   266ms] DEBUG 0.Sense.ArchivesCount - Created
[   266ms] DEBUG 0.T.POSH_StarCraftBot.behaviours.UnitControl.ZealotCount+POSH_StarCraftBot.behaviours.BuildingControl.ArchivesCount - Created
[   266ms] DEBUG 0.Action.TrainZealot - Created
[   266ms] DEBUG 0.CE.trainZealot - Created
[   266ms] DEBUG 0.CP.OneBaseSpeedZealotForce - Created
[   266ms] DEBUG 0.Sense.ZealotCount - Created
[   266ms] DEBUG 0.Sense.ArchivesCount - Created
[   266ms] DEBUG 0.Sense.PylonCount - Created
[   266ms] DEBUG 0.T.POSH_StarCraftBot.behaviours.UnitControl.ZealotCount+POSH_StarCraftBot.behaviours.BuildingControl.ArchivesCount+POSH_StarCraftBot.behaviours.BuildingControl.PylonCount - Created
[   266ms] DEBUG 0.Action.TrainZealot - Created
[   267ms] DEBUG 0.CE.trainZealot - Created
[   267ms] DEBUG 0.CP.OneBaseSpeedZealotForce - Created
[   267ms] DEBUG 0.Sense.ZealotCount - Created
[   267ms] DEBUG 0.Sense.ArchivesCount - Created
[   267ms] DEBUG 0.Sense.CyberneticsCoreCount - Created
[   267ms] DEBUG 0.T.POSH_StarCraftBot.behaviours.UnitControl.ZealotCount+POSH_StarCraftBot.behaviours.BuildingControl.ArchivesCount+POSH_StarCraftBot.behaviours.BuildingControl.CyberneticsCoreCount - Created
[   267ms] DEBUG 0.Action.TrainZealot - Created
[   267ms] DEBUG 0.CE.trainZealot - Created
[   267ms] DEBUG 0.CP.OneBaseSpeedZealotForce - Created
[   267ms] DEBUG 0.Sense.DragoonCount - Created
[   267ms] DEBUG 0.Sense.CyberneticsCoreCount - Created
[   267ms] DEBUG 0.T.POSH_StarCraftBot.behaviours.UnitControl.DragoonCount+POSH_StarCraftBot.behaviours.BuildingControl.CyberneticsCoreCount - Created
[   267ms] DEBUG 0.Action.TrainDragoon - Created
[   267ms] DEBUG 0.CE.trainDragoon - Created
[   267ms] DEBUG 0.CP.OneBaseSpeedZealotForce - Created
[   267ms] DEBUG 0.Sense.ZealotCount - Created
[   267ms] DEBUG 0.Sense.ArchivesCount - Created
[   267ms] DEBUG 0.Sense.CitadelCount - Created
[   267ms] DEBUG 0.T.POSH_StarCraftBot.behaviours.UnitControl.ZealotCount+POSH_StarCraftBot.behaviours.BuildingControl.ArchivesCount+POSH_StarCraftBot.behaviours.BuildingControl.CitadelCount - Created
[   267ms] DEBUG 0.Action.TrainZealot - Created
[   267ms] DEBUG 0.CE.trainZealot - Created
[   267ms] DEBUG 0.CP.OneBaseSpeedZealotForce - Created
[   267ms] DEBUG 0.Sense.ZealotCount - Created
[   267ms] DEBUG 0.Sense.ArchivesCount - Created
[   267ms] DEBUG 0.Sense.HaveLegs - Created
[   268ms] DEBUG 0.T.POSH_StarCraftBot.behaviours.UnitControl.ZealotCount+POSH_StarCraftBot.behaviours.BuildingControl.ArchivesCount+POSH_StarCraftBot.behaviours.ResourceControl.HaveLegs - Created
[   268ms] DEBUG 0.Action.TrainZealot - Created
[   268ms] DEBUG 0.CE.trainZealot - Created
[   268ms] DEBUG 0.CP.OneBaseSpeedZealotForce - Created
[   268ms] DEBUG 0.Sense.ZealotCount - Created
[   268ms] DEBUG 0.Sense.ArchivesCount - Created
[   268ms] DEBUG 0.T.POSH_StarCraftBot.behaviours.UnitControl.ZealotCount+POSH_StarCraftBot.behaviours.BuildingControl.ArchivesCount - Created
[   268ms] DEBUG 0.Action.StopZealot - Created
[   268ms] DEBUG 0.CE.trainZealot - Created
[   268ms] DEBUG 0.CP.OneBaseSpeedZealotForce - Created
[   268ms] DEBUG 0.Sense.DarkTemplarCount - Created
[   268ms] DEBUG 0.Sense.ArchivesCount - Created
[   268ms] DEBUG 0.Sense.RoboticsFacilityCount - Created
[   268ms] DEBUG 0.T.POSH_StarCraftBot.behaviours.UnitControl.DarkTemplarCount+POSH_StarCraftBot.behaviours.BuildingControl.ArchivesCount+POSH_StarCraftBot.behaviours.BuildingControl.RoboticsFacilityCount - Created
[   268ms] DEBUG 0.Action.TrainDarkTemplar - Created
[   268ms] DEBUG 0.CE.trainDark - Created
[   268ms] DEBUG 0.CP.OneBaseSpeedZealotForce - Created
[   268ms] DEBUG 0.Sense.ObserverCount - Created
[   268ms] DEBUG 0.Sense.ObservatoryCount - Created
[   268ms] DEBUG 0.T.POSH_StarCraftBot.behaviours.UnitControl.ObserverCount+POSH_StarCraftBot.behaviours.BuildingControl.ObservatoryCount - Created
[   268ms] DEBUG 0.Action.TrainObserver - Created
[   268ms] DEBUG 0.CE.trainObserver - Created
[   268ms] DEBUG 0.CP.OneBaseSpeedZealotForce - Created
[   268ms] DEBUG 0.Sense.DragoonCount - Created
[   268ms] DEBUG 0.Sense.CyberneticsCoreCount - Created
[   269ms] DEBUG 0.T.POSH_StarCraftBot.behaviours.UnitControl.DragoonCount+POSH_StarCraftBot.behaviours.BuildingControl.CyberneticsCoreCount - Created
[   269ms] DEBUG 0.Action.TrainDragoon - Created
[   269ms] DEBUG 0.CE.trainDragoon - Created
[   269ms] DEBUG 0.CP.OneBaseSpeedZealotForce - Created
[   269ms] DEBUG 0.C.OneBaseSpeedZealotForce - Reset
[   269ms] DEBUG 0.CP.OneBaseSpeedZealotForce - Reset
[   269ms] DEBUG 0.CP.OneBaseSpeedZealotForce - Reset
[   269ms] DEBUG 0.CP.OneBaseSpeedZealotForce - Reset
[   269ms] DEBUG 0.CP.OneBaseSpeedZealotForce - Reset
[   269ms] DEBUG 0.CP.OneBaseSpeedZealotForce - Reset
[   269ms] DEBUG 0.CP.OneBaseSpeedZealotForce - Reset
[   269ms] DEBUG 0.CP.OneBaseSpeedZealotForce - Reset
[   269ms] DEBUG 0.CP.OneBaseSpeedZealotForce - Reset
[   269ms] DEBUG 0.CP.OneBaseSpeedZealotForce - Reset
[   269ms] DEBUG 0.CP.OneBaseSpeedZealotForce - Reset
[   269ms] DEBUG 0.Sense.NexusCount - Created
[   269ms] DEBUG 0.T.POSH_StarCraftBot.behaviours.BuildingControl.NexusCount - Created
[   269ms] DEBUG 0.CE.buildNexus - Created
[   269ms] DEBUG 0.CP.OneBaseSpeedZealotBuild - Created
[   269ms] DEBUG 0.Sense.PylonConstructing - Created
[   269ms] DEBUG 0.Sense.AvailableSupply - Created
[   269ms] DEBUG 0.T.POSH_StarCraftBot.behaviours.BuildingControl.PylonConstructing+POSH_StarCraftBot.behaviours.ResourceControl.AvailableSupply - Created
[   269ms] DEBUG 0.CE.buildSupplyPylon - Created
[   269ms] DEBUG 0.CP.OneBaseSpeedZealotBuild - Created
[   269ms] DEBUG 0.Sense.ProbeCount - Created
[   269ms] DEBUG 0.T.POSH_StarCraftBot.behaviours.UnitControl.ProbeCount - Created
[   269ms] DEBUG 0.Action.BuildProbe - Created
[   269ms] DEBUG 0.CE.buildProbes - Created
[   270ms] DEBUG 0.CP.OneBaseSpeedZealotBuild - Created
[   270ms] DEBUG 0.Sense.GatewayCount - Created
[   270ms] DEBUG 0.T.POSH_StarCraftBot.behaviours.BuildingControl.GatewayCount - Created
[   270ms] DEBUG 0.CE.buildFirstGateway - Created
[   270ms] DEBUG 0.CP.OneBaseSpeedZealotBuild - Created
[   270ms] DEBUG 0.Sense.ForgeCount - Created
[   270ms] DEBUG 0.Sense.PylonCount - Created
[   270ms] DEBUG 0.T.POSH_StarCraftBot.behaviours.BuildingControl.ForgeCount+POSH_StarCraftBot.behaviours.BuildingControl.PylonCount - Created
[   270ms] DEBUG 0.CE.buildForge - Created
[   270ms] DEBUG 0.CP.OneBaseSpeedZealotBuild - Created
[   270ms] DEBUG 0.Sense.ForgeCount - Created
[   270ms] DEBUG 0.Sense.CannonCount - Created
[   270ms] DEBUG 0.T.POSH_StarCraftBot.behaviours.BuildingControl.ForgeCount+POSH_StarCraftBot.behaviours.BuildingControl.CannonCount - Created
[   270ms] DEBUG 0.CE.buildBaseCannon - Created
[   270ms] DEBUG 0.CP.OneBaseSpeedZealotBuild - Created
[   270ms] DEBUG 0.Sense.GatewayCount - Created
[   270ms] DEBUG 0.Sense.ProbeCount - Created
[   270ms] DEBUG 0.T.POSH_StarCraftBot.behaviours.BuildingControl.GatewayCount+POSH_StarCraftBot.behaviours.UnitControl.ProbeCount - Created
[   270ms] DEBUG 0.Action.BuildProbe - Created
[   270ms] DEBUG 0.CE.buildProbes - Created
[   270ms] DEBUG 0.CP.OneBaseSpeedZealotBuild - Created
[   270ms] DEBUG 0.Sense.AssimilatorCount - Created
[   270ms] DEBUG 0.Sense.GatewayCount - Created
[   270ms] DEBUG 0.T.POSH_StarCraftBot.behaviours.BuildingControl.AssimilatorCount+POSH_StarCraftBot.behaviours.BuildingControl.GatewayCount - Created
[   270ms] DEBUG 0.CE.buildAssimilator - Created
[   271ms] DEBUG 0.CP.OneBaseSpeedZealotBuild - Created
[   271ms] DEBUG 0.Sense.AssimilatorCount - Created
[   271ms] DEBUG 0.Sense.ProbeCount - Created
[   271ms] DEBUG 0.T.POSH_StarCraftBot.behaviours.BuildingControl.AssimilatorCount+POSH_StarCraftBot.behaviours.UnitControl.ProbeCount - Created
[   271ms] DEBUG 0.Action.BuildProbe - Created
[   271ms] DEBUG 0.CE.buildProbes - Created
[   271ms] DEBUG 0.CP.OneBaseSpeedZealotBuild - Created
[   271ms] DEBUG 0.Sense.CyberneticsCoreCount - Created
[   271ms] DEBUG 0.Sense.AssimilatorCount - Created
[   271ms] DEBUG 0.T.POSH_StarCraftBot.behaviours.BuildingControl.CyberneticsCoreCount+POSH_StarCraftBot.behaviours.BuildingControl.AssimilatorCount - Created
[   271ms] DEBUG 0.CE.buildCyberneticsCore - Created
[   271ms] DEBUG 0.CP.OneBaseSpeedZealotBuild - Created
[   271ms] DEBUG 0.Sense.ProbeCount - Created
[   271ms] DEBUG 0.T.POSH_StarCraftBot.behaviours.UnitControl.ProbeCount - Created
[   271ms] DEBUG 0.Action.BuildProbe - Created
[   271ms] DEBUG 0.CE.buildProbes - Created
[   271ms] DEBUG 0.CP.OneBaseSpeedZealotBuild - Created
[   271ms] DEBUG 0.Sense.CyberneticsCoreCount - Created
[   271ms] DEBUG 0.Sense.CitadelCount - Created
[   271ms] DEBUG 0.T.POSH_StarCraftBot.behaviours.BuildingControl.CyberneticsCoreCount+POSH_StarCraftBot.behaviours.BuildingControl.CitadelCount - Created
[   271ms] DEBUG 0.CE.buildCitadel - Created
[   271ms] DEBUG 0.CP.OneBaseSpeedZealotBuild - Created
[   271ms] DEBUG 0.Sense.CitadelCount - Created
[   271ms] DEBUG 0.Sense.GatewayCount - Created
[   271ms] DEBUG 0.T.POSH_StarCraftBot.behaviours.BuildingControl.CitadelCount+POSH_StarCraftBot.behaviours.BuildingControl.GatewayCount - Created
[   272ms] DEBUG 0.CE.buildSecondGateway - Created
[   272ms] DEBUG 0.CP.OneBaseSpeedZealotBuild - Created
[   272ms] DEBUG 0.Sense.HaveLegs - Created
[   272ms] DEBUG 0.Sense.ArchivesCount - Created
[   272ms] DEBUG 0.T.POSH_StarCraftBot.behaviours.ResourceControl.HaveLegs+POSH_StarCraftBot.behaviours.BuildingControl.ArchivesCount - Created
[   272ms] DEBUG 0.CE.buildArchives - Created
[   272ms] DEBUG 0.CP.OneBaseSpeedZealotBuild - Created
[   272ms] DEBUG 0.Sense.ArchivesCount - Created
[   272ms] DEBUG 0.Sense.RoboticsFacilityCount - Created
[   272ms] DEBUG 0.T.POSH_StarCraftBot.behaviours.BuildingControl.ArchivesCount+POSH_StarCraftBot.behaviours.BuildingControl.RoboticsFacilityCount - Created
[   272ms] DEBUG 0.CE.buildRoboticsFacility - Created
[   272ms] DEBUG 0.CP.OneBaseSpeedZealotBuild - Created
[   272ms] DEBUG 0.Sense.RoboticsFacilityCount - Created
[   272ms] DEBUG 0.Sense.ObservatoryCount - Created
[   272ms] DEBUG 0.T.POSH_StarCraftBot.behaviours.BuildingControl.RoboticsFacilityCount+POSH_StarCraftBot.behaviours.BuildingControl.ObservatoryCount - Created
[   272ms] DEBUG 0.CE.buildObservatory - Created
[   272ms] DEBUG 0.CP.OneBaseSpeedZealotBuild - Created
[   272ms] DEBUG 0.Sense.NexusCount - Created
[   272ms] DEBUG 0.Sense.NaturalFound - Created
[   272ms] DEBUG 0.T.POSH_StarCraftBot.behaviours.BuildingControl.NexusCount+POSH_StarCraftBot.behaviours.StrategyControl.NaturalFound - Created
[   272ms] DEBUG 0.CE.buildNaturalNexus - Created
[   272ms] DEBUG 0.CP.OneBaseSpeedZealotBuild - Created
[   272ms] DEBUG 0.Sense.NexusCount - Created
[   272ms] DEBUG 0.Sense.AssimilatorCount - Created
[   272ms] DEBUG 0.T.POSH_StarCraftBot.behaviours.BuildingControl.NexusCount+POSH_StarCraftBot.behaviours.BuildingControl.AssimilatorCount - Created
[   272ms] DEBUG 0.CE.buildAssimilator - Created
[   273ms] DEBUG 0.CP.OneBaseSpeedZealotBuild - Created
[   273ms] DEBUG 0.C.OneBaseSpeedZealotBuild - Reset
[   273ms] DEBUG 0.CP.OneBaseSpeedZealotBuild - Reset
[   273ms] DEBUG 0.CP.OneBaseSpeedZealotBuild - Reset
[   273ms] DEBUG 0.CP.OneBaseSpeedZealotBuild - Reset
[   273ms] DEBUG 0.CP.OneBaseSpeedZealotBuild - Reset
[   273ms] DEBUG 0.CP.OneBaseSpeedZealotBuild - Reset
[   273ms] DEBUG 0.CP.OneBaseSpeedZealotBuild - Reset
[   273ms] DEBUG 0.CP.OneBaseSpeedZealotBuild - Reset
[   273ms] DEBUG 0.CP.OneBaseSpeedZealotBuild - Reset
[   273ms] DEBUG 0.CP.OneBaseSpeedZealotBuild - Reset
[   273ms] DEBUG 0.CP.OneBaseSpeedZealotBuild - Reset
[   273ms] DEBUG 0.CP.OneBaseSpeedZealotBuild - Reset
[   273ms] DEBUG 0.CP.OneBaseSpeedZealotBuild - Reset
[   273ms] DEBUG 0.CP.OneBaseSpeedZealotBuild - Reset
[   273ms] DEBUG 0.CP.OneBaseSpeedZealotBuild - Reset
[   273ms] DEBUG 0.CP.OneBaseSpeedZealotBuild - Reset
[   273ms] DEBUG 0.CP.OneBaseSpeedZealotBuild - Reset
[   273ms] DEBUG 0.CP.OneBaseSpeedZealotBuild - Reset
[   273ms] DEBUG 0.CP.OneBaseSpeedZealotBuild - Reset
[   273ms] DEBUG 0.Sense.HaveGroundWep - Created
[   273ms] DEBUG 0.T.POSH_StarCraftBot.behaviours.ResourceControl.HaveGroundWep - Created
[   273ms] DEBUG 0.Action.GroundWepUpgrade - Created
[   273ms] DEBUG 0.CE.researchWep - Created
[   273ms] DEBUG 0.CP.TwoGateDarkTemplarResearch - Created
[   273ms] DEBUG 0.Sense.HaveDragoonRange - Created
[   273ms] DEBUG 0.T.POSH_StarCraftBot.behaviours.ResourceControl.HaveDragoonRange - Created
[   273ms] DEBUG 0.Action.DragoonRangeUpgrade - Created
[   273ms] DEBUG 0.CE.researchRange - Created
[   273ms] DEBUG 0.CP.TwoGateDarkTemplarResearch - Created
[   273ms] DEBUG 0.Sense.HaveGroundWep - Created
[   273ms] DEBUG 0.Sense.HaveDragoonRange - Created
[   273ms] DEBUG 0.T.POSH_StarCraftBot.behaviours.ResourceControl.HaveGroundWep+POSH_StarCraftBot.behaviours.ResourceControl.HaveDragoonRange - Created
[   273ms] DEBUG 0.Action.DoNotNeedResearch - Created
[   274ms] DEBUG 0.CE.needResearch - Created
[   274ms] DEBUG 0.CP.TwoGateDarkTemplarResearch - Created
[   274ms] DEBUG 0.C.TwoGateDarkTemplarResearch - Reset
[   274ms] DEBUG 0.CP.TwoGateDarkTemplarResearch - Reset
[   274ms] DEBUG 0.CP.TwoGateDarkTemplarResearch - Reset
[   274ms] DEBUG 0.CP.TwoGateDarkTemplarResearch - Reset
[   274ms] DEBUG 0.Sense.ZealotCount - Created
[   274ms] DEBUG 0.Sense.CanTrainZealot - Created
[   274ms] DEBUG 0.T.POSH_StarCraftBot.behaviours.UnitControl.ZealotCount+POSH_StarCraftBot.behaviours.UnitControl.CanTrainZealot - Created
[   274ms] DEBUG 0.Action.TrainZealot - Created
[   274ms] DEBUG 0.CE.trainZealot - Created
[   274ms] DEBUG 0.CP.TwoGateDarkTemplarForce - Created
[   274ms] DEBUG 0.Sense.ZealotCount - Created
[   274ms] DEBUG 0.Sense.CanTrainZealot - Created
[   274ms] DEBUG 0.T.POSH_StarCraftBot.behaviours.UnitControl.ZealotCount+POSH_StarCraftBot.behaviours.UnitControl.CanTrainZealot - Created
[   274ms] DEBUG 0.Action.StopZealot - Created
[   274ms] DEBUG 0.CE.stopZealot - Created
[   274ms] DEBUG 0.CP.TwoGateDarkTemplarForce - Created
[   274ms] DEBUG 0.Sense.DragoonCount - Created
[   274ms] DEBUG 0.Sense.CyberneticsCoreCount - Created
[   274ms] DEBUG 0.T.POSH_StarCraftBot.behaviours.UnitControl.DragoonCount+POSH_StarCraftBot.behaviours.BuildingControl.CyberneticsCoreCount - Created
[   274ms] DEBUG 0.Action.TrainSingleDragoon - Created
[   274ms] DEBUG 0.CE.trainDragoon - Created
[   274ms] DEBUG 0.CP.TwoGateDarkTemplarForce - Created
[   274ms] DEBUG 0.Sense.DarkTemplarCount - Created
[   274ms] DEBUG 0.Sense.ArchivesCount - Created
[   274ms] DEBUG 0.T.POSH_StarCraftBot.behaviours.UnitControl.DarkTemplarCount+POSH_StarCraftBot.behaviours.BuildingControl.ArchivesCount - Created
[   274ms] DEBUG 0.Action.TrainDarkTemplar - Created
[   275ms] DEBUG 0.CE.trainDark - Created
[   275ms] DEBUG 0.CP.TwoGateDarkTemplarForce - Created
[   275ms] DEBUG 0.Sense.ObserverCount - Created
[   275ms] DEBUG 0.Sense.ObservatoryCount - Created
[   275ms] DEBUG 0.T.POSH_StarCraftBot.behaviours.UnitControl.ObserverCount+POSH_StarCraftBot.behaviours.BuildingControl.ObservatoryCount - Created
[   275ms] DEBUG 0.Action.TrainObserver - Created
[   275ms] DEBUG 0.CE.trainObserver - Created
[   275ms] DEBUG 0.CP.TwoGateDarkTemplarForce - Created
[   275ms] DEBUG 0.C.TwoGateDarkTemplarForce - Reset
[   275ms] DEBUG 0.CP.TwoGateDarkTemplarForce - Reset
[   275ms] DEBUG 0.CP.TwoGateDarkTemplarForce - Reset
[   275ms] DEBUG 0.CP.TwoGateDarkTemplarForce - Reset
[   275ms] DEBUG 0.CP.TwoGateDarkTemplarForce - Reset
[   275ms] DEBUG 0.CP.TwoGateDarkTemplarForce - Reset
[   275ms] DEBUG 0.Sense.ObserverCount - Created
[   275ms] DEBUG 0.Sense.ObservatoryCount - Created
[   275ms] DEBUG 0.T.POSH_StarCraftBot.behaviours.UnitControl.ObserverCount+POSH_StarCraftBot.behaviours.BuildingControl.ObservatoryCount - Created
[   275ms] DEBUG 0.Action.TrainObserver - Created
[   275ms] DEBUG 0.CE.trainObserver - Created
[   275ms] DEBUG 0.CP.TerranMidGameForce - Created
[   275ms] DEBUG 0.Sense.CorsairCount - Created
[   275ms] DEBUG 0.Sense.StargateCount - Created
[   275ms] DEBUG 0.T.POSH_StarCraftBot.behaviours.UnitControl.CorsairCount+POSH_StarCraftBot.behaviours.BuildingControl.StargateCount - Created
[   275ms] DEBUG 0.Action.TrainCorsair - Created
[   275ms] DEBUG 0.CE.trainCorsair - Created
[   275ms] DEBUG 0.CP.TerranMidGameForce - Created
[   275ms] DEBUG 0.C.TerranMidGameForce - Reset
[   275ms] DEBUG 0.CP.TerranMidGameForce - Reset
[   275ms] DEBUG 0.CP.TerranMidGameForce - Reset
[   275ms] DEBUG 0.Sense.NexusCount - Created
[   276ms] DEBUG 0.T.POSH_StarCraftBot.behaviours.BuildingControl.NexusCount - Created
[   276ms] DEBUG 0.CE.buildNexus - Created
[   276ms] DEBUG 0.CP.TwoGateDarkTemplarBuild - Created
[   276ms] DEBUG 0.Sense.PylonConstructing - Created
[   276ms] DEBUG 0.Sense.AvailableSupply - Created
[   276ms] DEBUG 0.T.POSH_StarCraftBot.behaviours.BuildingControl.PylonConstructing+POSH_StarCraftBot.behaviours.ResourceControl.AvailableSupply - Created
[   276ms] DEBUG 0.CE.buildSupplyPylon - Created
[   276ms] DEBUG 0.CP.TwoGateDarkTemplarBuild - Created
[   276ms] DEBUG 0.Sense.ProbeCount - Created
[   276ms] DEBUG 0.T.POSH_StarCraftBot.behaviours.UnitControl.ProbeCount - Created
[   276ms] DEBUG 0.Action.BuildProbe - Created
[   276ms] DEBUG 0.CE.buildProbes - Created
[   276ms] DEBUG 0.CP.TwoGateDarkTemplarBuild - Created
[   276ms] DEBUG 0.Sense.GatewayCount - Created
[   276ms] DEBUG 0.Sense.PylonCount - Created
[   276ms] DEBUG 0.T.POSH_StarCraftBot.behaviours.BuildingControl.GatewayCount+POSH_StarCraftBot.behaviours.BuildingControl.PylonCount - Created
[   276ms] DEBUG 0.CE.buildFirstGateway - Created
[   276ms] DEBUG 0.CP.TwoGateDarkTemplarBuild - Created
[   276ms] DEBUG 0.Sense.ForgeCount - Created
[   276ms] DEBUG 0.Sense.PylonCount - Created
[   276ms] DEBUG 0.T.POSH_StarCraftBot.behaviours.BuildingControl.ForgeCount+POSH_StarCraftBot.behaviours.BuildingControl.PylonCount - Created
[   276ms] DEBUG 0.CE.buildForge - Created
[   276ms] DEBUG 0.CP.TwoGateDarkTemplarBuild - Created
[   276ms] DEBUG 0.Sense.ForgeCount - Created
[   276ms] DEBUG 0.Sense.CannonCount - Created
[   276ms] DEBUG 0.T.POSH_StarCraftBot.behaviours.BuildingControl.ForgeCount+POSH_StarCraftBot.behaviours.BuildingControl.CannonCount - Created
[   276ms] DEBUG 0.CE.buildBaseCannon - Created
[   277ms] DEBUG 0.CP.TwoGateDarkTemplarBuild - Created
[   277ms] DEBUG 0.Sense.ProbeCount - Created
[   277ms] DEBUG 0.T.POSH_StarCraftBot.behaviours.UnitControl.ProbeCount - Created
[   277ms] DEBUG 0.Action.BuildProbe - Created
[   277ms] DEBUG 0.CE.buildProbes - Created
[   277ms] DEBUG 0.CP.TwoGateDarkTemplarBuild - Created
[   277ms] DEBUG 0.Sense.AssimilatorCount - Created
[   277ms] DEBUG 0.Sense.GatewayCount - Created
[   277ms] DEBUG 0.T.POSH_StarCraftBot.behaviours.BuildingControl.AssimilatorCount+POSH_StarCraftBot.behaviours.BuildingControl.GatewayCount - Created
[   277ms] DEBUG 0.CE.buildAssimilator - Created
[   277ms] DEBUG 0.CP.TwoGateDarkTemplarBuild - Created
[   277ms] DEBUG 0.Sense.ProbeCount - Created
[   277ms] DEBUG 0.T.POSH_StarCraftBot.behaviours.UnitControl.ProbeCount - Created
[   277ms] DEBUG 0.Action.BuildProbe - Created
[   277ms] DEBUG 0.CE.buildProbes - Created
[   277ms] DEBUG 0.CP.TwoGateDarkTemplarBuild - Created
[   277ms] DEBUG 0.Sense.CyberneticsCoreCount - Created
[   277ms] DEBUG 0.Sense.AssimilatorCount - Created
[   277ms] DEBUG 0.T.POSH_StarCraftBot.behaviours.BuildingControl.CyberneticsCoreCount+POSH_StarCraftBot.behaviours.BuildingControl.AssimilatorCount - Created
[   277ms] DEBUG 0.CE.buildCyberneticsCore - Created
[   277ms] DEBUG 0.CP.TwoGateDarkTemplarBuild - Created
[   277ms] DEBUG 0.Sense.ForgeCount - Created
[   277ms] DEBUG 0.Sense.CannonCount - Created
[   277ms] DEBUG 0.T.POSH_StarCraftBot.behaviours.BuildingControl.ForgeCount+POSH_StarCraftBot.behaviours.BuildingControl.CannonCount - Created
[   277ms] DEBUG 0.CE.buildBaseCannon - Created
[   277ms] DEBUG 0.CP.TwoGateDarkTemplarBuild - Created
[   277ms] DEBUG 0.Sense.ProbeCount - Created
[   277ms] DEBUG 0.T.POSH_StarCraftBot.behaviours.UnitControl.ProbeCount - Created
[   278ms] DEBUG 0.Action.BuildProbe - Created
[   278ms] DEBUG 0.CE.buildProbes - Created
[   278ms] DEBUG 0.CP.TwoGateDarkTemplarBuild - Created
[   278ms] DEBUG 0.Sense.PylonConstructing - Created
[   278ms] DEBUG 0.Sense.PylonCount - Created
[   278ms] DEBUG 0.T.POSH_StarCraftBot.behaviours.BuildingControl.PylonConstructing+POSH_StarCraftBot.behaviours.BuildingControl.PylonCount - Created
[   278ms] DEBUG 0.CE.buildSupplyPylon - Created
[   278ms] DEBUG 0.CP.TwoGateDarkTemplarBuild - Created
[   278ms] DEBUG 0.Sense.ProbeCount - Created
[   278ms] DEBUG 0.T.POSH_StarCraftBot.behaviours.UnitControl.ProbeCount - Created
[   278ms] DEBUG 0.Action.BuildProbe - Created
[   278ms] DEBUG 0.CE.buildProbes - Created
[   278ms] DEBUG 0.CP.TwoGateDarkTemplarBuild - Created
[   278ms] DEBUG 0.Sense.CyberneticsCoreCount - Created
[   278ms] DEBUG 0.Sense.CitadelCount - Created
[   278ms] DEBUG 0.T.POSH_StarCraftBot.behaviours.BuildingControl.CyberneticsCoreCount+POSH_StarCraftBot.behaviours.BuildingControl.CitadelCount - Created
[   278ms] DEBUG 0.CE.buildCitadel - Created
[   278ms] DEBUG 0.CP.TwoGateDarkTemplarBuild - Created
[   278ms] DEBUG 0.Sense.CitadelCount - Created
[   278ms] DEBUG 0.Sense.GatewayCount - Created
[   278ms] DEBUG 0.T.POSH_StarCraftBot.behaviours.BuildingControl.CitadelCount+POSH_StarCraftBot.behaviours.BuildingControl.GatewayCount - Created
[   278ms] DEBUG 0.CE.buildSecondGateway - Created
[   278ms] DEBUG 0.CP.TwoGateDarkTemplarBuild - Created
[   278ms] DEBUG 0.Sense.ArchivesCount - Created
[   278ms] DEBUG 0.T.POSH_StarCraftBot.behaviours.BuildingControl.ArchivesCount - Created
[   278ms] DEBUG 0.CE.buildArchives - Created
[   279ms] DEBUG 0.CP.TwoGateDarkTemplarBuild - Created
[   279ms] DEBUG 0.Sense.PylonConstructing - Created
[   279ms] DEBUG 0.Sense.PylonCount - Created
[   279ms] DEBUG 0.T.POSH_StarCraftBot.behaviours.BuildingControl.PylonConstructing+POSH_StarCraftBot.behaviours.BuildingControl.PylonCount - Created
[   279ms] DEBUG 0.CE.buildSupplyPylon - Created
[   279ms] DEBUG 0.CP.TwoGateDarkTemplarBuild - Created
[   279ms] DEBUG 0.Sense.NexusCount - Created
[   279ms] DEBUG 0.Sense.NexusCount - Created
[   279ms] DEBUG 0.Sense.NaturalFound - Created
[   279ms] DEBUG 0.T.POSH_StarCraftBot.behaviours.BuildingControl.NexusCount+POSH_StarCraftBot.behaviours.BuildingControl.NexusCount+POSH_StarCraftBot.behaviours.StrategyControl.NaturalFound - Created
[   279ms] DEBUG 0.CE.buildNaturalNexus - Created
[   279ms] DEBUG 0.CP.TwoGateDarkTemplarBuild - Created
[   279ms] DEBUG 0.Sense.ForgeCount - Created
[   279ms] DEBUG 0.Sense.NexusCount - Created
[   279ms] DEBUG 0.T.POSH_StarCraftBot.behaviours.BuildingControl.ForgeCount+POSH_StarCraftBot.behaviours.BuildingControl.NexusCount - Created
[   279ms] DEBUG 0.CE.buildForge - Created
[   279ms] DEBUG 0.CP.TwoGateDarkTemplarBuild - Created
[   279ms] DEBUG 0.Sense.ProbeCount - Created
[   279ms] DEBUG 0.Sense.NexusCount - Created
[   279ms] DEBUG 0.T.POSH_StarCraftBot.behaviours.UnitControl.ProbeCount+POSH_StarCraftBot.behaviours.BuildingControl.NexusCount - Created
[   279ms] DEBUG 0.Action.BuildNaturalProbe - Created
[   279ms] DEBUG 0.CE.buildProbes - Created
[   279ms] DEBUG 0.CP.TwoGateDarkTemplarBuild - Created
[   279ms] DEBUG 0.Sense.NexusCount - Created
[   279ms] DEBUG 0.Sense.AssimilatorCount - Created
[   279ms] DEBUG 0.T.POSH_StarCraftBot.behaviours.BuildingControl.NexusCount+POSH_StarCraftBot.behaviours.BuildingControl.AssimilatorCount - Created
[   279ms] DEBUG 0.CE.buildAssimilator - Created
[   280ms] DEBUG 0.CP.TwoGateDarkTemplarBuild - Created
[   280ms] DEBUG 0.Sense.ProbeCount - Created
[   280ms] DEBUG 0.Sense.AssimilatorCount - Created
[   280ms] DEBUG 0.T.POSH_StarCraftBot.behaviours.UnitControl.ProbeCount+POSH_StarCraftBot.behaviours.BuildingControl.AssimilatorCount - Created
[   280ms] DEBUG 0.Action.BuildNaturalProbe - Created
[   280ms] DEBUG 0.CE.buildProbes - Created
[   280ms] DEBUG 0.CP.TwoGateDarkTemplarBuild - Created
[   280ms] DEBUG 0.Sense.NexusCount - Created
[   280ms] DEBUG 0.Sense.GatewayCount - Created
[   280ms] DEBUG 0.T.POSH_StarCraftBot.behaviours.BuildingControl.NexusCount+POSH_StarCraftBot.behaviours.BuildingControl.GatewayCount - Created
[   280ms] DEBUG 0.CE.buildMoreGateways - Created
[   280ms] DEBUG 0.CP.TwoGateDarkTemplarBuild - Created
[   280ms] DEBUG 0.Sense.ArchivesCount - Created
[   280ms] DEBUG 0.Sense.RoboticsFacilityCount - Created
[   280ms] DEBUG 0.T.POSH_StarCraftBot.behaviours.BuildingControl.ArchivesCount+POSH_StarCraftBot.behaviours.BuildingControl.RoboticsFacilityCount - Created
[   280ms] DEBUG 0.CE.buildRoboticsFacility - Created
[   280ms] DEBUG 0.CP.TwoGateDarkTemplarBuild - Created
[   280ms] DEBUG 0.Sense.RoboticsFacilityCount - Created
[   280ms] DEBUG 0.Sense.ObservatoryCount - Created
[   280ms] DEBUG 0.T.POSH_StarCraftBot.behaviours.BuildingControl.RoboticsFacilityCount+POSH_StarCraftBot.behaviours.BuildingControl.ObservatoryCount - Created
[   280ms] DEBUG 0.CE.buildObservatory - Created
[   280ms] DEBUG 0.CP.TwoGateDarkTemplarBuild - Created
[   280ms] DEBUG 0.Sense.EnterMidGame - Created
[   280ms] DEBUG 0.Sense.StargateCount - Created
[   280ms] DEBUG 0.T.POSH_StarCraftBot.behaviours.CombatControl.EnterMidGame+POSH_StarCraftBot.behaviours.BuildingControl.StargateCount - Created
[   280ms] DEBUG 0.CE.buildStargate - Created
[   281ms] DEBUG 0.CP.TwoGateDarkTemplarBuild - Created
[   281ms] DEBUG 0.C.TwoGateDarkTemplarBuild - Reset
[   281ms] DEBUG 0.CP.TwoGateDarkTemplarBuild - Reset
[   281ms] DEBUG 0.CP.TwoGateDarkTemplarBuild - Reset
[   281ms] DEBUG 0.CP.TwoGateDarkTemplarBuild - Reset
[   281ms] DEBUG 0.CP.TwoGateDarkTemplarBuild - Reset
[   281ms] DEBUG 0.CP.TwoGateDarkTemplarBuild - Reset
[   281ms] DEBUG 0.CP.TwoGateDarkTemplarBuild - Reset
[   281ms] DEBUG 0.CP.TwoGateDarkTemplarBuild - Reset
[   281ms] DEBUG 0.CP.TwoGateDarkTemplarBuild - Reset
[   281ms] DEBUG 0.CP.TwoGateDarkTemplarBuild - Reset
[   281ms] DEBUG 0.CP.TwoGateDarkTemplarBuild - Reset
[   281ms] DEBUG 0.CP.TwoGateDarkTemplarBuild - Reset
[   281ms] DEBUG 0.CP.TwoGateDarkTemplarBuild - Reset
[   281ms] DEBUG 0.CP.TwoGateDarkTemplarBuild - Reset
[   281ms] DEBUG 0.CP.TwoGateDarkTemplarBuild - Reset
[   281ms] DEBUG 0.CP.TwoGateDarkTemplarBuild - Reset
[   281ms] DEBUG 0.CP.TwoGateDarkTemplarBuild - Reset
[   281ms] DEBUG 0.CP.TwoGateDarkTemplarBuild - Reset
[   281ms] DEBUG 0.CP.TwoGateDarkTemplarBuild - Reset
[   281ms] DEBUG 0.CP.TwoGateDarkTemplarBuild - Reset
[   281ms] DEBUG 0.CP.TwoGateDarkTemplarBuild - Reset
[   281ms] DEBUG 0.CP.TwoGateDarkTemplarBuild - Reset
[   281ms] DEBUG 0.CP.TwoGateDarkTemplarBuild - Reset
[   281ms] DEBUG 0.CP.TwoGateDarkTemplarBuild - Reset
[   281ms] DEBUG 0.CP.TwoGateDarkTemplarBuild - Reset
[   281ms] DEBUG 0.CP.TwoGateDarkTemplarBuild - Reset
[   281ms] DEBUG 0.CP.TwoGateDarkTemplarBuild - Reset
[   281ms] DEBUG 0.CP.TwoGateDarkTemplarBuild - Reset
[   281ms] DEBUG 0.Sense.HaveOberverUpgrade - Created
[   281ms] DEBUG 0.Sense.ObservatoryCount - Created
[   281ms] DEBUG 0.Sense.IsObservatoryResearching - Created
[   281ms] DEBUG 0.T.POSH_StarCraftBot.behaviours.ResourceControl.HaveOberverUpgrade+POSH_StarCraftBot.behaviours.BuildingControl.ObservatoryCount+POSH_StarCraftBot.behaviours.ResourceControl.IsObservatoryResearching - Created
[   281ms] DEBUG 0.Action.ObserverUpgrade - Created
[   281ms] DEBUG 0.CE.resGroundWep - Created
[   281ms] DEBUG 0.CP.ObserverResearch - Created
[   281ms] DEBUG 0.C.ObserverResearch - Reset
[   281ms] DEBUG 0.CP.ObserverResearch - Reset
[   281ms] DEBUG 0.Sense.HaveDragoonRange - Created
[   281ms] DEBUG 0.T.POSH_StarCraftBot.behaviours.ResourceControl.HaveDragoonRange - Created
[   281ms] DEBUG 0.Action.DragoonRangeUpgrade - Created
[   281ms] DEBUG 0.CE.researchRange - Created
[   281ms] DEBUG 0.CP.FastExpandResearch - Created
[   281ms] DEBUG 0.Sense.HaveShield - Created
[   281ms] DEBUG 0.Sense.ForgeCount - Created
[   281ms] DEBUG 0.Sense.IsForgeResearching - Created
[   281ms] DEBUG 0.T.POSH_StarCraftBot.behaviours.ResourceControl.HaveShield+POSH_StarCraftBot.behaviours.BuildingControl.ForgeCount+POSH_StarCraftBot.behaviours.ResourceControl.IsForgeResearching - Created
[   281ms] DEBUG 0.Action.ShieldUpgrade - Created
[   281ms] DEBUG 0.CE.resShields - Created
[   281ms] DEBUG 0.CP.FastExpandResearch - Created
[   281ms] DEBUG 0.Sense.HaveGroundWep - Created
[   281ms] DEBUG 0.Sense.CyberneticsCoreCount - Created
[   281ms] DEBUG 0.Sense.IsCoreResearching - Created
[   282ms] DEBUG 0.T.POSH_StarCraftBot.behaviours.ResourceControl.HaveGroundWep+POSH_StarCraftBot.behaviours.BuildingControl.CyberneticsCoreCount+POSH_StarCraftBot.behaviours.ResourceControl.IsCoreResearching - Created
[   282ms] DEBUG 0.Action.GroundWepUpgrade - Created
[   282ms] DEBUG 0.CE.resGroundWep - Created
[   282ms] DEBUG 0.CP.FastExpandResearch - Created
[   282ms] DEBUG 0.Sense.HaveShield - Created
[   282ms] DEBUG 0.Sense.HaveGroundWep - Created
[   282ms] DEBUG 0.Sense.HaveDragoonRange - Created
[   282ms] DEBUG 0.Sense.HaveOberverUpgrade - Created
[   282ms] DEBUG 0.T.POSH_StarCraftBot.behaviours.ResourceControl.HaveShield+POSH_StarCraftBot.behaviours.ResourceControl.HaveGroundWep+POSH_StarCraftBot.behaviours.ResourceControl.HaveDragoonRange+POSH_StarCraftBot.behaviours.ResourceControl.HaveOberverUpgrade - Created
[   282ms] DEBUG 0.Action.DoNotNeedResearch - Created
[   282ms] DEBUG 0.CE.needResearch - Created
[   282ms] DEBUG 0.CP.FastExpandResearch - Created
[   282ms] DEBUG 0.C.FastExpandResearch - Reset
[   282ms] DEBUG 0.CP.FastExpandResearch - Reset
[   282ms] DEBUG 0.CP.FastExpandResearch - Reset
[   282ms] DEBUG 0.CP.FastExpandResearch - Reset
[   282ms] DEBUG 0.CP.FastExpandResearch - Reset
[   282ms] DEBUG 0.Sense.ZealotCount - Created
[   282ms] DEBUG 0.Sense.CanTrainZealot - Created
[   282ms] DEBUG 0.T.POSH_StarCraftBot.behaviours.UnitControl.ZealotCount+POSH_StarCraftBot.behaviours.UnitControl.CanTrainZealot - Created
[   282ms] DEBUG 0.Action.TrainZealot - Created
[   282ms] DEBUG 0.CE.trainZealot - Created
[   282ms] DEBUG 0.CP.FastExpandForce - Created
[   282ms] DEBUG 0.Sense.ZealotCount - Created
[   282ms] DEBUG 0.Sense.CyberneticsCoreCount - Created
[   282ms] DEBUG 0.Sense.CanTrainZealot - Created
[   282ms] DEBUG 0.T.POSH_StarCraftBot.behaviours.UnitControl.ZealotCount+POSH_StarCraftBot.behaviours.BuildingControl.CyberneticsCoreCount+POSH_StarCraftBot.behaviours.UnitControl.CanTrainZealot - Created
[   282ms] DEBUG 0.Action.TrainZealot - Created
[   282ms] DEBUG 0.CE.trainZealot - Created
[   282ms] DEBUG 0.CP.FastExpandForce - Created
[   282ms] DEBUG 0.Sense.DragoonCount - Created
[   282ms] DEBUG 0.Sense.CyberneticsCoreCount - Created
[   282ms] DEBUG 0.T.POSH_StarCraftBot.behaviours.UnitControl.DragoonCount+POSH_StarCraftBot.behaviours.BuildingControl.CyberneticsCoreCount - Created
[   282ms] DEBUG 0.Action.TrainDragoon - Created
[   282ms] DEBUG 0.CE.trainDragoon - Created
[   282ms] DEBUG 0.CP.FastExpandForce - Created
[   282ms] DEBUG 0.Sense.DragoonCount - Created
[   282ms] DEBUG 0.Sense.CitadelCount - Created
[   282ms] DEBUG 0.T.POSH_StarCraftBot.behaviours.UnitControl.DragoonCount+POSH_StarCraftBot.behaviours.BuildingControl.CitadelCount - Created
[   282ms] DEBUG 0.Action.TrainDragoon - Created
[   282ms] DEBUG 0.CE.trainDragoon - Created
[   282ms] DEBUG 0.CP.FastExpandForce - Created
[   282ms] DEBUG 0.Sense.ArchivesCount - Created
[   282ms] DEBUG 0.Sense.CanTrainZealot - Created
[   282ms] DEBUG 0.T.POSH_StarCraftBot.behaviours.BuildingControl.ArchivesCount+POSH_StarCraftBot.behaviours.UnitControl.CanTrainZealot - Created
[   282ms] DEBUG 0.Action.StopZealot - Created
[   283ms] DEBUG 0.CE.stopZealot - Created
[   283ms] DEBUG 0.CP.FastExpandForce - Created
[   283ms] DEBUG 0.Sense.DarkTemplarCount - Created
[   283ms] DEBUG 0.Sense.ArchivesCount - Created
[   283ms] DEBUG 0.T.POSH_StarCraftBot.behaviours.UnitControl.DarkTemplarCount+POSH_StarCraftBot.behaviours.BuildingControl.ArchivesCount - Created
[   283ms] DEBUG 0.Action.TrainDarkTemplar - Created
[   283ms] DEBUG 0.CE.trainDark - Created
[   283ms] DEBUG 0.CP.FastExpandForce - Created
[   283ms] DEBUG 0.Sense.ObserverCount - Created
[   283ms] DEBUG 0.Sense.ObservatoryCount - Created
[   283ms] DEBUG 0.T.POSH_StarCraftBot.behaviours.UnitControl.ObserverCount+POSH_StarCraftBot.behaviours.BuildingControl.ObservatoryCount - Created
[   283ms] DEBUG 0.Action.TrainObserver - Created
[   283ms] DEBUG 0.CE.trainObserver - Created
[   283ms] DEBUG 0.CP.FastExpandForce - Created
[   283ms] DEBUG 0.C.FastExpandForce - Reset
[   283ms] DEBUG 0.CP.FastExpandForce - Reset
[   283ms] DEBUG 0.CP.FastExpandForce - Reset
[   283ms] DEBUG 0.CP.FastExpandForce - Reset
[   283ms] DEBUG 0.CP.FastExpandForce - Reset
[   283ms] DEBUG 0.CP.FastExpandForce - Reset
[   283ms] DEBUG 0.CP.FastExpandForce - Reset
[   283ms] DEBUG 0.CP.FastExpandForce - Reset
[   283ms] DEBUG 0.Sense.NexusCount - Created
[   283ms] DEBUG 0.T.POSH_StarCraftBot.behaviours.BuildingControl.NexusCount - Created
[   283ms] DEBUG 0.CE.buildNexus - Created
[   283ms] DEBUG 0.CP.FastExpandBuild - Created
[   283ms] DEBUG 0.Sense.PylonConstructing - Created
[   283ms] DEBUG 0.Sense.AvailableSupply - Created
[   283ms] DEBUG 0.T.POSH_StarCraftBot.behaviours.BuildingControl.PylonConstructing+POSH_StarCraftBot.behaviours.ResourceControl.AvailableSupply - Created
[   283ms] DEBUG 0.CE.buildSupplyPylon - Created
[   283ms] DEBUG 0.CP.FastExpandBuild - Created
[   283ms] DEBUG 0.Sense.ProbeCount - Created
[   283ms] DEBUG 0.T.POSH_StarCraftBot.behaviours.UnitControl.ProbeCount - Created
[   283ms] DEBUG 0.Action.BuildProbe - Created
[   283ms] DEBUG 0.CE.buildProbes - Created
[   283ms] DEBUG 0.CP.FastExpandBuild - Created
[   283ms] DEBUG 0.Sense.GatewayCount - Created
[   283ms] DEBUG 0.Sense.PylonCount - Created
[   283ms] DEBUG 0.T.POSH_StarCraftBot.behaviours.BuildingControl.GatewayCount+POSH_StarCraftBot.behaviours.BuildingControl.PylonCount - Created
[   283ms] DEBUG 0.CE.buildFirstGateway - Created
[   283ms] DEBUG 0.CP.FastExpandBuild - Created
[   283ms] DEBUG 0.Sense.ForgeCount - Created
[   283ms] DEBUG 0.Sense.PylonCount - Created
[   283ms] DEBUG 0.T.POSH_StarCraftBot.behaviours.BuildingControl.ForgeCount+POSH_StarCraftBot.behaviours.BuildingControl.PylonCount - Created
[   283ms] DEBUG 0.CE.buildForge - Created
[   283ms] DEBUG 0.CP.FastExpandBuild - Created
[   283ms] DEBUG 0.Sense.ForgeCount - Created
[   283ms] DEBUG 0.Sense.CannonCount - Created
[   284ms] DEBUG 0.T.POSH_StarCraftBot.behaviours.BuildingControl.ForgeCount+POSH_StarCraftBot.behaviours.BuildingControl.CannonCount - Created
[   284ms] DEBUG 0.CE.buildBaseCannon - Created
[   284ms] DEBUG 0.CP.FastExpandBuild - Created
[   284ms] DEBUG 0.Sense.ProbeCount - Created
[   284ms] DEBUG 0.T.POSH_StarCraftBot.behaviours.UnitControl.ProbeCount - Created
[   284ms] DEBUG 0.Action.BuildProbe - Created
[   284ms] DEBUG 0.CE.buildProbes - Created
[   284ms] DEBUG 0.CP.FastExpandBuild - Created
[   284ms] DEBUG 0.Sense.AssimilatorCount - Created
[   284ms] DEBUG 0.Sense.GatewayCount - Created
[   284ms] DEBUG 0.T.POSH_StarCraftBot.behaviours.BuildingControl.AssimilatorCount+POSH_StarCraftBot.behaviours.BuildingControl.GatewayCount - Created
[   284ms] DEBUG 0.CE.buildAssimilator - Created
[   284ms] DEBUG 0.CP.FastExpandBuild - Created
[   284ms] DEBUG 0.Sense.ProbeCount - Created
[   284ms] DEBUG 0.T.POSH_StarCraftBot.behaviours.UnitControl.ProbeCount - Created
[   284ms] DEBUG 0.Action.BuildProbe - Created
[   284ms] DEBUG 0.CE.buildProbes - Created
[   284ms] DEBUG 0.CP.FastExpandBuild - Created
[   284ms] DEBUG 0.Sense.CyberneticsCoreCount - Created
[   284ms] DEBUG 0.T.POSH_StarCraftBot.behaviours.BuildingControl.CyberneticsCoreCount - Created
[   284ms] DEBUG 0.CE.buildCyberneticsCore - Created
[   284ms] DEBUG 0.CP.FastExpandBuild - Created
[   284ms] DEBUG 0.Sense.ProbeCount - Created
[   284ms] DEBUG 0.T.POSH_StarCraftBot.behaviours.UnitControl.ProbeCount - Created
[   284ms] DEBUG 0.Action.BuildProbe - Created
[   284ms] DEBUG 0.CE.buildProbes - Created
[   284ms] DEBUG 0.CP.FastExpandBuild - Created
[   284ms] DEBUG 0.Sense.CyberneticsCoreCount - Created
[   284ms] DEBUG 0.Sense.CitadelCount - Created
[   284ms] DEBUG 0.T.POSH_StarCraftBot.behaviours.BuildingControl.CyberneticsCoreCount+POSH_StarCraftBot.behaviours.BuildingControl.CitadelCount - Created
[   284ms] DEBUG 0.CE.buildCitadel - Created
[   284ms] DEBUG 0.CP.FastExpandBuild - Created
[   284ms] DEBUG 0.Sense.ProbeCount - Created
[   284ms] DEBUG 0.T.POSH_StarCraftBot.behaviours.UnitControl.ProbeCount - Created
[   284ms] DEBUG 0.Action.BuildProbe - Created
[   284ms] DEBUG 0.CE.buildProbes - Created
[   284ms] DEBUG 0.CP.FastExpandBuild - Created
[   284ms] DEBUG 0.Sense.CitadelCount - Created
[   284ms] DEBUG 0.Sense.GatewayCount - Created
[   284ms] DEBUG 0.T.POSH_StarCraftBot.behaviours.BuildingControl.CitadelCount+POSH_StarCraftBot.behaviours.BuildingControl.GatewayCount - Created
[   284ms] DEBUG 0.CE.buildSecondGateway - Created
[   284ms] DEBUG 0.CP.FastExpandBuild - Created
[   284ms] DEBUG 0.Sense.ProbeCount - Created
[   284ms] DEBUG 0.T.POSH_StarCraftBot.behaviours.UnitControl.ProbeCount - Created
[   284ms] DEBUG 0.Action.BuildProbe - Created
[   284ms] DEBUG 0.CE.buildProbes - Created
[   284ms] DEBUG 0.CP.FastExpandBuild - Created
[   284ms] DEBUG 0.Sense.ArchivesCount - Created
[   285ms] DEBUG 0.T.POSH_StarCraftBot.behaviours.BuildingControl.ArchivesCount - Created
[   285ms] DEBUG 0.CE.buildArchives - Created
[   285ms] DEBUG 0.CP.FastExpandBuild - Created
[   285ms] DEBUG 0.Sense.ProbeCount - Created
[   285ms] DEBUG 0.T.POSH_StarCraftBot.behaviours.UnitControl.ProbeCount - Created
[   285ms] DEBUG 0.Action.BuildProbe - Created
[   285ms] DEBUG 0.CE.buildProbes - Created
[   285ms] DEBUG 0.CP.FastExpandBuild - Created
[   285ms] DEBUG 0.Sense.ForgeCount - Created
[   285ms] DEBUG 0.Sense.CannonCount - Created
[   285ms] DEBUG 0.T.POSH_StarCraftBot.behaviours.BuildingControl.ForgeCount+POSH_StarCraftBot.behaviours.BuildingControl.CannonCount - Created
[   285ms] DEBUG 0.CE.buildNaturalCannon - Created
[   285ms] DEBUG 0.CP.FastExpandBuild - Created
[   285ms] DEBUG 0.Sense.ProbeCount - Created
[   285ms] DEBUG 0.T.POSH_StarCraftBot.behaviours.UnitControl.ProbeCount - Created
[   285ms] DEBUG 0.Action.BuildProbe - Created
[   285ms] DEBUG 0.CE.buildProbes - Created
[   285ms] DEBUG 0.CP.FastExpandBuild - Created
[   285ms] DEBUG 0.Sense.PylonConstructing - Created
[   285ms] DEBUG 0.Sense.NaturalFound - Created
[   285ms] DEBUG 0.Sense.HasNaturalPylon - Created
[   285ms] DEBUG 0.T.POSH_StarCraftBot.behaviours.BuildingControl.PylonConstructing+POSH_StarCraftBot.behaviours.StrategyControl.NaturalFound+POSH_StarCraftBot.behaviours.BuildingControl.HasNaturalPylon - Created
[   285ms] DEBUG 0.CE.buildNaturalPylon - Created
[   285ms] DEBUG 0.CP.FastExpandBuild - Created
[   285ms] DEBUG 0.Sense.ProbeCount - Created
[   285ms] DEBUG 0.T.POSH_StarCraftBot.behaviours.UnitControl.ProbeCount - Created
[   285ms] DEBUG 0.Action.BuildProbe - Created
[   285ms] DEBUG 0.CE.buildProbes - Created
[   285ms] DEBUG 0.CP.FastExpandBuild - Created
[   285ms] DEBUG 0.Sense.NexusCount - Created
[   285ms] DEBUG 0.Sense.NexusCount - Created
[   285ms] DEBUG 0.Sense.NaturalFound - Created
[   285ms] DEBUG 0.T.POSH_StarCraftBot.behaviours.BuildingControl.NexusCount+POSH_StarCraftBot.behaviours.BuildingControl.NexusCount+POSH_StarCraftBot.behaviours.StrategyControl.NaturalFound - Created
[   285ms] DEBUG 0.CE.buildNaturalNexus - Created
[   285ms] DEBUG 0.CP.FastExpandBuild - Created
[   285ms] DEBUG 0.Sense.NaturalFound - Created
[   285ms] DEBUG 0.Sense.HasNaturalPylon - Created
[   285ms] DEBUG 0.Sense.CannonCount - Created
[   285ms] DEBUG 0.T.POSH_StarCraftBot.behaviours.StrategyControl.NaturalFound+POSH_StarCraftBot.behaviours.BuildingControl.HasNaturalPylon+POSH_StarCraftBot.behaviours.BuildingControl.CannonCount - Created
[   285ms] DEBUG 0.CE.buildNaturalCannon - Created
[   285ms] DEBUG 0.CP.FastExpandBuild - Created
[   285ms] DEBUG 0.Sense.ProbeCount - Created
[   285ms] DEBUG 0.Sense.NexusCount - Created
[   285ms] DEBUG 0.T.POSH_StarCraftBot.behaviours.UnitControl.ProbeCount+POSH_StarCraftBot.behaviours.BuildingControl.NexusCount - Created
[   286ms] DEBUG 0.Action.BuildNaturalProbe - Created
[   286ms] DEBUG 0.CE.buildProbes - Created
[   286ms] DEBUG 0.CP.FastExpandBuild - Created
[   286ms] DEBUG 0.Sense.NexusCount - Created
[   286ms] DEBUG 0.Sense.AssimilatorCount - Created
[   286ms] DEBUG 0.T.POSH_StarCraftBot.behaviours.BuildingControl.NexusCount+POSH_StarCraftBot.behaviours.BuildingControl.AssimilatorCount - Created
[   286ms] DEBUG 0.CE.buildAssimilator - Created
[   286ms] DEBUG 0.CP.FastExpandBuild - Created
[   286ms] DEBUG 0.Sense.ProbeCount - Created
[   286ms] DEBUG 0.Sense.NexusCount - Created
[   286ms] DEBUG 0.T.POSH_StarCraftBot.behaviours.UnitControl.ProbeCount+POSH_StarCraftBot.behaviours.BuildingControl.NexusCount - Created
[   286ms] DEBUG 0.Action.BuildNaturalProbe - Created
[   286ms] DEBUG 0.CE.buildProbes - Created
[   286ms] DEBUG 0.CP.FastExpandBuild - Created
[   286ms] DEBUG 0.Sense.NexusCount - Created
[   286ms] DEBUG 0.Sense.GatewayCount - Created
[   286ms] DEBUG 0.T.POSH_StarCraftBot.behaviours.BuildingControl.NexusCount+POSH_StarCraftBot.behaviours.BuildingControl.GatewayCount - Created
[   286ms] DEBUG 0.CE.buildMoreGateways - Created
[   286ms] DEBUG 0.CP.FastExpandBuild - Created
[   286ms] DEBUG 0.Sense.ArchivesCount - Created
[   286ms] DEBUG 0.Sense.RoboticsFacilityCount - Created
[   286ms] DEBUG 0.T.POSH_StarCraftBot.behaviours.BuildingControl.ArchivesCount+POSH_StarCraftBot.behaviours.BuildingControl.RoboticsFacilityCount - Created
[   286ms] DEBUG 0.CE.buildRoboticsFacility - Created
[   286ms] DEBUG 0.CP.FastExpandBuild - Created
[   286ms] DEBUG 0.Sense.RoboticsFacilityCount - Created
[   286ms] DEBUG 0.Sense.ObservatoryCount - Created
[   286ms] DEBUG 0.T.POSH_StarCraftBot.behaviours.BuildingControl.RoboticsFacilityCount+POSH_StarCraftBot.behaviours.BuildingControl.ObservatoryCount - Created
[   286ms] DEBUG 0.CE.buildObservatory - Created
[   286ms] DEBUG 0.CP.FastExpandBuild - Created
[   286ms] DEBUG 0.C.FastExpandBuild - Reset
[   286ms] DEBUG 0.CP.FastExpandBuild - Reset
[   286ms] DEBUG 0.CP.FastExpandBuild - Reset
[   286ms] DEBUG 0.CP.FastExpandBuild - Reset
[   286ms] DEBUG 0.CP.FastExpandBuild - Reset
[   286ms] DEBUG 0.CP.FastExpandBuild - Reset
[   286ms] DEBUG 0.CP.FastExpandBuild - Reset
[   286ms] DEBUG 0.CP.FastExpandBuild - Reset
[   286ms] DEBUG 0.CP.FastExpandBuild - Reset
[   286ms] DEBUG 0.CP.FastExpandBuild - Reset
[   286ms] DEBUG 0.CP.FastExpandBuild - Reset
[   286ms] DEBUG 0.CP.FastExpandBuild - Reset
[   286ms] DEBUG 0.CP.FastExpandBuild - Reset
[   286ms] DEBUG 0.CP.FastExpandBuild - Reset
[   286ms] DEBUG 0.CP.FastExpandBuild - Reset
[   286ms] DEBUG 0.CP.FastExpandBuild - Reset
[   286ms] DEBUG 0.CP.FastExpandBuild - Reset
[   286ms] DEBUG 0.CP.FastExpandBuild - Reset
[   286ms] DEBUG 0.CP.FastExpandBuild - Reset
[   286ms] DEBUG 0.CP.FastExpandBuild - Reset
[   286ms] DEBUG 0.CP.FastExpandBuild - Reset
[   286ms] DEBUG 0.CP.FastExpandBuild - Reset
[   286ms] DEBUG 0.CP.FastExpandBuild - Reset
[   286ms] DEBUG 0.CP.FastExpandBuild - Reset
[   286ms] DEBUG 0.CP.FastExpandBuild - Reset
[   286ms] DEBUG 0.CP.FastExpandBuild - Reset
[   286ms] DEBUG 0.CP.FastExpandBuild - Reset
[   286ms] DEBUG 0.CP.FastExpandBuild - Reset
[   286ms] DEBUG 0.CP.FastExpandBuild - Reset
[   286ms] DEBUG 0.CP.FastExpandBuild - Reset
[   288ms] DEBUG 0.Action.RetreatForce - Created
[   288ms] DEBUG 0.AP.flee  - Reset
[   288ms] DEBUG 0.Action.Idle - Created
[   288ms] DEBUG 0.AP.idle  - Reset
[   288ms] DEBUG 0.Action.SelectAllUnits - Created
[   289ms] DEBUG 0.Action.AttackZerg - Created
[   289ms] DEBUG 0.AP.attackZerg - Reset
[   289ms] DEBUG 0.Action.SelectAllUnits - Created
[   289ms] DEBUG 0.Action.AttackTerran - Created
[   289ms] DEBUG 0.AP.attackTerran - Reset
[   289ms] DEBUG 0.Action.SelectAllUnits - Created
[   289ms] DEBUG 0.Action.AttackProtoss - Created
[   289ms] DEBUG 0.AP.attackProtoss - Reset
[   289ms] DEBUG 0.Action.SelectAllUnits - Created
[   289ms] DEBUG 0.Action.DefendZerg - Created
[   289ms] DEBUG 0.AP.defendZerg - Reset
[   289ms] DEBUG 0.Action.SelectAllUnits - Created
[   289ms] DEBUG 0.Action.DefendTerran - Created
[   289ms] DEBUG 0.AP.defendTerran - Reset
[   289ms] DEBUG 0.Action.SelectAllUnits - Created
[   289ms] DEBUG 0.Action.DefendProtoss - Created
[   289ms] DEBUG 0.AP.defendProtoss - Reset
[   289ms] DEBUG 0.Action.SelectNatural - Created
[   289ms] DEBUG 0.Action.PositionNexus - Created
[   289ms] DEBUG 0.Action.BuildNexus - Created
[   289ms] DEBUG 0.AP.naturalNexus - Reset
[   289ms] DEBUG 0.Action.SelectStartBase - Created
[   289ms] DEBUG 0.Action.PositionNexus - Created
[   289ms] DEBUG 0.Action.BuildNexus - Created
[   289ms] DEBUG 0.AP.buildNexus - Reset
[   289ms] DEBUG 0.Action.SelectStartBase - Created
[   289ms] DEBUG 0.Action.PositionPylon - Created
[   289ms] DEBUG 0.Action.BuildPylon - Created
[   289ms] DEBUG 0.AP.buildBasePylon - Reset
[   289ms] DEBUG 0.Action.SelectNatural - Created
[   289ms] DEBUG 0.Action.PositionPylon - Created
[   289ms] DEBUG 0.Action.BuildPylon - Created
[   289ms] DEBUG 0.AP.buildNaturalPylon - Reset
[   289ms] DEBUG 0.Action.SelectNaturalChokeBuild - Created
[   289ms] DEBUG 0.Action.PositionPylon - Created
[   289ms] DEBUG 0.Action.BuildPylon - Created
[   289ms] DEBUG 0.AP.buildNaturalChokePylon - Reset
[   289ms] DEBUG 0.Action.SelectChokeBuild - Created
[   289ms] DEBUG 0.Action.PositionPylon - Created
[   289ms] DEBUG 0.Action.BuildPylon - Created
[   290ms] DEBUG 0.AP.buildChokePylon - Reset
[   290ms] DEBUG 0.Action.SelectNatural - Created
[   290ms] DEBUG 0.Action.PositionCannon - Created
[   290ms] DEBUG 0.Action.BuildCannon - Created
[   290ms] DEBUG 0.AP.buildNaturalCannon - Reset
[   290ms] DEBUG 0.Action.SelectStartBase - Created
[   290ms] DEBUG 0.Action.PositionCannon - Created
[   290ms] DEBUG 0.Action.BuildCannon - Created
[   290ms] DEBUG 0.AP.buildBaseCannon - Reset
[   290ms] DEBUG 0.Action.SelectNaturalChokeBuild - Created
[   290ms] DEBUG 0.Action.PositionCannon - Created
[   290ms] DEBUG 0.Action.BuildCannon - Created
[   290ms] DEBUG 0.AP.buildNaturalChokeCannon - Reset
[   290ms] DEBUG 0.Action.SelectStartBase - Created
[   290ms] DEBUG 0.Action.PositionForge - Created
[   290ms] DEBUG 0.Action.BuildForge - Created
[   290ms] DEBUG 0.AP.buildForge - Reset
[   290ms] DEBUG 0.Action.SelectStartBase - Created
[   290ms] DEBUG 0.Action.PositionCyberneticsCore - Created
[   290ms] DEBUG 0.Action.BuildCyberneticsCore - Created
[   290ms] DEBUG 0.AP.buildCyberneticsCore - Reset
[   290ms] DEBUG 0.Action.SelectStartBase - Created
[   290ms] DEBUG 0.Action.PositionGateway - Created
[   290ms] DEBUG 0.Action.BuildGateway - Created
[   290ms] DEBUG 0.AP.buildGateway - Reset
[   290ms] DEBUG 0.Action.SelectChokeBuild - Created
[   290ms] DEBUG 0.Action.PositionGateway - Created
[   290ms] DEBUG 0.Action.BuildGateway - Created
[   290ms] DEBUG 0.AP.buildChokeGateway - Reset
[   290ms] DEBUG 0.Action.SelectStartBase - Created
[   290ms] DEBUG 0.Action.PositionArchives - Created
[   290ms] DEBUG 0.Action.BuildArchives - Created
[   290ms] DEBUG 0.AP.buildArchives - Reset
[   290ms] DEBUG 0.Action.SelectStartBase - Created
[   290ms] DEBUG 0.Action.PositionCitadel - Created
[   290ms] DEBUG 0.Action.BuildCitadel - Created
[   290ms] DEBUG 0.AP.buildCitadel - Reset
[   290ms] DEBUG 0.Action.SelectStartBase - Created
[   290ms] DEBUG 0.Action.SelectAssimilatorLocation - Created
[   290ms] DEBUG 0.Action.BuildAssimilator - Created
[   290ms] DEBUG 0.AP.buildAssimilator - Reset
[   290ms] DEBUG 0.Action.SelectNatural - Created
[   291ms] DEBUG 0.Action.SelectAssimilatorLocation - Created
[   291ms] DEBUG 0.Action.BuildAssimilator - Created
[   291ms] DEBUG 0.AP.buildNaturalAssimilator - Reset
[   291ms] DEBUG 0.Action.SelectStartBase - Created
[   291ms] DEBUG 0.Action.PositionRoboticsFacility - Created
[   291ms] DEBUG 0.Action.BuildRoboticsFacility - Created
[   291ms] DEBUG 0.AP.buildRoboticsFacility - Reset
[   291ms] DEBUG 0.Action.SelectStartBase - Created
[   291ms] DEBUG 0.Action.PositionObservatory - Created
[   291ms] DEBUG 0.Action.BuildObservatory - Created
[   291ms] DEBUG 0.AP.buildObservatory - Reset
[   291ms] DEBUG 0.Action.SelectStartBase - Created
[   291ms] DEBUG 0.Action.TrainDragoon - Created
[   291ms] DEBUG 0.AP.dragoon - Reset
[   291ms] DEBUG 0.Action.TrainZealot - Created
[   291ms] DEBUG 0.Action.StopZealot - Created
[   291ms] DEBUG 0.AP.trainZealot - Reset
[   291ms] DEBUG 0.Action.SelectStartBase - Created
[   291ms] DEBUG 0.Action.TrainCorsair - Created
[   291ms] DEBUG 0.AP.corsair - Reset
[   291ms] DEBUG 0.Action.SelectProbeScout - Created
[   291ms] DEBUG 0.Action.ProbeToNatural - Created
[   291ms] DEBUG 0.AP.probeScoutToNatural - Reset
[   291ms] DEBUG 0.Action.SelectChokeForceLocation - Created
[   291ms] DEBUG 0.Action.SelectAllUnits - Created
[   291ms] DEBUG 0.Action.MoveForceNatural - Created
[   291ms] DEBUG 0.AP.moveArmyToChoke - Reset
[   291ms] DEBUG 0.Action.SelectStartBase - Created
[   291ms] DEBUG 0.Action.PositionStargate - Created
[   291ms] DEBUG 0.Action.BuildStargate - Created
[   291ms] DEBUG 0.AP.buildStargate - Reset
[   291ms] DEBUG 0.Action.SelectStartBase - Created
[   291ms] DEBUG 0.Action.PositionFleetbeacon - Created
[   291ms] DEBUG 0.Action.BuildFleetbeacon - Created
[   291ms] DEBUG 0.AP.buildFleetbeacon - Reset
[   293ms] DEBUG 0.Sense.GameRunning - Created
[   293ms] DEBUG 0.T.POSH_StarCraftBot.behaviours.StrategyControl.GameRunning - Created
[   293ms] DEBUG 0.Sense.DarkTemplarCount - Created
[   293ms] DEBUG 0.Sense.EnemyDetected - Created
[   293ms] DEBUG 0.T.POSH_StarCraftBot.behaviours.UnitControl.DarkTemplarCount+POSH_StarCraftBot.behaviours.CombatControl.EnemyDetected - Created
[   293ms] DEBUG 0.Action.ForceScouting - Created
[   294ms] DEBUG 0.DE.defend - Created
[   294ms] DEBUG 0.DP.EighteenNexusOpening - Created
[   294ms] DEBUG 0.Sense.ArchivesCount - Created
[   294ms] DEBUG 0.Sense.NaturalFound - Created
[   294ms] DEBUG 0.T.POSH_StarCraftBot.behaviours.BuildingControl.ArchivesCount+POSH_StarCraftBot.behaviours.StrategyControl.NaturalFound - Created
[   294ms] DEBUG 0.DE.scout - Created
[   294ms] DEBUG 0.DP.EighteenNexusOpening - Created
[   294ms] DEBUG 0.Sense.IdleProbes - Created
[   294ms] DEBUG 0.T.POSH_StarCraftBot.behaviours.UnitControl.IdleProbes - Created
[   294ms] DEBUG 0.DE.harvest - Created
[   294ms] DEBUG 0.DP.EighteenNexusOpening - Created
[   294ms] DEBUG 0.Sense.ForceIsLosing - Created
[   294ms] DEBUG 0.T.POSH_StarCraftBot.behaviours.CombatControl.ForceIsLosing - Created
[   294ms] DEBUG 0.DE.retreat - Created
[   294ms] DEBUG 0.DP.EighteenNexusOpening - Created
[   294ms] DEBUG 0.Sense.ObservatoryCount - Created
[   294ms] DEBUG 0.Sense.HaveOberverUpgrade - Created
[   295ms] DEBUG 0.T.POSH_StarCraftBot.behaviours.BuildingControl.ObservatoryCount+POSH_StarCraftBot.behaviours.ResourceControl.HaveOberverUpgrade - Created
[   295ms] DEBUG 0.DE.researchObserver - Created
[   295ms] DEBUG 0.DP.EighteenNexusOpening - Created
[   295ms] DEBUG 0.Sense.EnemyRace - Created
[   295ms] DEBUG 0.Sense.EnemyDetected - Created
[   295ms] DEBUG 0.Sense.BaseUnderAttack - Created
[   295ms] DEBUG 0.T.POSH_StarCraftBot.behaviours.StrategyControl.EnemyRace+POSH_StarCraftBot.behaviours.CombatControl.EnemyDetected+POSH_StarCraftBot.behaviours.CombatControl.BaseUnderAttack - Created
[   295ms] DEBUG 0.Action.DefendZerg - Created
[   295ms] DEBUG 0.DE.defend - Created
[   295ms] DEBUG 0.DP.EighteenNexusOpening - Created
[   295ms] DEBUG 0.Sense.ZealotCount - Created
[   295ms] DEBUG 0.Sense.ObservatoryCount - Created
[   295ms] DEBUG 0.Sense.EnemyRace - Created
[   295ms] DEBUG 0.T.POSH_StarCraftBot.behaviours.UnitControl.ZealotCount+POSH_StarCraftBot.behaviours.BuildingControl.ObservatoryCount+POSH_StarCraftBot.behaviours.StrategyControl.EnemyRace - Created
[   295ms] DEBUG 0.DE.attackZergEarly - Created
[   295ms] DEBUG 0.DP.EighteenNexusOpening - Created
[   295ms] DEBUG 0.Sense.DarkTemplarCount - Created
[   295ms] DEBUG 0.Sense.ObservatoryCount - Created
[   295ms] DEBUG 0.Sense.EnemyRace - Created
[   295ms] DEBUG 0.T.POSH_StarCraftBot.behaviours.UnitControl.DarkTemplarCount+POSH_StarCraftBot.behaviours.BuildingControl.ObservatoryCount+POSH_StarCraftBot.behaviours.StrategyControl.EnemyRace - Created
[   295ms] DEBUG 0.DE.attackZerg - Created
[   295ms] DEBUG 0.DP.EighteenNexusOpening - Created
[   295ms] DEBUG 0.Sense.DarkTemplarCount - Created
[   295ms] DEBUG 0.Sense.ObservatoryCount - Created
[   295ms] DEBUG 0.Sense.ObserverCount - Created
[   295ms] DEBUG 0.Sense.EnemyRace - Created
[   295ms] DEBUG 0.T.POSH_StarCraftBot.behaviours.UnitControl.DarkTemplarCount+POSH_StarCraftBot.behaviours.BuildingControl.ObservatoryCount+POSH_StarCraftBot.behaviours.UnitControl.ObserverCount+POSH_StarCraftBot.behaviours.StrategyControl.EnemyRace - Created
[   295ms] DEBUG 0.DE.attackZerg - Created
[   295ms] DEBUG 0.DP.EighteenNexusOpening - Created
[   295ms] DEBUG 0.Sense.CitadelCount - Created
[   295ms] DEBUG 0.Sense.NeedResearch - Created
[   296ms] DEBUG 0.Sense.EnemyRace - Created
[   296ms] DEBUG 0.T.POSH_StarCraftBot.behaviours.BuildingControl.CitadelCount+POSH_StarCraftBot.behaviours.ResourceControl.NeedResearch+POSH_StarCraftBot.behaviours.StrategyControl.EnemyRace - Created
[   296ms] DEBUG 0.DE.researchZerg - Created
[   296ms] DEBUG 0.DP.EighteenNexusOpening - Created
[   296ms] DEBUG 0.Sense.GatewayCount - Created
[   296ms] DEBUG 0.Sense.AvailableSupply - Created
[   296ms] DEBUG 0.Sense.EnemyRace - Created
[   296ms] DEBUG 0.T.POSH_StarCraftBot.behaviours.BuildingControl.GatewayCount+POSH_StarCraftBot.behaviours.ResourceControl.AvailableSupply+POSH_StarCraftBot.behaviours.StrategyControl.EnemyRace - Created
[   296ms] DEBUG 0.DE.createForceZerg - Created
[   296ms] DEBUG 0.DP.EighteenNexusOpening - Created
[   296ms] DEBUG 0.Sense.NeedBuilding - Created
[   296ms] DEBUG 0.Sense.EnemyRace - Created
[   296ms] DEBUG 0.T.POSH_StarCraftBot.behaviours.BuildingControl.NeedBuilding+POSH_StarCraftBot.behaviours.StrategyControl.EnemyRace - Created
[   296ms] DEBUG 0.DE.buildZerg - Created
[   296ms] DEBUG 0.DP.EighteenNexusOpening - Created
[   296ms] DEBUG 0.Sense.EnemyDetected - Created
[   296ms] DEBUG 0.Sense.BaseUnderAttack - Created
[   296ms] DEBUG 0.T.POSH_StarCraftBot.behaviours.CombatControl.EnemyDetected+POSH_StarCraftBot.behaviours.CombatControl.BaseUnderAttack - Created
[   296ms] DEBUG 0.Action.DefendTerran - Created
[   296ms] DEBUG 0.DE.defend - Created
[   296ms] DEBUG 0.DP.EighteenNexusOpening - Created
[   296ms] DEBUG 0.Sense.DarkTemplarCount - Created
[   296ms] DEBUG 0.Sense.EnemyRace - Created
[   296ms] DEBUG 0.Sense.BaseUnderAttack - Created
[   296ms] DEBUG 0.T.POSH_StarCraftBot.behaviours.UnitControl.DarkTemplarCount+POSH_StarCraftBot.behaviours.StrategyControl.EnemyRace+POSH_StarCraftBot.behaviours.CombatControl.BaseUnderAttack - Created
[   296ms] DEBUG 0.DE.attackTerran - Created
[   296ms] DEBUG 0.DP.EighteenNexusOpening - Created
[   296ms] DEBUG 0.Sense.ForgeCount - Created
[   296ms] DEBUG 0.Sense.NeedResearch - Created
[   296ms] DEBUG 0.Sense.EnemyRace - Created
[   296ms] DEBUG 0.T.POSH_StarCraftBot.behaviours.BuildingControl.ForgeCount+POSH_StarCraftBot.behaviours.ResourceControl.NeedResearch+POSH_StarCraftBot.behaviours.StrategyControl.EnemyRace - Created
[   296ms] DEBUG 0.DE.researchTerran - Created
[   296ms] DEBUG 0.DP.EighteenNexusOpening - Created
[   296ms] DEBUG 0.Sense.GatewayCount - Created
[   296ms] DEBUG 0.Sense.AvailableSupply - Created
[   296ms] DEBUG 0.Sense.EnemyRace - Created
[   296ms] DEBUG 0.T.POSH_StarCraftBot.behaviours.BuildingControl.GatewayCount+POSH_StarCraftBot.behaviours.ResourceControl.AvailableSupply+POSH_StarCraftBot.behaviours.StrategyControl.EnemyRace - Created
[   296ms] DEBUG 0.DE.createForceTerran - Created
[   296ms] DEBUG 0.DP.EighteenNexusOpening - Created
[   296ms] DEBUG 0.Sense.EnterMidGame - Created
[   296ms] DEBUG 0.Sense.AvailableSupply - Created
[   297ms] DEBUG 0.Sense.EnemyRace - Created
[   297ms] DEBUG 0.T.POSH_StarCraftBot.behaviours.CombatControl.EnterMidGame+POSH_StarCraftBot.behaviours.ResourceControl.AvailableSupply+POSH_StarCraftBot.behaviours.StrategyControl.EnemyRace - Created
[   297ms] DEBUG 0.DE.createForceTerranMidGame - Created
[   297ms] DEBUG 0.DP.EighteenNexusOpening - Created
[   297ms] DEBUG 0.Sense.NeedBuilding - Created
[   297ms] DEBUG 0.Sense.EnemyRace - Created
[   297ms] DEBUG 0.T.POSH_StarCraftBot.behaviours.BuildingControl.NeedBuilding+POSH_StarCraftBot.behaviours.StrategyControl.EnemyRace - Created
[   297ms] DEBUG 0.DE.buildTerran - Created
[   297ms] DEBUG 0.DP.EighteenNexusOpening - Created
[   297ms] DEBUG 0.Sense.EnemyRace - Created
[   297ms] DEBUG 0.Sense.EnemyDetected - Created
[   297ms] DEBUG 0.Sense.BaseUnderAttack - Created
[   297ms] DEBUG 0.T.POSH_StarCraftBot.behaviours.StrategyControl.EnemyRace+POSH_StarCraftBot.behaviours.CombatControl.EnemyDetected+POSH_StarCraftBot.behaviours.CombatControl.BaseUnderAttack - Created
[   297ms] DEBUG 0.Action.DefendProtoss - Created
[   297ms] DEBUG 0.DE.defend - Created
[   297ms] DEBUG 0.DP.EighteenNexusOpening - Created
[   297ms] DEBUG 0.Sense.NaturalFound - Created
[   297ms] DEBUG 0.Sense.EnemyRace - Created
[   297ms] DEBUG 0.Sense.ForgeCount - Created
[   297ms] DEBUG 0.T.POSH_StarCraftBot.behaviours.StrategyControl.NaturalFound+POSH_StarCraftBot.behaviours.StrategyControl.EnemyRace+POSH_StarCraftBot.behaviours.BuildingControl.ForgeCount - Created
[   297ms] DEBUG 0.DE.scoutProtoss - Created
[   297ms] DEBUG 0.DP.EighteenNexusOpening - Created
[   297ms] DEBUG 0.Sense.DarkTemplarCount - Created
[   297ms] DEBUG 0.Sense.EnemyRace - Created
[   297ms] DEBUG 0.T.POSH_StarCraftBot.behaviours.UnitControl.DarkTemplarCount+POSH_StarCraftBot.behaviours.StrategyControl.EnemyRace - Created
[   297ms] DEBUG 0.DE.attackProtoss - Created
[   297ms] DEBUG 0.DP.EighteenNexusOpening - Created
[   297ms] DEBUG 0.Sense.ArchivesCount - Created
[   297ms] DEBUG 0.Sense.IsForgeResearching - Created
[   297ms] DEBUG 0.Sense.NeedResearch - Created
[   297ms] DEBUG 0.Sense.EnemyRace - Created
[   297ms] DEBUG 0.T.POSH_StarCraftBot.behaviours.BuildingControl.ArchivesCount+POSH_StarCraftBot.behaviours.ResourceControl.IsForgeResearching+POSH_StarCraftBot.behaviours.ResourceControl.NeedResearch+POSH_StarCraftBot.behaviours.StrategyControl.EnemyRace - Created
[   297ms] DEBUG 0.DE.researchProtoss - Created
[   297ms] DEBUG 0.DP.EighteenNexusOpening - Created
[   297ms] DEBUG 0.Sense.GatewayCount - Created
[   297ms] DEBUG 0.Sense.AvailableSupply - Created
[   297ms] DEBUG 0.Sense.EnemyRace - Created
[   297ms] DEBUG 0.T.POSH_StarCraftBot.behaviours.BuildingControl.GatewayCount+POSH_StarCraftBot.behaviours.ResourceControl.AvailableSupply+POSH_StarCraftBot.behaviours.StrategyControl.EnemyRace - Created
[   297ms] DEBUG 0.DE.createForceProtoss - Created
[   297ms] DEBUG 0.DP.EighteenNexusOpening - Created
[   297ms] DEBUG 0.Sense.NeedBuilding - Created
[   298ms] DEBUG 0.Sense.EnemyRace - Created
[   298ms] DEBUG 0.T.POSH_StarCraftBot.behaviours.BuildingControl.NeedBuilding+POSH_StarCraftBot.behaviours.StrategyControl.EnemyRace - Created
[   298ms] DEBUG 0.DE.buildProtoss - Created
[   298ms] DEBUG 0.DP.EighteenNexusOpening - Created
[   298ms] DEBUG 0.Sense.Success - Created
[   298ms] DEBUG 0.T.POSH_StarCraftBot.Core.Success - Created
[   298ms] DEBUG 0.DE.wait  - Created
[   298ms] DEBUG 0.DP.EighteenNexusOpening - Created
[   298ms] DEBUG 0.SDC.EighteenNexusOpening - Created
[   299ms] DEBUG 0          - Resetting the behaviours
[   299ms] DEBUG 0          - Resetting behaviour POSH_StarCraftBot.behaviours.StrategyControl
[   299ms] DEBUG 0          - Resetting behaviour POSH_StarCraftBot.Core
